[2026-03-11T08:09:36.754+0000] {processor.py:161} INFO - Started process (PID=72) to work on /home/airflow/.local/lib/python3.12/site-packages/airflow/example_dags/example_task_group_decorator.py
[2026-03-11T08:09:36.756+0000] {processor.py:830} INFO - Processing file /home/airflow/.local/lib/python3.12/site-packages/airflow/example_dags/example_task_group_decorator.py for tasks to queue
[2026-03-11T08:09:36.760+0000] {logging_mixin.py:188} INFO - [2026-03-11T08:09:36.759+0000] {dagbag.py:545} INFO - Filling up the DagBag from /home/airflow/.local/lib/python3.12/site-packages/airflow/example_dags/example_task_group_decorator.py
[2026-03-11T08:09:36.803+0000] {processor.py:840} INFO - DAG(s) 'example_task_group_decorator' retrieved from /home/airflow/.local/lib/python3.12/site-packages/airflow/example_dags/example_task_group_decorator.py
[2026-03-11T08:09:37.070+0000] {logging_mixin.py:188} INFO - [2026-03-11T08:09:37.070+0000] {dag.py:3096} INFO - Sync 1 DAGs
[2026-03-11T08:09:37.105+0000] {logging_mixin.py:188} INFO - [2026-03-11T08:09:37.104+0000] {dag.py:3954} INFO - Setting next_dagrun for example_task_group_decorator to 2026-03-10 00:00:00+00:00, run_after=2026-03-11 00:00:00+00:00
[2026-03-11T08:09:37.147+0000] {processor.py:183} INFO - Processing /home/airflow/.local/lib/python3.12/site-packages/airflow/example_dags/example_task_group_decorator.py took 0.400 seconds
[2026-03-11T08:10:07.430+0000] {processor.py:161} INFO - Started process (PID=129) to work on /home/airflow/.local/lib/python3.12/site-packages/airflow/example_dags/example_task_group_decorator.py
[2026-03-11T08:10:07.431+0000] {processor.py:830} INFO - Processing file /home/airflow/.local/lib/python3.12/site-packages/airflow/example_dags/example_task_group_decorator.py for tasks to queue
[2026-03-11T08:10:07.435+0000] {logging_mixin.py:188} INFO - [2026-03-11T08:10:07.434+0000] {dagbag.py:545} INFO - Filling up the DagBag from /home/airflow/.local/lib/python3.12/site-packages/airflow/example_dags/example_task_group_decorator.py
[2026-03-11T08:10:07.461+0000] {processor.py:840} INFO - DAG(s) 'example_task_group_decorator' retrieved from /home/airflow/.local/lib/python3.12/site-packages/airflow/example_dags/example_task_group_decorator.py
[2026-03-11T08:10:07.502+0000] {logging_mixin.py:188} INFO - [2026-03-11T08:10:07.501+0000] {dag.py:3096} INFO - Sync 1 DAGs
[2026-03-11T08:10:07.537+0000] {logging_mixin.py:188} INFO - [2026-03-11T08:10:07.536+0000] {dag.py:3954} INFO - Setting next_dagrun for example_task_group_decorator to 2026-03-10 00:00:00+00:00, run_after=2026-03-11 00:00:00+00:00
[2026-03-11T08:10:07.564+0000] {processor.py:183} INFO - Processing /home/airflow/.local/lib/python3.12/site-packages/airflow/example_dags/example_task_group_decorator.py took 0.143 seconds
[2026-03-11T08:10:38.621+0000] {processor.py:161} INFO - Started process (PID=187) to work on /home/airflow/.local/lib/python3.12/site-packages/airflow/example_dags/example_task_group_decorator.py
[2026-03-11T08:10:38.622+0000] {processor.py:830} INFO - Processing file /home/airflow/.local/lib/python3.12/site-packages/airflow/example_dags/example_task_group_decorator.py for tasks to queue
[2026-03-11T08:10:38.625+0000] {logging_mixin.py:188} INFO - [2026-03-11T08:10:38.624+0000] {dagbag.py:545} INFO - Filling up the DagBag from /home/airflow/.local/lib/python3.12/site-packages/airflow/example_dags/example_task_group_decorator.py
[2026-03-11T08:10:38.647+0000] {processor.py:840} INFO - DAG(s) 'example_task_group_decorator' retrieved from /home/airflow/.local/lib/python3.12/site-packages/airflow/example_dags/example_task_group_decorator.py
[2026-03-11T08:10:38.687+0000] {logging_mixin.py:188} INFO - [2026-03-11T08:10:38.686+0000] {dag.py:3096} INFO - Sync 1 DAGs
[2026-03-11T08:10:38.717+0000] {logging_mixin.py:188} INFO - [2026-03-11T08:10:38.717+0000] {dag.py:3954} INFO - Setting next_dagrun for example_task_group_decorator to 2026-03-10 00:00:00+00:00, run_after=2026-03-11 00:00:00+00:00
[2026-03-11T08:10:38.749+0000] {processor.py:183} INFO - Processing /home/airflow/.local/lib/python3.12/site-packages/airflow/example_dags/example_task_group_decorator.py took 0.136 seconds
[2026-03-11T08:11:09.514+0000] {processor.py:161} INFO - Started process (PID=243) to work on /home/airflow/.local/lib/python3.12/site-packages/airflow/example_dags/example_task_group_decorator.py
[2026-03-11T08:11:09.517+0000] {processor.py:830} INFO - Processing file /home/airflow/.local/lib/python3.12/site-packages/airflow/example_dags/example_task_group_decorator.py for tasks to queue
[2026-03-11T08:11:09.521+0000] {logging_mixin.py:188} INFO - [2026-03-11T08:11:09.520+0000] {dagbag.py:545} INFO - Filling up the DagBag from /home/airflow/.local/lib/python3.12/site-packages/airflow/example_dags/example_task_group_decorator.py
[2026-03-11T08:11:09.562+0000] {processor.py:840} INFO - DAG(s) 'example_task_group_decorator' retrieved from /home/airflow/.local/lib/python3.12/site-packages/airflow/example_dags/example_task_group_decorator.py
[2026-03-11T08:11:09.620+0000] {logging_mixin.py:188} INFO - [2026-03-11T08:11:09.619+0000] {dag.py:3096} INFO - Sync 1 DAGs
[2026-03-11T08:11:09.669+0000] {logging_mixin.py:188} INFO - [2026-03-11T08:11:09.669+0000] {dag.py:3954} INFO - Setting next_dagrun for example_task_group_decorator to 2026-03-10 00:00:00+00:00, run_after=2026-03-11 00:00:00+00:00
[2026-03-11T08:11:09.719+0000] {processor.py:183} INFO - Processing /home/airflow/.local/lib/python3.12/site-packages/airflow/example_dags/example_task_group_decorator.py took 0.218 seconds
[2026-03-11T08:11:39.882+0000] {processor.py:161} INFO - Started process (PID=301) to work on /home/airflow/.local/lib/python3.12/site-packages/airflow/example_dags/example_task_group_decorator.py
[2026-03-11T08:11:39.884+0000] {processor.py:830} INFO - Processing file /home/airflow/.local/lib/python3.12/site-packages/airflow/example_dags/example_task_group_decorator.py for tasks to queue
[2026-03-11T08:11:39.888+0000] {logging_mixin.py:188} INFO - [2026-03-11T08:11:39.887+0000] {dagbag.py:545} INFO - Filling up the DagBag from /home/airflow/.local/lib/python3.12/site-packages/airflow/example_dags/example_task_group_decorator.py
[2026-03-11T08:11:39.915+0000] {processor.py:840} INFO - DAG(s) 'example_task_group_decorator' retrieved from /home/airflow/.local/lib/python3.12/site-packages/airflow/example_dags/example_task_group_decorator.py
[2026-03-11T08:11:39.968+0000] {logging_mixin.py:188} INFO - [2026-03-11T08:11:39.968+0000] {dag.py:3096} INFO - Sync 1 DAGs
[2026-03-11T08:11:40.017+0000] {logging_mixin.py:188} INFO - [2026-03-11T08:11:40.017+0000] {dag.py:3954} INFO - Setting next_dagrun for example_task_group_decorator to 2026-03-10 00:00:00+00:00, run_after=2026-03-11 00:00:00+00:00
[2026-03-11T08:11:40.059+0000] {processor.py:183} INFO - Processing /home/airflow/.local/lib/python3.12/site-packages/airflow/example_dags/example_task_group_decorator.py took 0.189 seconds
[2026-03-11T08:12:10.291+0000] {processor.py:161} INFO - Started process (PID=353) to work on /home/airflow/.local/lib/python3.12/site-packages/airflow/example_dags/example_task_group_decorator.py
[2026-03-11T08:12:10.294+0000] {processor.py:830} INFO - Processing file /home/airflow/.local/lib/python3.12/site-packages/airflow/example_dags/example_task_group_decorator.py for tasks to queue
[2026-03-11T08:12:10.299+0000] {logging_mixin.py:188} INFO - [2026-03-11T08:12:10.299+0000] {dagbag.py:545} INFO - Filling up the DagBag from /home/airflow/.local/lib/python3.12/site-packages/airflow/example_dags/example_task_group_decorator.py
[2026-03-11T08:12:10.333+0000] {processor.py:840} INFO - DAG(s) 'example_task_group_decorator' retrieved from /home/airflow/.local/lib/python3.12/site-packages/airflow/example_dags/example_task_group_decorator.py
[2026-03-11T08:12:10.374+0000] {logging_mixin.py:188} INFO - [2026-03-11T08:12:10.373+0000] {dag.py:3096} INFO - Sync 1 DAGs
[2026-03-11T08:12:10.401+0000] {logging_mixin.py:188} INFO - [2026-03-11T08:12:10.401+0000] {dag.py:3954} INFO - Setting next_dagrun for example_task_group_decorator to 2026-03-10 00:00:00+00:00, run_after=2026-03-11 00:00:00+00:00
[2026-03-11T08:12:10.423+0000] {processor.py:183} INFO - Processing /home/airflow/.local/lib/python3.12/site-packages/airflow/example_dags/example_task_group_decorator.py took 0.161 seconds
[2026-03-11T08:12:40.676+0000] {processor.py:161} INFO - Started process (PID=411) to work on /home/airflow/.local/lib/python3.12/site-packages/airflow/example_dags/example_task_group_decorator.py
[2026-03-11T08:12:40.678+0000] {processor.py:830} INFO - Processing file /home/airflow/.local/lib/python3.12/site-packages/airflow/example_dags/example_task_group_decorator.py for tasks to queue
[2026-03-11T08:12:40.681+0000] {logging_mixin.py:188} INFO - [2026-03-11T08:12:40.680+0000] {dagbag.py:545} INFO - Filling up the DagBag from /home/airflow/.local/lib/python3.12/site-packages/airflow/example_dags/example_task_group_decorator.py
[2026-03-11T08:12:40.697+0000] {processor.py:840} INFO - DAG(s) 'example_task_group_decorator' retrieved from /home/airflow/.local/lib/python3.12/site-packages/airflow/example_dags/example_task_group_decorator.py
[2026-03-11T08:12:40.731+0000] {logging_mixin.py:188} INFO - [2026-03-11T08:12:40.730+0000] {dag.py:3096} INFO - Sync 1 DAGs
[2026-03-11T08:12:40.761+0000] {logging_mixin.py:188} INFO - [2026-03-11T08:12:40.760+0000] {dag.py:3954} INFO - Setting next_dagrun for example_task_group_decorator to 2026-03-10 00:00:00+00:00, run_after=2026-03-11 00:00:00+00:00
[2026-03-11T08:12:40.785+0000] {processor.py:183} INFO - Processing /home/airflow/.local/lib/python3.12/site-packages/airflow/example_dags/example_task_group_decorator.py took 0.120 seconds
[2026-03-11T08:13:11.160+0000] {processor.py:161} INFO - Started process (PID=469) to work on /home/airflow/.local/lib/python3.12/site-packages/airflow/example_dags/example_task_group_decorator.py
[2026-03-11T08:13:11.163+0000] {processor.py:830} INFO - Processing file /home/airflow/.local/lib/python3.12/site-packages/airflow/example_dags/example_task_group_decorator.py for tasks to queue
[2026-03-11T08:13:11.167+0000] {logging_mixin.py:188} INFO - [2026-03-11T08:13:11.167+0000] {dagbag.py:545} INFO - Filling up the DagBag from /home/airflow/.local/lib/python3.12/site-packages/airflow/example_dags/example_task_group_decorator.py
[2026-03-11T08:13:11.185+0000] {processor.py:840} INFO - DAG(s) 'example_task_group_decorator' retrieved from /home/airflow/.local/lib/python3.12/site-packages/airflow/example_dags/example_task_group_decorator.py
[2026-03-11T08:13:11.223+0000] {logging_mixin.py:188} INFO - [2026-03-11T08:13:11.223+0000] {dag.py:3096} INFO - Sync 1 DAGs
[2026-03-11T08:13:11.249+0000] {logging_mixin.py:188} INFO - [2026-03-11T08:13:11.249+0000] {dag.py:3954} INFO - Setting next_dagrun for example_task_group_decorator to 2026-03-10 00:00:00+00:00, run_after=2026-03-11 00:00:00+00:00
[2026-03-11T08:13:11.275+0000] {processor.py:183} INFO - Processing /home/airflow/.local/lib/python3.12/site-packages/airflow/example_dags/example_task_group_decorator.py took 0.126 seconds
[2026-03-11T08:13:41.828+0000] {processor.py:161} INFO - Started process (PID=527) to work on /home/airflow/.local/lib/python3.12/site-packages/airflow/example_dags/example_task_group_decorator.py
[2026-03-11T08:13:41.832+0000] {processor.py:830} INFO - Processing file /home/airflow/.local/lib/python3.12/site-packages/airflow/example_dags/example_task_group_decorator.py for tasks to queue
[2026-03-11T08:13:41.839+0000] {logging_mixin.py:188} INFO - [2026-03-11T08:13:41.839+0000] {dagbag.py:545} INFO - Filling up the DagBag from /home/airflow/.local/lib/python3.12/site-packages/airflow/example_dags/example_task_group_decorator.py
[2026-03-11T08:13:41.872+0000] {processor.py:840} INFO - DAG(s) 'example_task_group_decorator' retrieved from /home/airflow/.local/lib/python3.12/site-packages/airflow/example_dags/example_task_group_decorator.py
[2026-03-11T08:13:41.922+0000] {logging_mixin.py:188} INFO - [2026-03-11T08:13:41.921+0000] {dag.py:3096} INFO - Sync 1 DAGs
[2026-03-11T08:13:41.965+0000] {logging_mixin.py:188} INFO - [2026-03-11T08:13:41.965+0000] {dag.py:3954} INFO - Setting next_dagrun for example_task_group_decorator to 2026-03-10 00:00:00+00:00, run_after=2026-03-11 00:00:00+00:00
[2026-03-11T08:13:42.018+0000] {processor.py:183} INFO - Processing /home/airflow/.local/lib/python3.12/site-packages/airflow/example_dags/example_task_group_decorator.py took 0.202 seconds
[2026-03-11T08:14:12.637+0000] {processor.py:161} INFO - Started process (PID=585) to work on /home/airflow/.local/lib/python3.12/site-packages/airflow/example_dags/example_task_group_decorator.py
[2026-03-11T08:14:12.639+0000] {processor.py:830} INFO - Processing file /home/airflow/.local/lib/python3.12/site-packages/airflow/example_dags/example_task_group_decorator.py for tasks to queue
[2026-03-11T08:14:12.644+0000] {logging_mixin.py:188} INFO - [2026-03-11T08:14:12.643+0000] {dagbag.py:545} INFO - Filling up the DagBag from /home/airflow/.local/lib/python3.12/site-packages/airflow/example_dags/example_task_group_decorator.py
[2026-03-11T08:14:12.681+0000] {processor.py:840} INFO - DAG(s) 'example_task_group_decorator' retrieved from /home/airflow/.local/lib/python3.12/site-packages/airflow/example_dags/example_task_group_decorator.py
[2026-03-11T08:14:12.720+0000] {logging_mixin.py:188} INFO - [2026-03-11T08:14:12.720+0000] {dag.py:3096} INFO - Sync 1 DAGs
[2026-03-11T08:14:12.749+0000] {logging_mixin.py:188} INFO - [2026-03-11T08:14:12.749+0000] {dag.py:3954} INFO - Setting next_dagrun for example_task_group_decorator to 2026-03-10 00:00:00+00:00, run_after=2026-03-11 00:00:00+00:00
[2026-03-11T08:14:12.773+0000] {processor.py:183} INFO - Processing /home/airflow/.local/lib/python3.12/site-packages/airflow/example_dags/example_task_group_decorator.py took 0.151 seconds
[2026-03-11T08:14:42.931+0000] {processor.py:161} INFO - Started process (PID=642) to work on /home/airflow/.local/lib/python3.12/site-packages/airflow/example_dags/example_task_group_decorator.py
[2026-03-11T08:14:42.932+0000] {processor.py:830} INFO - Processing file /home/airflow/.local/lib/python3.12/site-packages/airflow/example_dags/example_task_group_decorator.py for tasks to queue
[2026-03-11T08:14:42.936+0000] {logging_mixin.py:188} INFO - [2026-03-11T08:14:42.936+0000] {dagbag.py:545} INFO - Filling up the DagBag from /home/airflow/.local/lib/python3.12/site-packages/airflow/example_dags/example_task_group_decorator.py
[2026-03-11T08:14:42.961+0000] {processor.py:840} INFO - DAG(s) 'example_task_group_decorator' retrieved from /home/airflow/.local/lib/python3.12/site-packages/airflow/example_dags/example_task_group_decorator.py
[2026-03-11T08:14:42.996+0000] {logging_mixin.py:188} INFO - [2026-03-11T08:14:42.995+0000] {dag.py:3096} INFO - Sync 1 DAGs
[2026-03-11T08:14:43.026+0000] {logging_mixin.py:188} INFO - [2026-03-11T08:14:43.026+0000] {dag.py:3954} INFO - Setting next_dagrun for example_task_group_decorator to 2026-03-10 00:00:00+00:00, run_after=2026-03-11 00:00:00+00:00
[2026-03-11T08:14:43.049+0000] {processor.py:183} INFO - Processing /home/airflow/.local/lib/python3.12/site-packages/airflow/example_dags/example_task_group_decorator.py took 0.131 seconds
