[2026-03-11T08:09:35.349+0000] {processor.py:161} INFO - Started process (PID=66) to work on /home/airflow/.local/lib/python3.12/site-packages/airflow/example_dags/example_branch_datetime_operator.py
[2026-03-11T08:09:35.351+0000] {processor.py:830} INFO - Processing file /home/airflow/.local/lib/python3.12/site-packages/airflow/example_dags/example_branch_datetime_operator.py for tasks to queue
[2026-03-11T08:09:35.355+0000] {logging_mixin.py:188} INFO - [2026-03-11T08:09:35.355+0000] {dagbag.py:545} INFO - Filling up the DagBag from /home/airflow/.local/lib/python3.12/site-packages/airflow/example_dags/example_branch_datetime_operator.py
[2026-03-11T08:09:35.388+0000] {processor.py:840} INFO - DAG(s) 'example_branch_datetime_operator_3', 'example_branch_datetime_operator', 'example_branch_datetime_operator_2' retrieved from /home/airflow/.local/lib/python3.12/site-packages/airflow/example_dags/example_branch_datetime_operator.py
[2026-03-11T08:09:35.783+0000] {logging_mixin.py:188} INFO - [2026-03-11T08:09:35.783+0000] {dag.py:3096} INFO - Sync 3 DAGs
[2026-03-11T08:09:35.868+0000] {logging_mixin.py:188} INFO - [2026-03-11T08:09:35.868+0000] {dag.py:3954} INFO - Setting next_dagrun for example_branch_datetime_operator to 2026-03-10 00:00:00+00:00, run_after=2026-03-11 00:00:00+00:00
[2026-03-11T08:09:35.882+0000] {logging_mixin.py:188} INFO - [2026-03-11T08:09:35.882+0000] {dag.py:3954} INFO - Setting next_dagrun for example_branch_datetime_operator_2 to 2026-03-10 00:00:00+00:00, run_after=2026-03-11 00:00:00+00:00
[2026-03-11T08:09:35.888+0000] {logging_mixin.py:188} INFO - [2026-03-11T08:09:35.886+0000] {dag.py:3954} INFO - Setting next_dagrun for example_branch_datetime_operator_3 to 2026-03-10 00:00:00+00:00, run_after=2026-03-11 00:00:00+00:00
[2026-03-11T08:09:35.933+0000] {processor.py:183} INFO - Processing /home/airflow/.local/lib/python3.12/site-packages/airflow/example_dags/example_branch_datetime_operator.py took 0.597 seconds
[2026-03-11T08:10:06.450+0000] {processor.py:161} INFO - Started process (PID=123) to work on /home/airflow/.local/lib/python3.12/site-packages/airflow/example_dags/example_branch_datetime_operator.py
[2026-03-11T08:10:06.451+0000] {processor.py:830} INFO - Processing file /home/airflow/.local/lib/python3.12/site-packages/airflow/example_dags/example_branch_datetime_operator.py for tasks to queue
[2026-03-11T08:10:06.454+0000] {logging_mixin.py:188} INFO - [2026-03-11T08:10:06.453+0000] {dagbag.py:545} INFO - Filling up the DagBag from /home/airflow/.local/lib/python3.12/site-packages/airflow/example_dags/example_branch_datetime_operator.py
[2026-03-11T08:10:06.468+0000] {processor.py:840} INFO - DAG(s) 'example_branch_datetime_operator_3', 'example_branch_datetime_operator_2', 'example_branch_datetime_operator' retrieved from /home/airflow/.local/lib/python3.12/site-packages/airflow/example_dags/example_branch_datetime_operator.py
[2026-03-11T08:10:06.510+0000] {logging_mixin.py:188} INFO - [2026-03-11T08:10:06.510+0000] {dag.py:3096} INFO - Sync 3 DAGs
[2026-03-11T08:10:06.547+0000] {logging_mixin.py:188} INFO - [2026-03-11T08:10:06.547+0000] {dag.py:3954} INFO - Setting next_dagrun for example_branch_datetime_operator to 2026-03-10 00:00:00+00:00, run_after=2026-03-11 00:00:00+00:00
[2026-03-11T08:10:06.555+0000] {logging_mixin.py:188} INFO - [2026-03-11T08:10:06.555+0000] {dag.py:3954} INFO - Setting next_dagrun for example_branch_datetime_operator_2 to 2026-03-10 00:00:00+00:00, run_after=2026-03-11 00:00:00+00:00
[2026-03-11T08:10:06.561+0000] {logging_mixin.py:188} INFO - [2026-03-11T08:10:06.561+0000] {dag.py:3954} INFO - Setting next_dagrun for example_branch_datetime_operator_3 to 2026-03-10 00:00:00+00:00, run_after=2026-03-11 00:00:00+00:00
[2026-03-11T08:10:06.586+0000] {processor.py:183} INFO - Processing /home/airflow/.local/lib/python3.12/site-packages/airflow/example_dags/example_branch_datetime_operator.py took 0.146 seconds
[2026-03-11T08:10:36.901+0000] {processor.py:161} INFO - Started process (PID=181) to work on /home/airflow/.local/lib/python3.12/site-packages/airflow/example_dags/example_branch_datetime_operator.py
[2026-03-11T08:10:36.903+0000] {processor.py:830} INFO - Processing file /home/airflow/.local/lib/python3.12/site-packages/airflow/example_dags/example_branch_datetime_operator.py for tasks to queue
[2026-03-11T08:10:36.907+0000] {logging_mixin.py:188} INFO - [2026-03-11T08:10:36.906+0000] {dagbag.py:545} INFO - Filling up the DagBag from /home/airflow/.local/lib/python3.12/site-packages/airflow/example_dags/example_branch_datetime_operator.py
[2026-03-11T08:10:36.921+0000] {processor.py:840} INFO - DAG(s) 'example_branch_datetime_operator_3', 'example_branch_datetime_operator_2', 'example_branch_datetime_operator' retrieved from /home/airflow/.local/lib/python3.12/site-packages/airflow/example_dags/example_branch_datetime_operator.py
[2026-03-11T08:10:36.999+0000] {logging_mixin.py:188} INFO - [2026-03-11T08:10:36.999+0000] {dag.py:3096} INFO - Sync 3 DAGs
[2026-03-11T08:10:37.045+0000] {logging_mixin.py:188} INFO - [2026-03-11T08:10:37.044+0000] {dag.py:3954} INFO - Setting next_dagrun for example_branch_datetime_operator to 2026-03-10 00:00:00+00:00, run_after=2026-03-11 00:00:00+00:00
[2026-03-11T08:10:37.053+0000] {logging_mixin.py:188} INFO - [2026-03-11T08:10:37.052+0000] {dag.py:3954} INFO - Setting next_dagrun for example_branch_datetime_operator_2 to 2026-03-10 00:00:00+00:00, run_after=2026-03-11 00:00:00+00:00
[2026-03-11T08:10:37.056+0000] {logging_mixin.py:188} INFO - [2026-03-11T08:10:37.056+0000] {dag.py:3954} INFO - Setting next_dagrun for example_branch_datetime_operator_3 to 2026-03-10 00:00:00+00:00, run_after=2026-03-11 00:00:00+00:00
[2026-03-11T08:10:37.084+0000] {processor.py:183} INFO - Processing /home/airflow/.local/lib/python3.12/site-packages/airflow/example_dags/example_branch_datetime_operator.py took 0.192 seconds
[2026-03-11T08:11:08.135+0000] {processor.py:161} INFO - Started process (PID=237) to work on /home/airflow/.local/lib/python3.12/site-packages/airflow/example_dags/example_branch_datetime_operator.py
[2026-03-11T08:11:08.137+0000] {processor.py:830} INFO - Processing file /home/airflow/.local/lib/python3.12/site-packages/airflow/example_dags/example_branch_datetime_operator.py for tasks to queue
[2026-03-11T08:11:08.141+0000] {logging_mixin.py:188} INFO - [2026-03-11T08:11:08.141+0000] {dagbag.py:545} INFO - Filling up the DagBag from /home/airflow/.local/lib/python3.12/site-packages/airflow/example_dags/example_branch_datetime_operator.py
[2026-03-11T08:11:08.160+0000] {processor.py:840} INFO - DAG(s) 'example_branch_datetime_operator_2', 'example_branch_datetime_operator', 'example_branch_datetime_operator_3' retrieved from /home/airflow/.local/lib/python3.12/site-packages/airflow/example_dags/example_branch_datetime_operator.py
[2026-03-11T08:11:08.219+0000] {logging_mixin.py:188} INFO - [2026-03-11T08:11:08.218+0000] {dag.py:3096} INFO - Sync 3 DAGs
[2026-03-11T08:11:08.261+0000] {logging_mixin.py:188} INFO - [2026-03-11T08:11:08.261+0000] {dag.py:3954} INFO - Setting next_dagrun for example_branch_datetime_operator to 2026-03-10 00:00:00+00:00, run_after=2026-03-11 00:00:00+00:00
[2026-03-11T08:11:08.275+0000] {logging_mixin.py:188} INFO - [2026-03-11T08:11:08.275+0000] {dag.py:3954} INFO - Setting next_dagrun for example_branch_datetime_operator_2 to 2026-03-10 00:00:00+00:00, run_after=2026-03-11 00:00:00+00:00
[2026-03-11T08:11:08.280+0000] {logging_mixin.py:188} INFO - [2026-03-11T08:11:08.280+0000] {dag.py:3954} INFO - Setting next_dagrun for example_branch_datetime_operator_3 to 2026-03-10 00:00:00+00:00, run_after=2026-03-11 00:00:00+00:00
[2026-03-11T08:11:08.310+0000] {processor.py:183} INFO - Processing /home/airflow/.local/lib/python3.12/site-packages/airflow/example_dags/example_branch_datetime_operator.py took 0.186 seconds
[2026-03-11T08:11:38.375+0000] {processor.py:161} INFO - Started process (PID=296) to work on /home/airflow/.local/lib/python3.12/site-packages/airflow/example_dags/example_branch_datetime_operator.py
[2026-03-11T08:11:38.377+0000] {processor.py:830} INFO - Processing file /home/airflow/.local/lib/python3.12/site-packages/airflow/example_dags/example_branch_datetime_operator.py for tasks to queue
[2026-03-11T08:11:38.380+0000] {logging_mixin.py:188} INFO - [2026-03-11T08:11:38.380+0000] {dagbag.py:545} INFO - Filling up the DagBag from /home/airflow/.local/lib/python3.12/site-packages/airflow/example_dags/example_branch_datetime_operator.py
[2026-03-11T08:11:38.404+0000] {processor.py:840} INFO - DAG(s) 'example_branch_datetime_operator', 'example_branch_datetime_operator_2', 'example_branch_datetime_operator_3' retrieved from /home/airflow/.local/lib/python3.12/site-packages/airflow/example_dags/example_branch_datetime_operator.py
[2026-03-11T08:11:38.454+0000] {logging_mixin.py:188} INFO - [2026-03-11T08:11:38.453+0000] {dag.py:3096} INFO - Sync 3 DAGs
[2026-03-11T08:11:38.493+0000] {logging_mixin.py:188} INFO - [2026-03-11T08:11:38.493+0000] {dag.py:3954} INFO - Setting next_dagrun for example_branch_datetime_operator to 2026-03-10 00:00:00+00:00, run_after=2026-03-11 00:00:00+00:00
[2026-03-11T08:11:38.502+0000] {logging_mixin.py:188} INFO - [2026-03-11T08:11:38.502+0000] {dag.py:3954} INFO - Setting next_dagrun for example_branch_datetime_operator_2 to 2026-03-10 00:00:00+00:00, run_after=2026-03-11 00:00:00+00:00
[2026-03-11T08:11:38.506+0000] {logging_mixin.py:188} INFO - [2026-03-11T08:11:38.506+0000] {dag.py:3954} INFO - Setting next_dagrun for example_branch_datetime_operator_3 to 2026-03-10 00:00:00+00:00, run_after=2026-03-11 00:00:00+00:00
[2026-03-11T08:11:38.534+0000] {processor.py:183} INFO - Processing /home/airflow/.local/lib/python3.12/site-packages/airflow/example_dags/example_branch_datetime_operator.py took 0.170 seconds
[2026-03-11T08:12:08.664+0000] {processor.py:161} INFO - Started process (PID=347) to work on /home/airflow/.local/lib/python3.12/site-packages/airflow/example_dags/example_branch_datetime_operator.py
[2026-03-11T08:12:08.667+0000] {processor.py:830} INFO - Processing file /home/airflow/.local/lib/python3.12/site-packages/airflow/example_dags/example_branch_datetime_operator.py for tasks to queue
[2026-03-11T08:12:08.673+0000] {logging_mixin.py:188} INFO - [2026-03-11T08:12:08.672+0000] {dagbag.py:545} INFO - Filling up the DagBag from /home/airflow/.local/lib/python3.12/site-packages/airflow/example_dags/example_branch_datetime_operator.py
[2026-03-11T08:12:08.705+0000] {processor.py:840} INFO - DAG(s) 'example_branch_datetime_operator', 'example_branch_datetime_operator_3', 'example_branch_datetime_operator_2' retrieved from /home/airflow/.local/lib/python3.12/site-packages/airflow/example_dags/example_branch_datetime_operator.py
[2026-03-11T08:12:08.753+0000] {logging_mixin.py:188} INFO - [2026-03-11T08:12:08.752+0000] {dag.py:3096} INFO - Sync 3 DAGs
[2026-03-11T08:12:08.800+0000] {logging_mixin.py:188} INFO - [2026-03-11T08:12:08.800+0000] {dag.py:3954} INFO - Setting next_dagrun for example_branch_datetime_operator to 2026-03-10 00:00:00+00:00, run_after=2026-03-11 00:00:00+00:00
[2026-03-11T08:12:08.811+0000] {logging_mixin.py:188} INFO - [2026-03-11T08:12:08.811+0000] {dag.py:3954} INFO - Setting next_dagrun for example_branch_datetime_operator_2 to 2026-03-10 00:00:00+00:00, run_after=2026-03-11 00:00:00+00:00
[2026-03-11T08:12:08.816+0000] {logging_mixin.py:188} INFO - [2026-03-11T08:12:08.815+0000] {dag.py:3954} INFO - Setting next_dagrun for example_branch_datetime_operator_3 to 2026-03-10 00:00:00+00:00, run_after=2026-03-11 00:00:00+00:00
[2026-03-11T08:12:08.857+0000] {processor.py:183} INFO - Processing /home/airflow/.local/lib/python3.12/site-packages/airflow/example_dags/example_branch_datetime_operator.py took 0.207 seconds
[2026-03-11T08:12:39.304+0000] {processor.py:161} INFO - Started process (PID=405) to work on /home/airflow/.local/lib/python3.12/site-packages/airflow/example_dags/example_branch_datetime_operator.py
[2026-03-11T08:12:39.306+0000] {processor.py:830} INFO - Processing file /home/airflow/.local/lib/python3.12/site-packages/airflow/example_dags/example_branch_datetime_operator.py for tasks to queue
[2026-03-11T08:12:39.309+0000] {logging_mixin.py:188} INFO - [2026-03-11T08:12:39.308+0000] {dagbag.py:545} INFO - Filling up the DagBag from /home/airflow/.local/lib/python3.12/site-packages/airflow/example_dags/example_branch_datetime_operator.py
[2026-03-11T08:12:39.330+0000] {processor.py:840} INFO - DAG(s) 'example_branch_datetime_operator', 'example_branch_datetime_operator_3', 'example_branch_datetime_operator_2' retrieved from /home/airflow/.local/lib/python3.12/site-packages/airflow/example_dags/example_branch_datetime_operator.py
[2026-03-11T08:12:39.369+0000] {logging_mixin.py:188} INFO - [2026-03-11T08:12:39.369+0000] {dag.py:3096} INFO - Sync 3 DAGs
[2026-03-11T08:12:39.398+0000] {logging_mixin.py:188} INFO - [2026-03-11T08:12:39.397+0000] {dag.py:3954} INFO - Setting next_dagrun for example_branch_datetime_operator to 2026-03-10 00:00:00+00:00, run_after=2026-03-11 00:00:00+00:00
[2026-03-11T08:12:39.405+0000] {logging_mixin.py:188} INFO - [2026-03-11T08:12:39.405+0000] {dag.py:3954} INFO - Setting next_dagrun for example_branch_datetime_operator_2 to 2026-03-10 00:00:00+00:00, run_after=2026-03-11 00:00:00+00:00
[2026-03-11T08:12:39.409+0000] {logging_mixin.py:188} INFO - [2026-03-11T08:12:39.408+0000] {dag.py:3954} INFO - Setting next_dagrun for example_branch_datetime_operator_3 to 2026-03-10 00:00:00+00:00, run_after=2026-03-11 00:00:00+00:00
[2026-03-11T08:12:39.439+0000] {processor.py:183} INFO - Processing /home/airflow/.local/lib/python3.12/site-packages/airflow/example_dags/example_branch_datetime_operator.py took 0.150 seconds
[2026-03-11T08:13:09.806+0000] {processor.py:161} INFO - Started process (PID=463) to work on /home/airflow/.local/lib/python3.12/site-packages/airflow/example_dags/example_branch_datetime_operator.py
[2026-03-11T08:13:09.809+0000] {processor.py:830} INFO - Processing file /home/airflow/.local/lib/python3.12/site-packages/airflow/example_dags/example_branch_datetime_operator.py for tasks to queue
[2026-03-11T08:13:09.813+0000] {logging_mixin.py:188} INFO - [2026-03-11T08:13:09.813+0000] {dagbag.py:545} INFO - Filling up the DagBag from /home/airflow/.local/lib/python3.12/site-packages/airflow/example_dags/example_branch_datetime_operator.py
[2026-03-11T08:13:09.827+0000] {processor.py:840} INFO - DAG(s) 'example_branch_datetime_operator_2', 'example_branch_datetime_operator_3', 'example_branch_datetime_operator' retrieved from /home/airflow/.local/lib/python3.12/site-packages/airflow/example_dags/example_branch_datetime_operator.py
[2026-03-11T08:13:09.860+0000] {logging_mixin.py:188} INFO - [2026-03-11T08:13:09.860+0000] {dag.py:3096} INFO - Sync 3 DAGs
[2026-03-11T08:13:09.891+0000] {logging_mixin.py:188} INFO - [2026-03-11T08:13:09.891+0000] {dag.py:3954} INFO - Setting next_dagrun for example_branch_datetime_operator to 2026-03-10 00:00:00+00:00, run_after=2026-03-11 00:00:00+00:00
[2026-03-11T08:13:09.898+0000] {logging_mixin.py:188} INFO - [2026-03-11T08:13:09.898+0000] {dag.py:3954} INFO - Setting next_dagrun for example_branch_datetime_operator_2 to 2026-03-10 00:00:00+00:00, run_after=2026-03-11 00:00:00+00:00
[2026-03-11T08:13:09.902+0000] {logging_mixin.py:188} INFO - [2026-03-11T08:13:09.902+0000] {dag.py:3954} INFO - Setting next_dagrun for example_branch_datetime_operator_3 to 2026-03-10 00:00:00+00:00, run_after=2026-03-11 00:00:00+00:00
[2026-03-11T08:13:09.946+0000] {processor.py:183} INFO - Processing /home/airflow/.local/lib/python3.12/site-packages/airflow/example_dags/example_branch_datetime_operator.py took 0.153 seconds
[2026-03-11T08:13:40.247+0000] {processor.py:161} INFO - Started process (PID=521) to work on /home/airflow/.local/lib/python3.12/site-packages/airflow/example_dags/example_branch_datetime_operator.py
[2026-03-11T08:13:40.249+0000] {processor.py:830} INFO - Processing file /home/airflow/.local/lib/python3.12/site-packages/airflow/example_dags/example_branch_datetime_operator.py for tasks to queue
[2026-03-11T08:13:40.253+0000] {logging_mixin.py:188} INFO - [2026-03-11T08:13:40.253+0000] {dagbag.py:545} INFO - Filling up the DagBag from /home/airflow/.local/lib/python3.12/site-packages/airflow/example_dags/example_branch_datetime_operator.py
[2026-03-11T08:13:40.267+0000] {processor.py:840} INFO - DAG(s) 'example_branch_datetime_operator_3', 'example_branch_datetime_operator_2', 'example_branch_datetime_operator' retrieved from /home/airflow/.local/lib/python3.12/site-packages/airflow/example_dags/example_branch_datetime_operator.py
[2026-03-11T08:13:40.328+0000] {logging_mixin.py:188} INFO - [2026-03-11T08:13:40.327+0000] {dag.py:3096} INFO - Sync 3 DAGs
[2026-03-11T08:13:40.373+0000] {logging_mixin.py:188} INFO - [2026-03-11T08:13:40.373+0000] {dag.py:3954} INFO - Setting next_dagrun for example_branch_datetime_operator to 2026-03-10 00:00:00+00:00, run_after=2026-03-11 00:00:00+00:00
[2026-03-11T08:13:40.381+0000] {logging_mixin.py:188} INFO - [2026-03-11T08:13:40.381+0000] {dag.py:3954} INFO - Setting next_dagrun for example_branch_datetime_operator_2 to 2026-03-10 00:00:00+00:00, run_after=2026-03-11 00:00:00+00:00
[2026-03-11T08:13:40.386+0000] {logging_mixin.py:188} INFO - [2026-03-11T08:13:40.385+0000] {dag.py:3954} INFO - Setting next_dagrun for example_branch_datetime_operator_3 to 2026-03-10 00:00:00+00:00, run_after=2026-03-11 00:00:00+00:00
[2026-03-11T08:13:40.425+0000] {processor.py:183} INFO - Processing /home/airflow/.local/lib/python3.12/site-packages/airflow/example_dags/example_branch_datetime_operator.py took 0.185 seconds
[2026-03-11T08:14:11.219+0000] {processor.py:161} INFO - Started process (PID=579) to work on /home/airflow/.local/lib/python3.12/site-packages/airflow/example_dags/example_branch_datetime_operator.py
[2026-03-11T08:14:11.220+0000] {processor.py:830} INFO - Processing file /home/airflow/.local/lib/python3.12/site-packages/airflow/example_dags/example_branch_datetime_operator.py for tasks to queue
[2026-03-11T08:14:11.224+0000] {logging_mixin.py:188} INFO - [2026-03-11T08:14:11.223+0000] {dagbag.py:545} INFO - Filling up the DagBag from /home/airflow/.local/lib/python3.12/site-packages/airflow/example_dags/example_branch_datetime_operator.py
[2026-03-11T08:14:11.244+0000] {processor.py:840} INFO - DAG(s) 'example_branch_datetime_operator_2', 'example_branch_datetime_operator_3', 'example_branch_datetime_operator' retrieved from /home/airflow/.local/lib/python3.12/site-packages/airflow/example_dags/example_branch_datetime_operator.py
[2026-03-11T08:14:11.280+0000] {logging_mixin.py:188} INFO - [2026-03-11T08:14:11.280+0000] {dag.py:3096} INFO - Sync 3 DAGs
[2026-03-11T08:14:11.322+0000] {logging_mixin.py:188} INFO - [2026-03-11T08:14:11.322+0000] {dag.py:3954} INFO - Setting next_dagrun for example_branch_datetime_operator to 2026-03-10 00:00:00+00:00, run_after=2026-03-11 00:00:00+00:00
[2026-03-11T08:14:11.331+0000] {logging_mixin.py:188} INFO - [2026-03-11T08:14:11.331+0000] {dag.py:3954} INFO - Setting next_dagrun for example_branch_datetime_operator_2 to 2026-03-10 00:00:00+00:00, run_after=2026-03-11 00:00:00+00:00
[2026-03-11T08:14:11.340+0000] {logging_mixin.py:188} INFO - [2026-03-11T08:14:11.337+0000] {dag.py:3954} INFO - Setting next_dagrun for example_branch_datetime_operator_3 to 2026-03-10 00:00:00+00:00, run_after=2026-03-11 00:00:00+00:00
[2026-03-11T08:14:11.386+0000] {processor.py:183} INFO - Processing /home/airflow/.local/lib/python3.12/site-packages/airflow/example_dags/example_branch_datetime_operator.py took 0.180 seconds
[2026-03-11T08:14:41.590+0000] {processor.py:161} INFO - Started process (PID=636) to work on /home/airflow/.local/lib/python3.12/site-packages/airflow/example_dags/example_branch_datetime_operator.py
[2026-03-11T08:14:41.591+0000] {processor.py:830} INFO - Processing file /home/airflow/.local/lib/python3.12/site-packages/airflow/example_dags/example_branch_datetime_operator.py for tasks to queue
[2026-03-11T08:14:41.593+0000] {logging_mixin.py:188} INFO - [2026-03-11T08:14:41.593+0000] {dagbag.py:545} INFO - Filling up the DagBag from /home/airflow/.local/lib/python3.12/site-packages/airflow/example_dags/example_branch_datetime_operator.py
[2026-03-11T08:14:41.606+0000] {processor.py:840} INFO - DAG(s) 'example_branch_datetime_operator_2', 'example_branch_datetime_operator_3', 'example_branch_datetime_operator' retrieved from /home/airflow/.local/lib/python3.12/site-packages/airflow/example_dags/example_branch_datetime_operator.py
[2026-03-11T08:14:41.638+0000] {logging_mixin.py:188} INFO - [2026-03-11T08:14:41.638+0000] {dag.py:3096} INFO - Sync 3 DAGs
[2026-03-11T08:14:41.670+0000] {logging_mixin.py:188} INFO - [2026-03-11T08:14:41.670+0000] {dag.py:3954} INFO - Setting next_dagrun for example_branch_datetime_operator to 2026-03-10 00:00:00+00:00, run_after=2026-03-11 00:00:00+00:00
[2026-03-11T08:14:41.675+0000] {logging_mixin.py:188} INFO - [2026-03-11T08:14:41.675+0000] {dag.py:3954} INFO - Setting next_dagrun for example_branch_datetime_operator_2 to 2026-03-10 00:00:00+00:00, run_after=2026-03-11 00:00:00+00:00
[2026-03-11T08:14:41.678+0000] {logging_mixin.py:188} INFO - [2026-03-11T08:14:41.677+0000] {dag.py:3954} INFO - Setting next_dagrun for example_branch_datetime_operator_3 to 2026-03-10 00:00:00+00:00, run_after=2026-03-11 00:00:00+00:00
[2026-03-11T08:14:41.710+0000] {processor.py:183} INFO - Processing /home/airflow/.local/lib/python3.12/site-packages/airflow/example_dags/example_branch_datetime_operator.py took 0.129 seconds
