[2026-03-11T08:09:46.963+0000] {processor.py:161} INFO - Started process (PID=92) to work on /home/airflow/.local/lib/python3.12/site-packages/airflow/example_dags/example_dynamic_task_mapping.py
[2026-03-11T08:09:46.966+0000] {processor.py:830} INFO - Processing file /home/airflow/.local/lib/python3.12/site-packages/airflow/example_dags/example_dynamic_task_mapping.py for tasks to queue
[2026-03-11T08:09:46.970+0000] {logging_mixin.py:188} INFO - [2026-03-11T08:09:46.969+0000] {dagbag.py:545} INFO - Filling up the DagBag from /home/airflow/.local/lib/python3.12/site-packages/airflow/example_dags/example_dynamic_task_mapping.py
[2026-03-11T08:09:46.984+0000] {processor.py:840} INFO - DAG(s) 'example_dynamic_task_mapping' retrieved from /home/airflow/.local/lib/python3.12/site-packages/airflow/example_dags/example_dynamic_task_mapping.py
[2026-03-11T08:09:47.295+0000] {logging_mixin.py:188} INFO - [2026-03-11T08:09:47.294+0000] {dag.py:3096} INFO - Sync 1 DAGs
[2026-03-11T08:09:47.362+0000] {logging_mixin.py:188} INFO - [2026-03-11T08:09:47.362+0000] {dag.py:3954} INFO - Setting next_dagrun for example_dynamic_task_mapping to 2022-03-04 00:00:00+00:00, run_after=2022-03-05 00:00:00+00:00
[2026-03-11T08:09:47.427+0000] {processor.py:183} INFO - Processing /home/airflow/.local/lib/python3.12/site-packages/airflow/example_dags/example_dynamic_task_mapping.py took 0.478 seconds
[2026-03-11T08:10:18.860+0000] {processor.py:161} INFO - Started process (PID=149) to work on /home/airflow/.local/lib/python3.12/site-packages/airflow/example_dags/example_dynamic_task_mapping.py
[2026-03-11T08:10:18.877+0000] {processor.py:830} INFO - Processing file /home/airflow/.local/lib/python3.12/site-packages/airflow/example_dags/example_dynamic_task_mapping.py for tasks to queue
[2026-03-11T08:10:18.893+0000] {logging_mixin.py:188} INFO - [2026-03-11T08:10:18.892+0000] {dagbag.py:545} INFO - Filling up the DagBag from /home/airflow/.local/lib/python3.12/site-packages/airflow/example_dags/example_dynamic_task_mapping.py
[2026-03-11T08:10:18.966+0000] {processor.py:840} INFO - DAG(s) 'example_dynamic_task_mapping' retrieved from /home/airflow/.local/lib/python3.12/site-packages/airflow/example_dags/example_dynamic_task_mapping.py
[2026-03-11T08:10:19.118+0000] {logging_mixin.py:188} INFO - [2026-03-11T08:10:19.117+0000] {dag.py:3096} INFO - Sync 1 DAGs
[2026-03-11T08:10:19.352+0000] {logging_mixin.py:188} INFO - [2026-03-11T08:10:19.352+0000] {dag.py:3954} INFO - Setting next_dagrun for example_dynamic_task_mapping to 2022-03-04 00:00:00+00:00, run_after=2022-03-05 00:00:00+00:00
[2026-03-11T08:10:19.523+0000] {processor.py:183} INFO - Processing /home/airflow/.local/lib/python3.12/site-packages/airflow/example_dags/example_dynamic_task_mapping.py took 0.726 seconds
[2026-03-11T08:10:50.356+0000] {processor.py:161} INFO - Started process (PID=207) to work on /home/airflow/.local/lib/python3.12/site-packages/airflow/example_dags/example_dynamic_task_mapping.py
[2026-03-11T08:10:50.358+0000] {processor.py:830} INFO - Processing file /home/airflow/.local/lib/python3.12/site-packages/airflow/example_dags/example_dynamic_task_mapping.py for tasks to queue
[2026-03-11T08:10:50.361+0000] {logging_mixin.py:188} INFO - [2026-03-11T08:10:50.361+0000] {dagbag.py:545} INFO - Filling up the DagBag from /home/airflow/.local/lib/python3.12/site-packages/airflow/example_dags/example_dynamic_task_mapping.py
[2026-03-11T08:10:50.373+0000] {processor.py:840} INFO - DAG(s) 'example_dynamic_task_mapping' retrieved from /home/airflow/.local/lib/python3.12/site-packages/airflow/example_dags/example_dynamic_task_mapping.py
[2026-03-11T08:10:50.402+0000] {logging_mixin.py:188} INFO - [2026-03-11T08:10:50.402+0000] {dag.py:3096} INFO - Sync 1 DAGs
[2026-03-11T08:10:50.432+0000] {logging_mixin.py:188} INFO - [2026-03-11T08:10:50.432+0000] {dag.py:3954} INFO - Setting next_dagrun for example_dynamic_task_mapping to 2022-03-04 00:00:00+00:00, run_after=2022-03-05 00:00:00+00:00
[2026-03-11T08:10:50.495+0000] {processor.py:183} INFO - Processing /home/airflow/.local/lib/python3.12/site-packages/airflow/example_dags/example_dynamic_task_mapping.py took 0.146 seconds
[2026-03-11T08:11:22.784+0000] {processor.py:161} INFO - Started process (PID=265) to work on /home/airflow/.local/lib/python3.12/site-packages/airflow/example_dags/example_dynamic_task_mapping.py
[2026-03-11T08:11:22.786+0000] {processor.py:830} INFO - Processing file /home/airflow/.local/lib/python3.12/site-packages/airflow/example_dags/example_dynamic_task_mapping.py for tasks to queue
[2026-03-11T08:11:22.791+0000] {logging_mixin.py:188} INFO - [2026-03-11T08:11:22.790+0000] {dagbag.py:545} INFO - Filling up the DagBag from /home/airflow/.local/lib/python3.12/site-packages/airflow/example_dags/example_dynamic_task_mapping.py
[2026-03-11T08:11:22.809+0000] {processor.py:840} INFO - DAG(s) 'example_dynamic_task_mapping' retrieved from /home/airflow/.local/lib/python3.12/site-packages/airflow/example_dags/example_dynamic_task_mapping.py
[2026-03-11T08:11:22.845+0000] {logging_mixin.py:188} INFO - [2026-03-11T08:11:22.844+0000] {dag.py:3096} INFO - Sync 1 DAGs
[2026-03-11T08:11:22.904+0000] {logging_mixin.py:188} INFO - [2026-03-11T08:11:22.904+0000] {dag.py:3954} INFO - Setting next_dagrun for example_dynamic_task_mapping to 2022-03-04 00:00:00+00:00, run_after=2022-03-05 00:00:00+00:00
[2026-03-11T08:11:22.942+0000] {processor.py:183} INFO - Processing /home/airflow/.local/lib/python3.12/site-packages/airflow/example_dags/example_dynamic_task_mapping.py took 0.168 seconds
[2026-03-11T08:11:55.529+0000] {processor.py:161} INFO - Started process (PID=323) to work on /home/airflow/.local/lib/python3.12/site-packages/airflow/example_dags/example_dynamic_task_mapping.py
[2026-03-11T08:11:55.532+0000] {processor.py:830} INFO - Processing file /home/airflow/.local/lib/python3.12/site-packages/airflow/example_dags/example_dynamic_task_mapping.py for tasks to queue
[2026-03-11T08:11:55.547+0000] {logging_mixin.py:188} INFO - [2026-03-11T08:11:55.546+0000] {dagbag.py:545} INFO - Filling up the DagBag from /home/airflow/.local/lib/python3.12/site-packages/airflow/example_dags/example_dynamic_task_mapping.py
[2026-03-11T08:11:55.581+0000] {processor.py:840} INFO - DAG(s) 'example_dynamic_task_mapping' retrieved from /home/airflow/.local/lib/python3.12/site-packages/airflow/example_dags/example_dynamic_task_mapping.py
[2026-03-11T08:11:55.629+0000] {logging_mixin.py:188} INFO - [2026-03-11T08:11:55.628+0000] {dag.py:3096} INFO - Sync 1 DAGs
[2026-03-11T08:11:55.680+0000] {logging_mixin.py:188} INFO - [2026-03-11T08:11:55.680+0000] {dag.py:3954} INFO - Setting next_dagrun for example_dynamic_task_mapping to 2022-03-04 00:00:00+00:00, run_after=2022-03-05 00:00:00+00:00
[2026-03-11T08:11:55.731+0000] {processor.py:183} INFO - Processing /home/airflow/.local/lib/python3.12/site-packages/airflow/example_dags/example_dynamic_task_mapping.py took 0.245 seconds
[2026-03-11T08:12:27.812+0000] {processor.py:161} INFO - Started process (PID=381) to work on /home/airflow/.local/lib/python3.12/site-packages/airflow/example_dags/example_dynamic_task_mapping.py
[2026-03-11T08:12:27.815+0000] {processor.py:830} INFO - Processing file /home/airflow/.local/lib/python3.12/site-packages/airflow/example_dags/example_dynamic_task_mapping.py for tasks to queue
[2026-03-11T08:12:27.822+0000] {logging_mixin.py:188} INFO - [2026-03-11T08:12:27.818+0000] {dagbag.py:545} INFO - Filling up the DagBag from /home/airflow/.local/lib/python3.12/site-packages/airflow/example_dags/example_dynamic_task_mapping.py
[2026-03-11T08:12:27.837+0000] {processor.py:840} INFO - DAG(s) 'example_dynamic_task_mapping' retrieved from /home/airflow/.local/lib/python3.12/site-packages/airflow/example_dags/example_dynamic_task_mapping.py
[2026-03-11T08:12:27.877+0000] {logging_mixin.py:188} INFO - [2026-03-11T08:12:27.876+0000] {dag.py:3096} INFO - Sync 1 DAGs
[2026-03-11T08:12:27.924+0000] {logging_mixin.py:188} INFO - [2026-03-11T08:12:27.924+0000] {dag.py:3954} INFO - Setting next_dagrun for example_dynamic_task_mapping to 2022-03-04 00:00:00+00:00, run_after=2022-03-05 00:00:00+00:00
[2026-03-11T08:12:27.970+0000] {processor.py:183} INFO - Processing /home/airflow/.local/lib/python3.12/site-packages/airflow/example_dags/example_dynamic_task_mapping.py took 0.178 seconds
[2026-03-11T08:13:00.058+0000] {processor.py:161} INFO - Started process (PID=439) to work on /home/airflow/.local/lib/python3.12/site-packages/airflow/example_dags/example_dynamic_task_mapping.py
[2026-03-11T08:13:00.059+0000] {processor.py:830} INFO - Processing file /home/airflow/.local/lib/python3.12/site-packages/airflow/example_dags/example_dynamic_task_mapping.py for tasks to queue
[2026-03-11T08:13:00.062+0000] {logging_mixin.py:188} INFO - [2026-03-11T08:13:00.062+0000] {dagbag.py:545} INFO - Filling up the DagBag from /home/airflow/.local/lib/python3.12/site-packages/airflow/example_dags/example_dynamic_task_mapping.py
[2026-03-11T08:13:00.073+0000] {processor.py:840} INFO - DAG(s) 'example_dynamic_task_mapping' retrieved from /home/airflow/.local/lib/python3.12/site-packages/airflow/example_dags/example_dynamic_task_mapping.py
[2026-03-11T08:13:00.113+0000] {logging_mixin.py:188} INFO - [2026-03-11T08:13:00.113+0000] {dag.py:3096} INFO - Sync 1 DAGs
[2026-03-11T08:13:00.143+0000] {logging_mixin.py:188} INFO - [2026-03-11T08:13:00.143+0000] {dag.py:3954} INFO - Setting next_dagrun for example_dynamic_task_mapping to 2022-03-04 00:00:00+00:00, run_after=2022-03-05 00:00:00+00:00
[2026-03-11T08:13:00.172+0000] {processor.py:183} INFO - Processing /home/airflow/.local/lib/python3.12/site-packages/airflow/example_dags/example_dynamic_task_mapping.py took 0.121 seconds
[2026-03-11T08:13:32.788+0000] {processor.py:161} INFO - Started process (PID=497) to work on /home/airflow/.local/lib/python3.12/site-packages/airflow/example_dags/example_dynamic_task_mapping.py
[2026-03-11T08:13:32.789+0000] {processor.py:830} INFO - Processing file /home/airflow/.local/lib/python3.12/site-packages/airflow/example_dags/example_dynamic_task_mapping.py for tasks to queue
[2026-03-11T08:13:32.791+0000] {logging_mixin.py:188} INFO - [2026-03-11T08:13:32.791+0000] {dagbag.py:545} INFO - Filling up the DagBag from /home/airflow/.local/lib/python3.12/site-packages/airflow/example_dags/example_dynamic_task_mapping.py
[2026-03-11T08:13:32.800+0000] {processor.py:840} INFO - DAG(s) 'example_dynamic_task_mapping' retrieved from /home/airflow/.local/lib/python3.12/site-packages/airflow/example_dags/example_dynamic_task_mapping.py
[2026-03-11T08:13:32.826+0000] {logging_mixin.py:188} INFO - [2026-03-11T08:13:32.826+0000] {dag.py:3096} INFO - Sync 1 DAGs
[2026-03-11T08:13:32.852+0000] {logging_mixin.py:188} INFO - [2026-03-11T08:13:32.852+0000] {dag.py:3954} INFO - Setting next_dagrun for example_dynamic_task_mapping to 2022-03-04 00:00:00+00:00, run_after=2022-03-05 00:00:00+00:00
[2026-03-11T08:13:32.873+0000] {processor.py:183} INFO - Processing /home/airflow/.local/lib/python3.12/site-packages/airflow/example_dags/example_dynamic_task_mapping.py took 0.098 seconds
[2026-03-11T08:14:05.534+0000] {processor.py:161} INFO - Started process (PID=555) to work on /home/airflow/.local/lib/python3.12/site-packages/airflow/example_dags/example_dynamic_task_mapping.py
[2026-03-11T08:14:05.535+0000] {processor.py:830} INFO - Processing file /home/airflow/.local/lib/python3.12/site-packages/airflow/example_dags/example_dynamic_task_mapping.py for tasks to queue
[2026-03-11T08:14:05.537+0000] {logging_mixin.py:188} INFO - [2026-03-11T08:14:05.536+0000] {dagbag.py:545} INFO - Filling up the DagBag from /home/airflow/.local/lib/python3.12/site-packages/airflow/example_dags/example_dynamic_task_mapping.py
[2026-03-11T08:14:05.545+0000] {processor.py:840} INFO - DAG(s) 'example_dynamic_task_mapping' retrieved from /home/airflow/.local/lib/python3.12/site-packages/airflow/example_dags/example_dynamic_task_mapping.py
[2026-03-11T08:14:05.566+0000] {logging_mixin.py:188} INFO - [2026-03-11T08:14:05.566+0000] {dag.py:3096} INFO - Sync 1 DAGs
[2026-03-11T08:14:05.585+0000] {logging_mixin.py:188} INFO - [2026-03-11T08:14:05.585+0000] {dag.py:3954} INFO - Setting next_dagrun for example_dynamic_task_mapping to 2022-03-04 00:00:00+00:00, run_after=2022-03-05 00:00:00+00:00
[2026-03-11T08:14:05.605+0000] {processor.py:183} INFO - Processing /home/airflow/.local/lib/python3.12/site-packages/airflow/example_dags/example_dynamic_task_mapping.py took 0.078 seconds
[2026-03-11T08:14:38.013+0000] {processor.py:161} INFO - Started process (PID=612) to work on /home/airflow/.local/lib/python3.12/site-packages/airflow/example_dags/example_dynamic_task_mapping.py
[2026-03-11T08:14:38.014+0000] {processor.py:830} INFO - Processing file /home/airflow/.local/lib/python3.12/site-packages/airflow/example_dags/example_dynamic_task_mapping.py for tasks to queue
[2026-03-11T08:14:38.017+0000] {logging_mixin.py:188} INFO - [2026-03-11T08:14:38.017+0000] {dagbag.py:545} INFO - Filling up the DagBag from /home/airflow/.local/lib/python3.12/site-packages/airflow/example_dags/example_dynamic_task_mapping.py
[2026-03-11T08:14:38.026+0000] {processor.py:840} INFO - DAG(s) 'example_dynamic_task_mapping' retrieved from /home/airflow/.local/lib/python3.12/site-packages/airflow/example_dags/example_dynamic_task_mapping.py
[2026-03-11T08:14:38.050+0000] {logging_mixin.py:188} INFO - [2026-03-11T08:14:38.049+0000] {dag.py:3096} INFO - Sync 1 DAGs
[2026-03-11T08:14:38.072+0000] {logging_mixin.py:188} INFO - [2026-03-11T08:14:38.072+0000] {dag.py:3954} INFO - Setting next_dagrun for example_dynamic_task_mapping to 2022-03-04 00:00:00+00:00, run_after=2022-03-05 00:00:00+00:00
[2026-03-11T08:14:38.095+0000] {processor.py:183} INFO - Processing /home/airflow/.local/lib/python3.12/site-packages/airflow/example_dags/example_dynamic_task_mapping.py took 0.089 seconds
