[2026-03-11T08:09:36.436+0000] {processor.py:161} INFO - Started process (PID=70) to work on /home/airflow/.local/lib/python3.12/site-packages/airflow/example_dags/example_branch_day_of_week_operator.py
[2026-03-11T08:09:36.437+0000] {processor.py:830} INFO - Processing file /home/airflow/.local/lib/python3.12/site-packages/airflow/example_dags/example_branch_day_of_week_operator.py for tasks to queue
[2026-03-11T08:09:36.441+0000] {logging_mixin.py:188} INFO - [2026-03-11T08:09:36.440+0000] {dagbag.py:545} INFO - Filling up the DagBag from /home/airflow/.local/lib/python3.12/site-packages/airflow/example_dags/example_branch_day_of_week_operator.py
[2026-03-11T08:09:36.454+0000] {processor.py:840} INFO - DAG(s) 'example_weekday_branch_operator' retrieved from /home/airflow/.local/lib/python3.12/site-packages/airflow/example_dags/example_branch_day_of_week_operator.py
[2026-03-11T08:09:36.632+0000] {logging_mixin.py:188} INFO - [2026-03-11T08:09:36.631+0000] {dag.py:3096} INFO - Sync 1 DAGs
[2026-03-11T08:09:36.669+0000] {logging_mixin.py:188} INFO - [2026-03-11T08:09:36.669+0000] {dag.py:3954} INFO - Setting next_dagrun for example_weekday_branch_operator to 2026-03-10 00:00:00+00:00, run_after=2026-03-11 00:00:00+00:00
[2026-03-11T08:09:36.702+0000] {processor.py:183} INFO - Processing /home/airflow/.local/lib/python3.12/site-packages/airflow/example_dags/example_branch_day_of_week_operator.py took 0.275 seconds
[2026-03-11T08:10:06.982+0000] {processor.py:161} INFO - Started process (PID=127) to work on /home/airflow/.local/lib/python3.12/site-packages/airflow/example_dags/example_branch_day_of_week_operator.py
[2026-03-11T08:10:06.986+0000] {processor.py:830} INFO - Processing file /home/airflow/.local/lib/python3.12/site-packages/airflow/example_dags/example_branch_day_of_week_operator.py for tasks to queue
[2026-03-11T08:10:06.996+0000] {logging_mixin.py:188} INFO - [2026-03-11T08:10:06.995+0000] {dagbag.py:545} INFO - Filling up the DagBag from /home/airflow/.local/lib/python3.12/site-packages/airflow/example_dags/example_branch_day_of_week_operator.py
[2026-03-11T08:10:07.018+0000] {processor.py:840} INFO - DAG(s) 'example_weekday_branch_operator' retrieved from /home/airflow/.local/lib/python3.12/site-packages/airflow/example_dags/example_branch_day_of_week_operator.py
[2026-03-11T08:10:07.046+0000] {logging_mixin.py:188} INFO - [2026-03-11T08:10:07.045+0000] {dag.py:3096} INFO - Sync 1 DAGs
[2026-03-11T08:10:07.085+0000] {logging_mixin.py:188} INFO - [2026-03-11T08:10:07.084+0000] {dag.py:3954} INFO - Setting next_dagrun for example_weekday_branch_operator to 2026-03-10 00:00:00+00:00, run_after=2026-03-11 00:00:00+00:00
[2026-03-11T08:10:07.114+0000] {processor.py:183} INFO - Processing /home/airflow/.local/lib/python3.12/site-packages/airflow/example_dags/example_branch_day_of_week_operator.py took 0.151 seconds
[2026-03-11T08:10:38.168+0000] {processor.py:161} INFO - Started process (PID=185) to work on /home/airflow/.local/lib/python3.12/site-packages/airflow/example_dags/example_branch_day_of_week_operator.py
[2026-03-11T08:10:38.170+0000] {processor.py:830} INFO - Processing file /home/airflow/.local/lib/python3.12/site-packages/airflow/example_dags/example_branch_day_of_week_operator.py for tasks to queue
[2026-03-11T08:10:38.172+0000] {logging_mixin.py:188} INFO - [2026-03-11T08:10:38.172+0000] {dagbag.py:545} INFO - Filling up the DagBag from /home/airflow/.local/lib/python3.12/site-packages/airflow/example_dags/example_branch_day_of_week_operator.py
[2026-03-11T08:10:38.187+0000] {processor.py:840} INFO - DAG(s) 'example_weekday_branch_operator' retrieved from /home/airflow/.local/lib/python3.12/site-packages/airflow/example_dags/example_branch_day_of_week_operator.py
[2026-03-11T08:10:38.226+0000] {logging_mixin.py:188} INFO - [2026-03-11T08:10:38.226+0000] {dag.py:3096} INFO - Sync 1 DAGs
[2026-03-11T08:10:38.272+0000] {logging_mixin.py:188} INFO - [2026-03-11T08:10:38.272+0000] {dag.py:3954} INFO - Setting next_dagrun for example_weekday_branch_operator to 2026-03-10 00:00:00+00:00, run_after=2026-03-11 00:00:00+00:00
[2026-03-11T08:10:38.306+0000] {processor.py:183} INFO - Processing /home/airflow/.local/lib/python3.12/site-packages/airflow/example_dags/example_branch_day_of_week_operator.py took 0.147 seconds
[2026-03-11T08:11:08.446+0000] {processor.py:161} INFO - Started process (PID=241) to work on /home/airflow/.local/lib/python3.12/site-packages/airflow/example_dags/example_branch_day_of_week_operator.py
[2026-03-11T08:11:08.448+0000] {processor.py:830} INFO - Processing file /home/airflow/.local/lib/python3.12/site-packages/airflow/example_dags/example_branch_day_of_week_operator.py for tasks to queue
[2026-03-11T08:11:08.449+0000] {logging_mixin.py:188} INFO - [2026-03-11T08:11:08.449+0000] {dagbag.py:545} INFO - Filling up the DagBag from /home/airflow/.local/lib/python3.12/site-packages/airflow/example_dags/example_branch_day_of_week_operator.py
[2026-03-11T08:11:08.458+0000] {processor.py:840} INFO - DAG(s) 'example_weekday_branch_operator' retrieved from /home/airflow/.local/lib/python3.12/site-packages/airflow/example_dags/example_branch_day_of_week_operator.py
[2026-03-11T08:11:08.479+0000] {logging_mixin.py:188} INFO - [2026-03-11T08:11:08.478+0000] {dag.py:3096} INFO - Sync 1 DAGs
[2026-03-11T08:11:08.509+0000] {logging_mixin.py:188} INFO - [2026-03-11T08:11:08.509+0000] {dag.py:3954} INFO - Setting next_dagrun for example_weekday_branch_operator to 2026-03-10 00:00:00+00:00, run_after=2026-03-11 00:00:00+00:00
[2026-03-11T08:11:08.549+0000] {processor.py:183} INFO - Processing /home/airflow/.local/lib/python3.12/site-packages/airflow/example_dags/example_branch_day_of_week_operator.py took 0.110 seconds
[2026-03-11T08:11:38.675+0000] {processor.py:161} INFO - Started process (PID=299) to work on /home/airflow/.local/lib/python3.12/site-packages/airflow/example_dags/example_branch_day_of_week_operator.py
[2026-03-11T08:11:38.676+0000] {processor.py:830} INFO - Processing file /home/airflow/.local/lib/python3.12/site-packages/airflow/example_dags/example_branch_day_of_week_operator.py for tasks to queue
[2026-03-11T08:11:38.678+0000] {logging_mixin.py:188} INFO - [2026-03-11T08:11:38.678+0000] {dagbag.py:545} INFO - Filling up the DagBag from /home/airflow/.local/lib/python3.12/site-packages/airflow/example_dags/example_branch_day_of_week_operator.py
[2026-03-11T08:11:38.685+0000] {processor.py:840} INFO - DAG(s) 'example_weekday_branch_operator' retrieved from /home/airflow/.local/lib/python3.12/site-packages/airflow/example_dags/example_branch_day_of_week_operator.py
[2026-03-11T08:11:38.713+0000] {logging_mixin.py:188} INFO - [2026-03-11T08:11:38.713+0000] {dag.py:3096} INFO - Sync 1 DAGs
[2026-03-11T08:11:38.753+0000] {logging_mixin.py:188} INFO - [2026-03-11T08:11:38.752+0000] {dag.py:3954} INFO - Setting next_dagrun for example_weekday_branch_operator to 2026-03-10 00:00:00+00:00, run_after=2026-03-11 00:00:00+00:00
[2026-03-11T08:11:38.785+0000] {processor.py:183} INFO - Processing /home/airflow/.local/lib/python3.12/site-packages/airflow/example_dags/example_branch_day_of_week_operator.py took 0.115 seconds
[2026-03-11T08:12:09.025+0000] {processor.py:161} INFO - Started process (PID=351) to work on /home/airflow/.local/lib/python3.12/site-packages/airflow/example_dags/example_branch_day_of_week_operator.py
[2026-03-11T08:12:09.027+0000] {processor.py:830} INFO - Processing file /home/airflow/.local/lib/python3.12/site-packages/airflow/example_dags/example_branch_day_of_week_operator.py for tasks to queue
[2026-03-11T08:12:09.030+0000] {logging_mixin.py:188} INFO - [2026-03-11T08:12:09.030+0000] {dagbag.py:545} INFO - Filling up the DagBag from /home/airflow/.local/lib/python3.12/site-packages/airflow/example_dags/example_branch_day_of_week_operator.py
[2026-03-11T08:12:09.041+0000] {processor.py:840} INFO - DAG(s) 'example_weekday_branch_operator' retrieved from /home/airflow/.local/lib/python3.12/site-packages/airflow/example_dags/example_branch_day_of_week_operator.py
[2026-03-11T08:12:09.072+0000] {logging_mixin.py:188} INFO - [2026-03-11T08:12:09.071+0000] {dag.py:3096} INFO - Sync 1 DAGs
[2026-03-11T08:12:09.122+0000] {logging_mixin.py:188} INFO - [2026-03-11T08:12:09.122+0000] {dag.py:3954} INFO - Setting next_dagrun for example_weekday_branch_operator to 2026-03-10 00:00:00+00:00, run_after=2026-03-11 00:00:00+00:00
[2026-03-11T08:12:09.173+0000] {processor.py:183} INFO - Processing /home/airflow/.local/lib/python3.12/site-packages/airflow/example_dags/example_branch_day_of_week_operator.py took 0.157 seconds
[2026-03-11T08:12:39.640+0000] {processor.py:161} INFO - Started process (PID=409) to work on /home/airflow/.local/lib/python3.12/site-packages/airflow/example_dags/example_branch_day_of_week_operator.py
[2026-03-11T08:12:39.641+0000] {processor.py:830} INFO - Processing file /home/airflow/.local/lib/python3.12/site-packages/airflow/example_dags/example_branch_day_of_week_operator.py for tasks to queue
[2026-03-11T08:12:39.644+0000] {logging_mixin.py:188} INFO - [2026-03-11T08:12:39.644+0000] {dagbag.py:545} INFO - Filling up the DagBag from /home/airflow/.local/lib/python3.12/site-packages/airflow/example_dags/example_branch_day_of_week_operator.py
[2026-03-11T08:12:39.652+0000] {processor.py:840} INFO - DAG(s) 'example_weekday_branch_operator' retrieved from /home/airflow/.local/lib/python3.12/site-packages/airflow/example_dags/example_branch_day_of_week_operator.py
[2026-03-11T08:12:39.677+0000] {logging_mixin.py:188} INFO - [2026-03-11T08:12:39.677+0000] {dag.py:3096} INFO - Sync 1 DAGs
[2026-03-11T08:12:39.705+0000] {logging_mixin.py:188} INFO - [2026-03-11T08:12:39.705+0000] {dag.py:3954} INFO - Setting next_dagrun for example_weekday_branch_operator to 2026-03-10 00:00:00+00:00, run_after=2026-03-11 00:00:00+00:00
[2026-03-11T08:12:39.730+0000] {processor.py:183} INFO - Processing /home/airflow/.local/lib/python3.12/site-packages/airflow/example_dags/example_branch_day_of_week_operator.py took 0.096 seconds
[2026-03-11T08:13:10.110+0000] {processor.py:161} INFO - Started process (PID=467) to work on /home/airflow/.local/lib/python3.12/site-packages/airflow/example_dags/example_branch_day_of_week_operator.py
[2026-03-11T08:13:10.111+0000] {processor.py:830} INFO - Processing file /home/airflow/.local/lib/python3.12/site-packages/airflow/example_dags/example_branch_day_of_week_operator.py for tasks to queue
[2026-03-11T08:13:10.114+0000] {logging_mixin.py:188} INFO - [2026-03-11T08:13:10.113+0000] {dagbag.py:545} INFO - Filling up the DagBag from /home/airflow/.local/lib/python3.12/site-packages/airflow/example_dags/example_branch_day_of_week_operator.py
[2026-03-11T08:13:10.122+0000] {processor.py:840} INFO - DAG(s) 'example_weekday_branch_operator' retrieved from /home/airflow/.local/lib/python3.12/site-packages/airflow/example_dags/example_branch_day_of_week_operator.py
[2026-03-11T08:13:10.146+0000] {logging_mixin.py:188} INFO - [2026-03-11T08:13:10.146+0000] {dag.py:3096} INFO - Sync 1 DAGs
[2026-03-11T08:13:10.172+0000] {logging_mixin.py:188} INFO - [2026-03-11T08:13:10.172+0000] {dag.py:3954} INFO - Setting next_dagrun for example_weekday_branch_operator to 2026-03-10 00:00:00+00:00, run_after=2026-03-11 00:00:00+00:00
[2026-03-11T08:13:10.196+0000] {processor.py:183} INFO - Processing /home/airflow/.local/lib/python3.12/site-packages/airflow/example_dags/example_branch_day_of_week_operator.py took 0.093 seconds
[2026-03-11T08:13:40.643+0000] {processor.py:161} INFO - Started process (PID=525) to work on /home/airflow/.local/lib/python3.12/site-packages/airflow/example_dags/example_branch_day_of_week_operator.py
[2026-03-11T08:13:40.647+0000] {processor.py:830} INFO - Processing file /home/airflow/.local/lib/python3.12/site-packages/airflow/example_dags/example_branch_day_of_week_operator.py for tasks to queue
[2026-03-11T08:13:40.649+0000] {logging_mixin.py:188} INFO - [2026-03-11T08:13:40.649+0000] {dagbag.py:545} INFO - Filling up the DagBag from /home/airflow/.local/lib/python3.12/site-packages/airflow/example_dags/example_branch_day_of_week_operator.py
[2026-03-11T08:13:40.667+0000] {processor.py:840} INFO - DAG(s) 'example_weekday_branch_operator' retrieved from /home/airflow/.local/lib/python3.12/site-packages/airflow/example_dags/example_branch_day_of_week_operator.py
[2026-03-11T08:13:40.696+0000] {logging_mixin.py:188} INFO - [2026-03-11T08:13:40.695+0000] {dag.py:3096} INFO - Sync 1 DAGs
[2026-03-11T08:13:40.726+0000] {logging_mixin.py:188} INFO - [2026-03-11T08:13:40.726+0000] {dag.py:3954} INFO - Setting next_dagrun for example_weekday_branch_operator to 2026-03-10 00:00:00+00:00, run_after=2026-03-11 00:00:00+00:00
[2026-03-11T08:13:40.756+0000] {processor.py:183} INFO - Processing /home/airflow/.local/lib/python3.12/site-packages/airflow/example_dags/example_branch_day_of_week_operator.py took 0.128 seconds
[2026-03-11T08:14:11.562+0000] {processor.py:161} INFO - Started process (PID=583) to work on /home/airflow/.local/lib/python3.12/site-packages/airflow/example_dags/example_branch_day_of_week_operator.py
[2026-03-11T08:14:11.563+0000] {processor.py:830} INFO - Processing file /home/airflow/.local/lib/python3.12/site-packages/airflow/example_dags/example_branch_day_of_week_operator.py for tasks to queue
[2026-03-11T08:14:11.565+0000] {logging_mixin.py:188} INFO - [2026-03-11T08:14:11.564+0000] {dagbag.py:545} INFO - Filling up the DagBag from /home/airflow/.local/lib/python3.12/site-packages/airflow/example_dags/example_branch_day_of_week_operator.py
[2026-03-11T08:14:11.573+0000] {processor.py:840} INFO - DAG(s) 'example_weekday_branch_operator' retrieved from /home/airflow/.local/lib/python3.12/site-packages/airflow/example_dags/example_branch_day_of_week_operator.py
[2026-03-11T08:14:11.594+0000] {logging_mixin.py:188} INFO - [2026-03-11T08:14:11.594+0000] {dag.py:3096} INFO - Sync 1 DAGs
[2026-03-11T08:14:11.621+0000] {logging_mixin.py:188} INFO - [2026-03-11T08:14:11.620+0000] {dag.py:3954} INFO - Setting next_dagrun for example_weekday_branch_operator to 2026-03-10 00:00:00+00:00, run_after=2026-03-11 00:00:00+00:00
[2026-03-11T08:14:11.649+0000] {processor.py:183} INFO - Processing /home/airflow/.local/lib/python3.12/site-packages/airflow/example_dags/example_branch_day_of_week_operator.py took 0.096 seconds
[2026-03-11T08:14:41.889+0000] {processor.py:161} INFO - Started process (PID=640) to work on /home/airflow/.local/lib/python3.12/site-packages/airflow/example_dags/example_branch_day_of_week_operator.py
[2026-03-11T08:14:41.890+0000] {processor.py:830} INFO - Processing file /home/airflow/.local/lib/python3.12/site-packages/airflow/example_dags/example_branch_day_of_week_operator.py for tasks to queue
[2026-03-11T08:14:41.893+0000] {logging_mixin.py:188} INFO - [2026-03-11T08:14:41.892+0000] {dagbag.py:545} INFO - Filling up the DagBag from /home/airflow/.local/lib/python3.12/site-packages/airflow/example_dags/example_branch_day_of_week_operator.py
[2026-03-11T08:14:41.901+0000] {processor.py:840} INFO - DAG(s) 'example_weekday_branch_operator' retrieved from /home/airflow/.local/lib/python3.12/site-packages/airflow/example_dags/example_branch_day_of_week_operator.py
[2026-03-11T08:14:41.924+0000] {logging_mixin.py:188} INFO - [2026-03-11T08:14:41.924+0000] {dag.py:3096} INFO - Sync 1 DAGs
[2026-03-11T08:14:41.947+0000] {logging_mixin.py:188} INFO - [2026-03-11T08:14:41.947+0000] {dag.py:3954} INFO - Setting next_dagrun for example_weekday_branch_operator to 2026-03-10 00:00:00+00:00, run_after=2026-03-11 00:00:00+00:00
[2026-03-11T08:14:41.974+0000] {processor.py:183} INFO - Processing /home/airflow/.local/lib/python3.12/site-packages/airflow/example_dags/example_branch_day_of_week_operator.py took 0.092 seconds
