[2026-03-11T08:09:50.602+0000] {processor.py:161} INFO - Started process (PID=100) to work on /home/airflow/.local/lib/python3.12/site-packages/airflow/example_dags/example_branch_operator.py
[2026-03-11T08:09:50.612+0000] {processor.py:830} INFO - Processing file /home/airflow/.local/lib/python3.12/site-packages/airflow/example_dags/example_branch_operator.py for tasks to queue
[2026-03-11T08:09:50.622+0000] {logging_mixin.py:188} INFO - [2026-03-11T08:09:50.621+0000] {dagbag.py:545} INFO - Filling up the DagBag from /home/airflow/.local/lib/python3.12/site-packages/airflow/example_dags/example_branch_operator.py
[2026-03-11T08:09:50.734+0000] {processor.py:840} INFO - DAG(s) 'example_branch_operator' retrieved from /home/airflow/.local/lib/python3.12/site-packages/airflow/example_dags/example_branch_operator.py
[2026-03-11T08:09:51.114+0000] {logging_mixin.py:188} INFO - [2026-03-11T08:09:51.114+0000] {dag.py:3096} INFO - Sync 1 DAGs
[2026-03-11T08:09:51.185+0000] {logging_mixin.py:188} INFO - [2026-03-11T08:09:51.185+0000] {dag.py:3954} INFO - Setting next_dagrun for example_branch_operator to 2026-03-10 00:00:00+00:00, run_after=2026-03-11 00:00:00+00:00
[2026-03-11T08:09:51.253+0000] {processor.py:183} INFO - Processing /home/airflow/.local/lib/python3.12/site-packages/airflow/example_dags/example_branch_operator.py took 0.680 seconds
[2026-03-11T08:10:21.781+0000] {processor.py:161} INFO - Started process (PID=157) to work on /home/airflow/.local/lib/python3.12/site-packages/airflow/example_dags/example_branch_operator.py
[2026-03-11T08:10:21.798+0000] {processor.py:830} INFO - Processing file /home/airflow/.local/lib/python3.12/site-packages/airflow/example_dags/example_branch_operator.py for tasks to queue
[2026-03-11T08:10:21.809+0000] {logging_mixin.py:188} INFO - [2026-03-11T08:10:21.808+0000] {dagbag.py:545} INFO - Filling up the DagBag from /home/airflow/.local/lib/python3.12/site-packages/airflow/example_dags/example_branch_operator.py
[2026-03-11T08:10:22.040+0000] {processor.py:840} INFO - DAG(s) 'example_branch_operator' retrieved from /home/airflow/.local/lib/python3.12/site-packages/airflow/example_dags/example_branch_operator.py
[2026-03-11T08:10:22.227+0000] {logging_mixin.py:188} INFO - [2026-03-11T08:10:22.226+0000] {dag.py:3096} INFO - Sync 1 DAGs
[2026-03-11T08:10:22.315+0000] {logging_mixin.py:188} INFO - [2026-03-11T08:10:22.315+0000] {dag.py:3954} INFO - Setting next_dagrun for example_branch_operator to 2026-03-10 00:00:00+00:00, run_after=2026-03-11 00:00:00+00:00
[2026-03-11T08:10:22.391+0000] {processor.py:183} INFO - Processing /home/airflow/.local/lib/python3.12/site-packages/airflow/example_dags/example_branch_operator.py took 0.654 seconds
[2026-03-11T08:10:52.930+0000] {processor.py:161} INFO - Started process (PID=215) to work on /home/airflow/.local/lib/python3.12/site-packages/airflow/example_dags/example_branch_operator.py
[2026-03-11T08:10:52.932+0000] {processor.py:830} INFO - Processing file /home/airflow/.local/lib/python3.12/site-packages/airflow/example_dags/example_branch_operator.py for tasks to queue
[2026-03-11T08:10:52.936+0000] {logging_mixin.py:188} INFO - [2026-03-11T08:10:52.935+0000] {dagbag.py:545} INFO - Filling up the DagBag from /home/airflow/.local/lib/python3.12/site-packages/airflow/example_dags/example_branch_operator.py
[2026-03-11T08:10:52.968+0000] {processor.py:840} INFO - DAG(s) 'example_branch_operator' retrieved from /home/airflow/.local/lib/python3.12/site-packages/airflow/example_dags/example_branch_operator.py
[2026-03-11T08:10:53.001+0000] {logging_mixin.py:188} INFO - [2026-03-11T08:10:53.001+0000] {dag.py:3096} INFO - Sync 1 DAGs
[2026-03-11T08:10:53.036+0000] {logging_mixin.py:188} INFO - [2026-03-11T08:10:53.035+0000] {dag.py:3954} INFO - Setting next_dagrun for example_branch_operator to 2026-03-10 00:00:00+00:00, run_after=2026-03-11 00:00:00+00:00
[2026-03-11T08:10:53.066+0000] {processor.py:183} INFO - Processing /home/airflow/.local/lib/python3.12/site-packages/airflow/example_dags/example_branch_operator.py took 0.145 seconds
[2026-03-11T08:11:23.795+0000] {processor.py:161} INFO - Started process (PID=273) to work on /home/airflow/.local/lib/python3.12/site-packages/airflow/example_dags/example_branch_operator.py
[2026-03-11T08:11:23.798+0000] {processor.py:830} INFO - Processing file /home/airflow/.local/lib/python3.12/site-packages/airflow/example_dags/example_branch_operator.py for tasks to queue
[2026-03-11T08:11:23.802+0000] {logging_mixin.py:188} INFO - [2026-03-11T08:11:23.801+0000] {dagbag.py:545} INFO - Filling up the DagBag from /home/airflow/.local/lib/python3.12/site-packages/airflow/example_dags/example_branch_operator.py
[2026-03-11T08:11:23.827+0000] {processor.py:840} INFO - DAG(s) 'example_branch_operator' retrieved from /home/airflow/.local/lib/python3.12/site-packages/airflow/example_dags/example_branch_operator.py
[2026-03-11T08:11:23.881+0000] {logging_mixin.py:188} INFO - [2026-03-11T08:11:23.881+0000] {dag.py:3096} INFO - Sync 1 DAGs
[2026-03-11T08:11:23.919+0000] {logging_mixin.py:188} INFO - [2026-03-11T08:11:23.918+0000] {dag.py:3954} INFO - Setting next_dagrun for example_branch_operator to 2026-03-10 00:00:00+00:00, run_after=2026-03-11 00:00:00+00:00
[2026-03-11T08:11:23.964+0000] {processor.py:183} INFO - Processing /home/airflow/.local/lib/python3.12/site-packages/airflow/example_dags/example_branch_operator.py took 0.177 seconds
[2026-03-11T08:11:56.367+0000] {processor.py:161} INFO - Started process (PID=331) to work on /home/airflow/.local/lib/python3.12/site-packages/airflow/example_dags/example_branch_operator.py
[2026-03-11T08:11:56.368+0000] {processor.py:830} INFO - Processing file /home/airflow/.local/lib/python3.12/site-packages/airflow/example_dags/example_branch_operator.py for tasks to queue
[2026-03-11T08:11:56.375+0000] {logging_mixin.py:188} INFO - [2026-03-11T08:11:56.374+0000] {dagbag.py:545} INFO - Filling up the DagBag from /home/airflow/.local/lib/python3.12/site-packages/airflow/example_dags/example_branch_operator.py
[2026-03-11T08:11:56.394+0000] {processor.py:840} INFO - DAG(s) 'example_branch_operator' retrieved from /home/airflow/.local/lib/python3.12/site-packages/airflow/example_dags/example_branch_operator.py
[2026-03-11T08:11:56.430+0000] {logging_mixin.py:188} INFO - [2026-03-11T08:11:56.430+0000] {dag.py:3096} INFO - Sync 1 DAGs
[2026-03-11T08:11:56.462+0000] {logging_mixin.py:188} INFO - [2026-03-11T08:11:56.462+0000] {dag.py:3954} INFO - Setting next_dagrun for example_branch_operator to 2026-03-10 00:00:00+00:00, run_after=2026-03-11 00:00:00+00:00
[2026-03-11T08:11:56.502+0000] {processor.py:183} INFO - Processing /home/airflow/.local/lib/python3.12/site-packages/airflow/example_dags/example_branch_operator.py took 0.145 seconds
[2026-03-11T08:12:28.623+0000] {processor.py:161} INFO - Started process (PID=389) to work on /home/airflow/.local/lib/python3.12/site-packages/airflow/example_dags/example_branch_operator.py
[2026-03-11T08:12:28.624+0000] {processor.py:830} INFO - Processing file /home/airflow/.local/lib/python3.12/site-packages/airflow/example_dags/example_branch_operator.py for tasks to queue
[2026-03-11T08:12:28.626+0000] {logging_mixin.py:188} INFO - [2026-03-11T08:12:28.626+0000] {dagbag.py:545} INFO - Filling up the DagBag from /home/airflow/.local/lib/python3.12/site-packages/airflow/example_dags/example_branch_operator.py
[2026-03-11T08:12:28.652+0000] {processor.py:840} INFO - DAG(s) 'example_branch_operator' retrieved from /home/airflow/.local/lib/python3.12/site-packages/airflow/example_dags/example_branch_operator.py
[2026-03-11T08:12:28.700+0000] {logging_mixin.py:188} INFO - [2026-03-11T08:12:28.699+0000] {dag.py:3096} INFO - Sync 1 DAGs
[2026-03-11T08:12:28.736+0000] {logging_mixin.py:188} INFO - [2026-03-11T08:12:28.736+0000] {dag.py:3954} INFO - Setting next_dagrun for example_branch_operator to 2026-03-10 00:00:00+00:00, run_after=2026-03-11 00:00:00+00:00
[2026-03-11T08:12:28.771+0000] {processor.py:183} INFO - Processing /home/airflow/.local/lib/python3.12/site-packages/airflow/example_dags/example_branch_operator.py took 0.158 seconds
[2026-03-11T08:13:00.651+0000] {processor.py:161} INFO - Started process (PID=447) to work on /home/airflow/.local/lib/python3.12/site-packages/airflow/example_dags/example_branch_operator.py
[2026-03-11T08:13:00.653+0000] {processor.py:830} INFO - Processing file /home/airflow/.local/lib/python3.12/site-packages/airflow/example_dags/example_branch_operator.py for tasks to queue
[2026-03-11T08:13:00.655+0000] {logging_mixin.py:188} INFO - [2026-03-11T08:13:00.655+0000] {dagbag.py:545} INFO - Filling up the DagBag from /home/airflow/.local/lib/python3.12/site-packages/airflow/example_dags/example_branch_operator.py
[2026-03-11T08:13:00.671+0000] {processor.py:840} INFO - DAG(s) 'example_branch_operator' retrieved from /home/airflow/.local/lib/python3.12/site-packages/airflow/example_dags/example_branch_operator.py
[2026-03-11T08:13:00.701+0000] {logging_mixin.py:188} INFO - [2026-03-11T08:13:00.701+0000] {dag.py:3096} INFO - Sync 1 DAGs
[2026-03-11T08:13:00.723+0000] {logging_mixin.py:188} INFO - [2026-03-11T08:13:00.723+0000] {dag.py:3954} INFO - Setting next_dagrun for example_branch_operator to 2026-03-10 00:00:00+00:00, run_after=2026-03-11 00:00:00+00:00
[2026-03-11T08:13:00.746+0000] {processor.py:183} INFO - Processing /home/airflow/.local/lib/python3.12/site-packages/airflow/example_dags/example_branch_operator.py took 0.101 seconds
[2026-03-11T08:13:33.236+0000] {processor.py:161} INFO - Started process (PID=505) to work on /home/airflow/.local/lib/python3.12/site-packages/airflow/example_dags/example_branch_operator.py
[2026-03-11T08:13:33.237+0000] {processor.py:830} INFO - Processing file /home/airflow/.local/lib/python3.12/site-packages/airflow/example_dags/example_branch_operator.py for tasks to queue
[2026-03-11T08:13:33.239+0000] {logging_mixin.py:188} INFO - [2026-03-11T08:13:33.238+0000] {dagbag.py:545} INFO - Filling up the DagBag from /home/airflow/.local/lib/python3.12/site-packages/airflow/example_dags/example_branch_operator.py
[2026-03-11T08:13:33.252+0000] {processor.py:840} INFO - DAG(s) 'example_branch_operator' retrieved from /home/airflow/.local/lib/python3.12/site-packages/airflow/example_dags/example_branch_operator.py
[2026-03-11T08:13:33.277+0000] {logging_mixin.py:188} INFO - [2026-03-11T08:13:33.277+0000] {dag.py:3096} INFO - Sync 1 DAGs
[2026-03-11T08:13:33.296+0000] {logging_mixin.py:188} INFO - [2026-03-11T08:13:33.295+0000] {dag.py:3954} INFO - Setting next_dagrun for example_branch_operator to 2026-03-10 00:00:00+00:00, run_after=2026-03-11 00:00:00+00:00
[2026-03-11T08:13:33.314+0000] {processor.py:183} INFO - Processing /home/airflow/.local/lib/python3.12/site-packages/airflow/example_dags/example_branch_operator.py took 0.084 seconds
[2026-03-11T08:14:05.962+0000] {processor.py:161} INFO - Started process (PID=563) to work on /home/airflow/.local/lib/python3.12/site-packages/airflow/example_dags/example_branch_operator.py
[2026-03-11T08:14:05.964+0000] {processor.py:830} INFO - Processing file /home/airflow/.local/lib/python3.12/site-packages/airflow/example_dags/example_branch_operator.py for tasks to queue
[2026-03-11T08:14:05.965+0000] {logging_mixin.py:188} INFO - [2026-03-11T08:14:05.965+0000] {dagbag.py:545} INFO - Filling up the DagBag from /home/airflow/.local/lib/python3.12/site-packages/airflow/example_dags/example_branch_operator.py
[2026-03-11T08:14:05.980+0000] {processor.py:840} INFO - DAG(s) 'example_branch_operator' retrieved from /home/airflow/.local/lib/python3.12/site-packages/airflow/example_dags/example_branch_operator.py
[2026-03-11T08:14:06.006+0000] {logging_mixin.py:188} INFO - [2026-03-11T08:14:06.006+0000] {dag.py:3096} INFO - Sync 1 DAGs
[2026-03-11T08:14:06.029+0000] {logging_mixin.py:188} INFO - [2026-03-11T08:14:06.028+0000] {dag.py:3954} INFO - Setting next_dagrun for example_branch_operator to 2026-03-10 00:00:00+00:00, run_after=2026-03-11 00:00:00+00:00
[2026-03-11T08:14:06.049+0000] {processor.py:183} INFO - Processing /home/airflow/.local/lib/python3.12/site-packages/airflow/example_dags/example_branch_operator.py took 0.094 seconds
[2026-03-11T08:14:38.478+0000] {processor.py:161} INFO - Started process (PID=620) to work on /home/airflow/.local/lib/python3.12/site-packages/airflow/example_dags/example_branch_operator.py
[2026-03-11T08:14:38.480+0000] {processor.py:830} INFO - Processing file /home/airflow/.local/lib/python3.12/site-packages/airflow/example_dags/example_branch_operator.py for tasks to queue
[2026-03-11T08:14:38.482+0000] {logging_mixin.py:188} INFO - [2026-03-11T08:14:38.482+0000] {dagbag.py:545} INFO - Filling up the DagBag from /home/airflow/.local/lib/python3.12/site-packages/airflow/example_dags/example_branch_operator.py
[2026-03-11T08:14:38.503+0000] {processor.py:840} INFO - DAG(s) 'example_branch_operator' retrieved from /home/airflow/.local/lib/python3.12/site-packages/airflow/example_dags/example_branch_operator.py
[2026-03-11T08:14:38.536+0000] {logging_mixin.py:188} INFO - [2026-03-11T08:14:38.535+0000] {dag.py:3096} INFO - Sync 1 DAGs
[2026-03-11T08:14:38.558+0000] {logging_mixin.py:188} INFO - [2026-03-11T08:14:38.558+0000] {dag.py:3954} INFO - Setting next_dagrun for example_branch_operator to 2026-03-10 00:00:00+00:00, run_after=2026-03-11 00:00:00+00:00
[2026-03-11T08:14:38.584+0000] {processor.py:183} INFO - Processing /home/airflow/.local/lib/python3.12/site-packages/airflow/example_dags/example_branch_operator.py took 0.113 seconds
