[2026-03-11T08:09:45.866+0000] {processor.py:161} INFO - Started process (PID=89) to work on /home/airflow/.local/lib/python3.12/site-packages/airflow/example_dags/example_complex.py
[2026-03-11T08:09:45.872+0000] {processor.py:830} INFO - Processing file /home/airflow/.local/lib/python3.12/site-packages/airflow/example_dags/example_complex.py for tasks to queue
[2026-03-11T08:09:45.883+0000] {logging_mixin.py:188} INFO - [2026-03-11T08:09:45.881+0000] {dagbag.py:545} INFO - Filling up the DagBag from /home/airflow/.local/lib/python3.12/site-packages/airflow/example_dags/example_complex.py
[2026-03-11T08:09:45.984+0000] {processor.py:840} INFO - DAG(s) 'example_complex' retrieved from /home/airflow/.local/lib/python3.12/site-packages/airflow/example_dags/example_complex.py
[2026-03-11T08:09:46.317+0000] {logging_mixin.py:188} INFO - [2026-03-11T08:09:46.317+0000] {dag.py:3096} INFO - Sync 1 DAGs
[2026-03-11T08:09:46.382+0000] {logging_mixin.py:188} INFO - [2026-03-11T08:09:46.382+0000] {dag.py:3954} INFO - Setting next_dagrun for example_complex to None, run_after=None
[2026-03-11T08:09:46.518+0000] {processor.py:183} INFO - Processing /home/airflow/.local/lib/python3.12/site-packages/airflow/example_dags/example_complex.py took 0.855 seconds
[2026-03-11T08:10:17.603+0000] {processor.py:161} INFO - Started process (PID=146) to work on /home/airflow/.local/lib/python3.12/site-packages/airflow/example_dags/example_complex.py
[2026-03-11T08:10:17.608+0000] {processor.py:830} INFO - Processing file /home/airflow/.local/lib/python3.12/site-packages/airflow/example_dags/example_complex.py for tasks to queue
[2026-03-11T08:10:17.616+0000] {logging_mixin.py:188} INFO - [2026-03-11T08:10:17.615+0000] {dagbag.py:545} INFO - Filling up the DagBag from /home/airflow/.local/lib/python3.12/site-packages/airflow/example_dags/example_complex.py
[2026-03-11T08:10:17.653+0000] {processor.py:840} INFO - DAG(s) 'example_complex' retrieved from /home/airflow/.local/lib/python3.12/site-packages/airflow/example_dags/example_complex.py
[2026-03-11T08:10:17.764+0000] {logging_mixin.py:188} INFO - [2026-03-11T08:10:17.763+0000] {dag.py:3096} INFO - Sync 1 DAGs
[2026-03-11T08:10:17.886+0000] {logging_mixin.py:188} INFO - [2026-03-11T08:10:17.885+0000] {dag.py:3954} INFO - Setting next_dagrun for example_complex to None, run_after=None
[2026-03-11T08:10:18.030+0000] {processor.py:183} INFO - Processing /home/airflow/.local/lib/python3.12/site-packages/airflow/example_dags/example_complex.py took 0.458 seconds
[2026-03-11T08:10:49.981+0000] {processor.py:161} INFO - Started process (PID=204) to work on /home/airflow/.local/lib/python3.12/site-packages/airflow/example_dags/example_complex.py
[2026-03-11T08:10:49.988+0000] {processor.py:830} INFO - Processing file /home/airflow/.local/lib/python3.12/site-packages/airflow/example_dags/example_complex.py for tasks to queue
[2026-03-11T08:10:49.990+0000] {logging_mixin.py:188} INFO - [2026-03-11T08:10:49.990+0000] {dagbag.py:545} INFO - Filling up the DagBag from /home/airflow/.local/lib/python3.12/site-packages/airflow/example_dags/example_complex.py
[2026-03-11T08:10:50.005+0000] {processor.py:840} INFO - DAG(s) 'example_complex' retrieved from /home/airflow/.local/lib/python3.12/site-packages/airflow/example_dags/example_complex.py
[2026-03-11T08:10:50.067+0000] {logging_mixin.py:188} INFO - [2026-03-11T08:10:50.067+0000] {dag.py:3096} INFO - Sync 1 DAGs
[2026-03-11T08:10:50.103+0000] {logging_mixin.py:188} INFO - [2026-03-11T08:10:50.102+0000] {dag.py:3954} INFO - Setting next_dagrun for example_complex to None, run_after=None
[2026-03-11T08:10:50.144+0000] {processor.py:183} INFO - Processing /home/airflow/.local/lib/python3.12/site-packages/airflow/example_dags/example_complex.py took 0.170 seconds
[2026-03-11T08:11:22.455+0000] {processor.py:161} INFO - Started process (PID=262) to work on /home/airflow/.local/lib/python3.12/site-packages/airflow/example_dags/example_complex.py
[2026-03-11T08:11:22.457+0000] {processor.py:830} INFO - Processing file /home/airflow/.local/lib/python3.12/site-packages/airflow/example_dags/example_complex.py for tasks to queue
[2026-03-11T08:11:22.464+0000] {logging_mixin.py:188} INFO - [2026-03-11T08:11:22.463+0000] {dagbag.py:545} INFO - Filling up the DagBag from /home/airflow/.local/lib/python3.12/site-packages/airflow/example_dags/example_complex.py
[2026-03-11T08:11:22.477+0000] {processor.py:840} INFO - DAG(s) 'example_complex' retrieved from /home/airflow/.local/lib/python3.12/site-packages/airflow/example_dags/example_complex.py
[2026-03-11T08:11:22.524+0000] {logging_mixin.py:188} INFO - [2026-03-11T08:11:22.524+0000] {dag.py:3096} INFO - Sync 1 DAGs
[2026-03-11T08:11:22.543+0000] {logging_mixin.py:188} INFO - [2026-03-11T08:11:22.543+0000] {dag.py:3954} INFO - Setting next_dagrun for example_complex to None, run_after=None
[2026-03-11T08:11:22.581+0000] {processor.py:183} INFO - Processing /home/airflow/.local/lib/python3.12/site-packages/airflow/example_dags/example_complex.py took 0.133 seconds
[2026-03-11T08:11:54.868+0000] {processor.py:161} INFO - Started process (PID=320) to work on /home/airflow/.local/lib/python3.12/site-packages/airflow/example_dags/example_complex.py
[2026-03-11T08:11:54.870+0000] {processor.py:830} INFO - Processing file /home/airflow/.local/lib/python3.12/site-packages/airflow/example_dags/example_complex.py for tasks to queue
[2026-03-11T08:11:54.873+0000] {logging_mixin.py:188} INFO - [2026-03-11T08:11:54.872+0000] {dagbag.py:545} INFO - Filling up the DagBag from /home/airflow/.local/lib/python3.12/site-packages/airflow/example_dags/example_complex.py
[2026-03-11T08:11:54.889+0000] {processor.py:840} INFO - DAG(s) 'example_complex' retrieved from /home/airflow/.local/lib/python3.12/site-packages/airflow/example_dags/example_complex.py
[2026-03-11T08:11:54.967+0000] {logging_mixin.py:188} INFO - [2026-03-11T08:11:54.967+0000] {dag.py:3096} INFO - Sync 1 DAGs
[2026-03-11T08:11:55.000+0000] {logging_mixin.py:188} INFO - [2026-03-11T08:11:54.999+0000] {dag.py:3954} INFO - Setting next_dagrun for example_complex to None, run_after=None
[2026-03-11T08:11:55.074+0000] {processor.py:183} INFO - Processing /home/airflow/.local/lib/python3.12/site-packages/airflow/example_dags/example_complex.py took 0.216 seconds
[2026-03-11T08:12:27.443+0000] {processor.py:161} INFO - Started process (PID=378) to work on /home/airflow/.local/lib/python3.12/site-packages/airflow/example_dags/example_complex.py
[2026-03-11T08:12:27.445+0000] {processor.py:830} INFO - Processing file /home/airflow/.local/lib/python3.12/site-packages/airflow/example_dags/example_complex.py for tasks to queue
[2026-03-11T08:12:27.447+0000] {logging_mixin.py:188} INFO - [2026-03-11T08:12:27.446+0000] {dagbag.py:545} INFO - Filling up the DagBag from /home/airflow/.local/lib/python3.12/site-packages/airflow/example_dags/example_complex.py
[2026-03-11T08:12:27.460+0000] {processor.py:840} INFO - DAG(s) 'example_complex' retrieved from /home/airflow/.local/lib/python3.12/site-packages/airflow/example_dags/example_complex.py
[2026-03-11T08:12:27.500+0000] {logging_mixin.py:188} INFO - [2026-03-11T08:12:27.500+0000] {dag.py:3096} INFO - Sync 1 DAGs
[2026-03-11T08:12:27.521+0000] {logging_mixin.py:188} INFO - [2026-03-11T08:12:27.521+0000] {dag.py:3954} INFO - Setting next_dagrun for example_complex to None, run_after=None
[2026-03-11T08:12:27.560+0000] {processor.py:183} INFO - Processing /home/airflow/.local/lib/python3.12/site-packages/airflow/example_dags/example_complex.py took 0.126 seconds
[2026-03-11T08:12:59.796+0000] {processor.py:161} INFO - Started process (PID=436) to work on /home/airflow/.local/lib/python3.12/site-packages/airflow/example_dags/example_complex.py
[2026-03-11T08:12:59.798+0000] {processor.py:830} INFO - Processing file /home/airflow/.local/lib/python3.12/site-packages/airflow/example_dags/example_complex.py for tasks to queue
[2026-03-11T08:12:59.800+0000] {logging_mixin.py:188} INFO - [2026-03-11T08:12:59.800+0000] {dagbag.py:545} INFO - Filling up the DagBag from /home/airflow/.local/lib/python3.12/site-packages/airflow/example_dags/example_complex.py
[2026-03-11T08:12:59.814+0000] {processor.py:840} INFO - DAG(s) 'example_complex' retrieved from /home/airflow/.local/lib/python3.12/site-packages/airflow/example_dags/example_complex.py
[2026-03-11T08:12:59.855+0000] {logging_mixin.py:188} INFO - [2026-03-11T08:12:59.854+0000] {dag.py:3096} INFO - Sync 1 DAGs
[2026-03-11T08:12:59.873+0000] {logging_mixin.py:188} INFO - [2026-03-11T08:12:59.873+0000] {dag.py:3954} INFO - Setting next_dagrun for example_complex to None, run_after=None
[2026-03-11T08:12:59.905+0000] {processor.py:183} INFO - Processing /home/airflow/.local/lib/python3.12/site-packages/airflow/example_dags/example_complex.py took 0.117 seconds
[2026-03-11T08:13:32.520+0000] {processor.py:161} INFO - Started process (PID=494) to work on /home/airflow/.local/lib/python3.12/site-packages/airflow/example_dags/example_complex.py
[2026-03-11T08:13:32.521+0000] {processor.py:830} INFO - Processing file /home/airflow/.local/lib/python3.12/site-packages/airflow/example_dags/example_complex.py for tasks to queue
[2026-03-11T08:13:32.524+0000] {logging_mixin.py:188} INFO - [2026-03-11T08:13:32.523+0000] {dagbag.py:545} INFO - Filling up the DagBag from /home/airflow/.local/lib/python3.12/site-packages/airflow/example_dags/example_complex.py
[2026-03-11T08:13:32.539+0000] {processor.py:840} INFO - DAG(s) 'example_complex' retrieved from /home/airflow/.local/lib/python3.12/site-packages/airflow/example_dags/example_complex.py
[2026-03-11T08:13:32.579+0000] {logging_mixin.py:188} INFO - [2026-03-11T08:13:32.578+0000] {dag.py:3096} INFO - Sync 1 DAGs
[2026-03-11T08:13:32.594+0000] {logging_mixin.py:188} INFO - [2026-03-11T08:13:32.594+0000] {dag.py:3954} INFO - Setting next_dagrun for example_complex to None, run_after=None
[2026-03-11T08:13:32.624+0000] {processor.py:183} INFO - Processing /home/airflow/.local/lib/python3.12/site-packages/airflow/example_dags/example_complex.py took 0.112 seconds
[2026-03-11T08:14:05.151+0000] {processor.py:161} INFO - Started process (PID=552) to work on /home/airflow/.local/lib/python3.12/site-packages/airflow/example_dags/example_complex.py
[2026-03-11T08:14:05.161+0000] {processor.py:830} INFO - Processing file /home/airflow/.local/lib/python3.12/site-packages/airflow/example_dags/example_complex.py for tasks to queue
[2026-03-11T08:14:05.166+0000] {logging_mixin.py:188} INFO - [2026-03-11T08:14:05.166+0000] {dagbag.py:545} INFO - Filling up the DagBag from /home/airflow/.local/lib/python3.12/site-packages/airflow/example_dags/example_complex.py
[2026-03-11T08:14:05.190+0000] {processor.py:840} INFO - DAG(s) 'example_complex' retrieved from /home/airflow/.local/lib/python3.12/site-packages/airflow/example_dags/example_complex.py
[2026-03-11T08:14:05.273+0000] {logging_mixin.py:188} INFO - [2026-03-11T08:14:05.272+0000] {dag.py:3096} INFO - Sync 1 DAGs
[2026-03-11T08:14:05.290+0000] {logging_mixin.py:188} INFO - [2026-03-11T08:14:05.289+0000] {dag.py:3954} INFO - Setting next_dagrun for example_complex to None, run_after=None
[2026-03-11T08:14:05.346+0000] {processor.py:183} INFO - Processing /home/airflow/.local/lib/python3.12/site-packages/airflow/example_dags/example_complex.py took 0.203 seconds
[2026-03-11T08:14:37.780+0000] {processor.py:161} INFO - Started process (PID=609) to work on /home/airflow/.local/lib/python3.12/site-packages/airflow/example_dags/example_complex.py
[2026-03-11T08:14:37.781+0000] {processor.py:830} INFO - Processing file /home/airflow/.local/lib/python3.12/site-packages/airflow/example_dags/example_complex.py for tasks to queue
[2026-03-11T08:14:37.784+0000] {logging_mixin.py:188} INFO - [2026-03-11T08:14:37.784+0000] {dagbag.py:545} INFO - Filling up the DagBag from /home/airflow/.local/lib/python3.12/site-packages/airflow/example_dags/example_complex.py
[2026-03-11T08:14:37.798+0000] {processor.py:840} INFO - DAG(s) 'example_complex' retrieved from /home/airflow/.local/lib/python3.12/site-packages/airflow/example_dags/example_complex.py
[2026-03-11T08:14:37.838+0000] {logging_mixin.py:188} INFO - [2026-03-11T08:14:37.838+0000] {dag.py:3096} INFO - Sync 1 DAGs
[2026-03-11T08:14:37.867+0000] {logging_mixin.py:188} INFO - [2026-03-11T08:14:37.866+0000] {dag.py:3954} INFO - Setting next_dagrun for example_complex to None, run_after=None
[2026-03-11T08:14:37.896+0000] {processor.py:183} INFO - Processing /home/airflow/.local/lib/python3.12/site-packages/airflow/example_dags/example_complex.py took 0.121 seconds
