[2026-03-11T08:09:37.088+0000] {processor.py:161} INFO - Started process (PID=73) to work on /home/airflow/.local/lib/python3.12/site-packages/airflow/example_dags/example_bash_operator.py
[2026-03-11T08:09:37.090+0000] {processor.py:830} INFO - Processing file /home/airflow/.local/lib/python3.12/site-packages/airflow/example_dags/example_bash_operator.py for tasks to queue
[2026-03-11T08:09:37.092+0000] {logging_mixin.py:188} INFO - [2026-03-11T08:09:37.092+0000] {dagbag.py:545} INFO - Filling up the DagBag from /home/airflow/.local/lib/python3.12/site-packages/airflow/example_dags/example_bash_operator.py
[2026-03-11T08:09:37.113+0000] {processor.py:840} INFO - DAG(s) 'example_bash_operator' retrieved from /home/airflow/.local/lib/python3.12/site-packages/airflow/example_dags/example_bash_operator.py
[2026-03-11T08:09:37.320+0000] {logging_mixin.py:188} INFO - [2026-03-11T08:09:37.320+0000] {dag.py:3096} INFO - Sync 1 DAGs
[2026-03-11T08:09:37.377+0000] {logging_mixin.py:188} INFO - [2026-03-11T08:09:37.377+0000] {dag.py:3954} INFO - Setting next_dagrun for example_bash_operator to 2026-03-10 00:00:00+00:00, run_after=2026-03-11 00:00:00+00:00
[2026-03-11T08:09:37.411+0000] {processor.py:183} INFO - Processing /home/airflow/.local/lib/python3.12/site-packages/airflow/example_dags/example_bash_operator.py took 0.334 seconds
[2026-03-11T08:10:07.638+0000] {processor.py:161} INFO - Started process (PID=130) to work on /home/airflow/.local/lib/python3.12/site-packages/airflow/example_dags/example_bash_operator.py
[2026-03-11T08:10:07.639+0000] {processor.py:830} INFO - Processing file /home/airflow/.local/lib/python3.12/site-packages/airflow/example_dags/example_bash_operator.py for tasks to queue
[2026-03-11T08:10:07.645+0000] {logging_mixin.py:188} INFO - [2026-03-11T08:10:07.645+0000] {dagbag.py:545} INFO - Filling up the DagBag from /home/airflow/.local/lib/python3.12/site-packages/airflow/example_dags/example_bash_operator.py
[2026-03-11T08:10:07.678+0000] {processor.py:840} INFO - DAG(s) 'example_bash_operator' retrieved from /home/airflow/.local/lib/python3.12/site-packages/airflow/example_dags/example_bash_operator.py
[2026-03-11T08:10:07.776+0000] {logging_mixin.py:188} INFO - [2026-03-11T08:10:07.776+0000] {dag.py:3096} INFO - Sync 1 DAGs
[2026-03-11T08:10:07.851+0000] {logging_mixin.py:188} INFO - [2026-03-11T08:10:07.851+0000] {dag.py:3954} INFO - Setting next_dagrun for example_bash_operator to 2026-03-10 00:00:00+00:00, run_after=2026-03-11 00:00:00+00:00
[2026-03-11T08:10:07.879+0000] {processor.py:183} INFO - Processing /home/airflow/.local/lib/python3.12/site-packages/airflow/example_dags/example_bash_operator.py took 0.252 seconds
[2026-03-11T08:10:38.741+0000] {processor.py:161} INFO - Started process (PID=188) to work on /home/airflow/.local/lib/python3.12/site-packages/airflow/example_dags/example_bash_operator.py
[2026-03-11T08:10:38.744+0000] {processor.py:830} INFO - Processing file /home/airflow/.local/lib/python3.12/site-packages/airflow/example_dags/example_bash_operator.py for tasks to queue
[2026-03-11T08:10:38.748+0000] {logging_mixin.py:188} INFO - [2026-03-11T08:10:38.747+0000] {dagbag.py:545} INFO - Filling up the DagBag from /home/airflow/.local/lib/python3.12/site-packages/airflow/example_dags/example_bash_operator.py
[2026-03-11T08:10:38.769+0000] {processor.py:840} INFO - DAG(s) 'example_bash_operator' retrieved from /home/airflow/.local/lib/python3.12/site-packages/airflow/example_dags/example_bash_operator.py
[2026-03-11T08:10:38.814+0000] {logging_mixin.py:188} INFO - [2026-03-11T08:10:38.814+0000] {dag.py:3096} INFO - Sync 1 DAGs
[2026-03-11T08:10:38.849+0000] {logging_mixin.py:188} INFO - [2026-03-11T08:10:38.849+0000] {dag.py:3954} INFO - Setting next_dagrun for example_bash_operator to 2026-03-10 00:00:00+00:00, run_after=2026-03-11 00:00:00+00:00
[2026-03-11T08:10:38.885+0000] {processor.py:183} INFO - Processing /home/airflow/.local/lib/python3.12/site-packages/airflow/example_dags/example_bash_operator.py took 0.154 seconds
[2026-03-11T08:11:09.790+0000] {processor.py:161} INFO - Started process (PID=244) to work on /home/airflow/.local/lib/python3.12/site-packages/airflow/example_dags/example_bash_operator.py
[2026-03-11T08:11:09.792+0000] {processor.py:830} INFO - Processing file /home/airflow/.local/lib/python3.12/site-packages/airflow/example_dags/example_bash_operator.py for tasks to queue
[2026-03-11T08:11:09.794+0000] {logging_mixin.py:188} INFO - [2026-03-11T08:11:09.794+0000] {dagbag.py:545} INFO - Filling up the DagBag from /home/airflow/.local/lib/python3.12/site-packages/airflow/example_dags/example_bash_operator.py
[2026-03-11T08:11:09.809+0000] {processor.py:840} INFO - DAG(s) 'example_bash_operator' retrieved from /home/airflow/.local/lib/python3.12/site-packages/airflow/example_dags/example_bash_operator.py
[2026-03-11T08:11:09.849+0000] {logging_mixin.py:188} INFO - [2026-03-11T08:11:09.848+0000] {dag.py:3096} INFO - Sync 1 DAGs
[2026-03-11T08:11:09.877+0000] {logging_mixin.py:188} INFO - [2026-03-11T08:11:09.876+0000] {dag.py:3954} INFO - Setting next_dagrun for example_bash_operator to 2026-03-10 00:00:00+00:00, run_after=2026-03-11 00:00:00+00:00
[2026-03-11T08:11:09.908+0000] {processor.py:183} INFO - Processing /home/airflow/.local/lib/python3.12/site-packages/airflow/example_dags/example_bash_operator.py took 0.126 seconds
[2026-03-11T08:11:40.127+0000] {processor.py:161} INFO - Started process (PID=302) to work on /home/airflow/.local/lib/python3.12/site-packages/airflow/example_dags/example_bash_operator.py
[2026-03-11T08:11:40.128+0000] {processor.py:830} INFO - Processing file /home/airflow/.local/lib/python3.12/site-packages/airflow/example_dags/example_bash_operator.py for tasks to queue
[2026-03-11T08:11:40.132+0000] {logging_mixin.py:188} INFO - [2026-03-11T08:11:40.131+0000] {dagbag.py:545} INFO - Filling up the DagBag from /home/airflow/.local/lib/python3.12/site-packages/airflow/example_dags/example_bash_operator.py
[2026-03-11T08:11:40.149+0000] {processor.py:840} INFO - DAG(s) 'example_bash_operator' retrieved from /home/airflow/.local/lib/python3.12/site-packages/airflow/example_dags/example_bash_operator.py
[2026-03-11T08:11:40.192+0000] {logging_mixin.py:188} INFO - [2026-03-11T08:11:40.191+0000] {dag.py:3096} INFO - Sync 1 DAGs
[2026-03-11T08:11:40.233+0000] {logging_mixin.py:188} INFO - [2026-03-11T08:11:40.233+0000] {dag.py:3954} INFO - Setting next_dagrun for example_bash_operator to 2026-03-10 00:00:00+00:00, run_after=2026-03-11 00:00:00+00:00
[2026-03-11T08:11:40.288+0000] {processor.py:183} INFO - Processing /home/airflow/.local/lib/python3.12/site-packages/airflow/example_dags/example_bash_operator.py took 0.171 seconds
[2026-03-11T08:12:10.453+0000] {processor.py:161} INFO - Started process (PID=360) to work on /home/airflow/.local/lib/python3.12/site-packages/airflow/example_dags/example_bash_operator.py
[2026-03-11T08:12:10.454+0000] {processor.py:830} INFO - Processing file /home/airflow/.local/lib/python3.12/site-packages/airflow/example_dags/example_bash_operator.py for tasks to queue
[2026-03-11T08:12:10.456+0000] {logging_mixin.py:188} INFO - [2026-03-11T08:12:10.456+0000] {dagbag.py:545} INFO - Filling up the DagBag from /home/airflow/.local/lib/python3.12/site-packages/airflow/example_dags/example_bash_operator.py
[2026-03-11T08:12:10.474+0000] {processor.py:840} INFO - DAG(s) 'example_bash_operator' retrieved from /home/airflow/.local/lib/python3.12/site-packages/airflow/example_dags/example_bash_operator.py
[2026-03-11T08:12:10.510+0000] {logging_mixin.py:188} INFO - [2026-03-11T08:12:10.510+0000] {dag.py:3096} INFO - Sync 1 DAGs
[2026-03-11T08:12:10.546+0000] {logging_mixin.py:188} INFO - [2026-03-11T08:12:10.545+0000] {dag.py:3954} INFO - Setting next_dagrun for example_bash_operator to 2026-03-10 00:00:00+00:00, run_after=2026-03-11 00:00:00+00:00
[2026-03-11T08:12:10.571+0000] {processor.py:183} INFO - Processing /home/airflow/.local/lib/python3.12/site-packages/airflow/example_dags/example_bash_operator.py took 0.123 seconds
[2026-03-11T08:12:40.836+0000] {processor.py:161} INFO - Started process (PID=412) to work on /home/airflow/.local/lib/python3.12/site-packages/airflow/example_dags/example_bash_operator.py
[2026-03-11T08:12:40.838+0000] {processor.py:830} INFO - Processing file /home/airflow/.local/lib/python3.12/site-packages/airflow/example_dags/example_bash_operator.py for tasks to queue
[2026-03-11T08:12:40.841+0000] {logging_mixin.py:188} INFO - [2026-03-11T08:12:40.841+0000] {dagbag.py:545} INFO - Filling up the DagBag from /home/airflow/.local/lib/python3.12/site-packages/airflow/example_dags/example_bash_operator.py
[2026-03-11T08:12:40.852+0000] {processor.py:840} INFO - DAG(s) 'example_bash_operator' retrieved from /home/airflow/.local/lib/python3.12/site-packages/airflow/example_dags/example_bash_operator.py
[2026-03-11T08:12:40.881+0000] {logging_mixin.py:188} INFO - [2026-03-11T08:12:40.881+0000] {dag.py:3096} INFO - Sync 1 DAGs
[2026-03-11T08:12:40.904+0000] {logging_mixin.py:188} INFO - [2026-03-11T08:12:40.903+0000] {dag.py:3954} INFO - Setting next_dagrun for example_bash_operator to 2026-03-10 00:00:00+00:00, run_after=2026-03-11 00:00:00+00:00
[2026-03-11T08:12:40.926+0000] {processor.py:183} INFO - Processing /home/airflow/.local/lib/python3.12/site-packages/airflow/example_dags/example_bash_operator.py took 0.097 seconds
[2026-03-11T08:13:11.317+0000] {processor.py:161} INFO - Started process (PID=470) to work on /home/airflow/.local/lib/python3.12/site-packages/airflow/example_dags/example_bash_operator.py
[2026-03-11T08:13:11.318+0000] {processor.py:830} INFO - Processing file /home/airflow/.local/lib/python3.12/site-packages/airflow/example_dags/example_bash_operator.py for tasks to queue
[2026-03-11T08:13:11.321+0000] {logging_mixin.py:188} INFO - [2026-03-11T08:13:11.321+0000] {dagbag.py:545} INFO - Filling up the DagBag from /home/airflow/.local/lib/python3.12/site-packages/airflow/example_dags/example_bash_operator.py
[2026-03-11T08:13:11.333+0000] {processor.py:840} INFO - DAG(s) 'example_bash_operator' retrieved from /home/airflow/.local/lib/python3.12/site-packages/airflow/example_dags/example_bash_operator.py
[2026-03-11T08:13:11.360+0000] {logging_mixin.py:188} INFO - [2026-03-11T08:13:11.360+0000] {dag.py:3096} INFO - Sync 1 DAGs
[2026-03-11T08:13:11.383+0000] {logging_mixin.py:188} INFO - [2026-03-11T08:13:11.382+0000] {dag.py:3954} INFO - Setting next_dagrun for example_bash_operator to 2026-03-10 00:00:00+00:00, run_after=2026-03-11 00:00:00+00:00
[2026-03-11T08:13:11.406+0000] {processor.py:183} INFO - Processing /home/airflow/.local/lib/python3.12/site-packages/airflow/example_dags/example_bash_operator.py took 0.095 seconds
[2026-03-11T08:13:42.075+0000] {processor.py:161} INFO - Started process (PID=528) to work on /home/airflow/.local/lib/python3.12/site-packages/airflow/example_dags/example_bash_operator.py
[2026-03-11T08:13:42.076+0000] {processor.py:830} INFO - Processing file /home/airflow/.local/lib/python3.12/site-packages/airflow/example_dags/example_bash_operator.py for tasks to queue
[2026-03-11T08:13:42.079+0000] {logging_mixin.py:188} INFO - [2026-03-11T08:13:42.078+0000] {dagbag.py:545} INFO - Filling up the DagBag from /home/airflow/.local/lib/python3.12/site-packages/airflow/example_dags/example_bash_operator.py
[2026-03-11T08:13:42.096+0000] {processor.py:840} INFO - DAG(s) 'example_bash_operator' retrieved from /home/airflow/.local/lib/python3.12/site-packages/airflow/example_dags/example_bash_operator.py
[2026-03-11T08:13:42.153+0000] {logging_mixin.py:188} INFO - [2026-03-11T08:13:42.153+0000] {dag.py:3096} INFO - Sync 1 DAGs
[2026-03-11T08:13:42.199+0000] {logging_mixin.py:188} INFO - [2026-03-11T08:13:42.198+0000] {dag.py:3954} INFO - Setting next_dagrun for example_bash_operator to 2026-03-10 00:00:00+00:00, run_after=2026-03-11 00:00:00+00:00
[2026-03-11T08:13:42.233+0000] {processor.py:183} INFO - Processing /home/airflow/.local/lib/python3.12/site-packages/airflow/example_dags/example_bash_operator.py took 0.174 seconds
[2026-03-11T08:14:12.813+0000] {processor.py:161} INFO - Started process (PID=586) to work on /home/airflow/.local/lib/python3.12/site-packages/airflow/example_dags/example_bash_operator.py
[2026-03-11T08:14:12.814+0000] {processor.py:830} INFO - Processing file /home/airflow/.local/lib/python3.12/site-packages/airflow/example_dags/example_bash_operator.py for tasks to queue
[2026-03-11T08:14:12.817+0000] {logging_mixin.py:188} INFO - [2026-03-11T08:14:12.817+0000] {dagbag.py:545} INFO - Filling up the DagBag from /home/airflow/.local/lib/python3.12/site-packages/airflow/example_dags/example_bash_operator.py
[2026-03-11T08:14:12.830+0000] {processor.py:840} INFO - DAG(s) 'example_bash_operator' retrieved from /home/airflow/.local/lib/python3.12/site-packages/airflow/example_dags/example_bash_operator.py
[2026-03-11T08:14:12.857+0000] {logging_mixin.py:188} INFO - [2026-03-11T08:14:12.857+0000] {dag.py:3096} INFO - Sync 1 DAGs
[2026-03-11T08:14:12.880+0000] {logging_mixin.py:188} INFO - [2026-03-11T08:14:12.880+0000] {dag.py:3954} INFO - Setting next_dagrun for example_bash_operator to 2026-03-10 00:00:00+00:00, run_after=2026-03-11 00:00:00+00:00
[2026-03-11T08:14:12.903+0000] {processor.py:183} INFO - Processing /home/airflow/.local/lib/python3.12/site-packages/airflow/example_dags/example_bash_operator.py took 0.096 seconds
[2026-03-11T08:14:43.096+0000] {processor.py:161} INFO - Started process (PID=643) to work on /home/airflow/.local/lib/python3.12/site-packages/airflow/example_dags/example_bash_operator.py
[2026-03-11T08:14:43.097+0000] {processor.py:830} INFO - Processing file /home/airflow/.local/lib/python3.12/site-packages/airflow/example_dags/example_bash_operator.py for tasks to queue
[2026-03-11T08:14:43.099+0000] {logging_mixin.py:188} INFO - [2026-03-11T08:14:43.099+0000] {dagbag.py:545} INFO - Filling up the DagBag from /home/airflow/.local/lib/python3.12/site-packages/airflow/example_dags/example_bash_operator.py
[2026-03-11T08:14:43.112+0000] {processor.py:840} INFO - DAG(s) 'example_bash_operator' retrieved from /home/airflow/.local/lib/python3.12/site-packages/airflow/example_dags/example_bash_operator.py
[2026-03-11T08:14:43.140+0000] {logging_mixin.py:188} INFO - [2026-03-11T08:14:43.140+0000] {dag.py:3096} INFO - Sync 1 DAGs
[2026-03-11T08:14:43.165+0000] {logging_mixin.py:188} INFO - [2026-03-11T08:14:43.165+0000] {dag.py:3954} INFO - Setting next_dagrun for example_bash_operator to 2026-03-10 00:00:00+00:00, run_after=2026-03-11 00:00:00+00:00
[2026-03-11T08:14:43.187+0000] {processor.py:183} INFO - Processing /home/airflow/.local/lib/python3.12/site-packages/airflow/example_dags/example_bash_operator.py took 0.097 seconds
