[2026-03-11T08:09:39.055+0000] {processor.py:161} INFO - Started process (PID=81) to work on /home/airflow/.local/lib/python3.12/site-packages/airflow/example_dags/example_xcomargs.py
[2026-03-11T08:09:39.060+0000] {processor.py:830} INFO - Processing file /home/airflow/.local/lib/python3.12/site-packages/airflow/example_dags/example_xcomargs.py for tasks to queue
[2026-03-11T08:09:39.066+0000] {logging_mixin.py:188} INFO - [2026-03-11T08:09:39.066+0000] {dagbag.py:545} INFO - Filling up the DagBag from /home/airflow/.local/lib/python3.12/site-packages/airflow/example_dags/example_xcomargs.py
[2026-03-11T08:09:39.089+0000] {processor.py:840} INFO - DAG(s) 'example_xcom_args_with_operators', 'example_xcom_args' retrieved from /home/airflow/.local/lib/python3.12/site-packages/airflow/example_dags/example_xcomargs.py
[2026-03-11T08:09:39.447+0000] {logging_mixin.py:188} INFO - [2026-03-11T08:09:39.446+0000] {dag.py:3096} INFO - Sync 2 DAGs
[2026-03-11T08:09:39.472+0000] {logging_mixin.py:188} INFO - [2026-03-11T08:09:39.472+0000] {dag.py:3954} INFO - Setting next_dagrun for example_xcom_args to None, run_after=None
[2026-03-11T08:09:39.493+0000] {logging_mixin.py:188} INFO - [2026-03-11T08:09:39.493+0000] {dag.py:3954} INFO - Setting next_dagrun for example_xcom_args_with_operators to None, run_after=None
[2026-03-11T08:09:39.562+0000] {processor.py:183} INFO - Processing /home/airflow/.local/lib/python3.12/site-packages/airflow/example_dags/example_xcomargs.py took 0.518 seconds
[2026-03-11T08:10:10.593+0000] {processor.py:161} INFO - Started process (PID=138) to work on /home/airflow/.local/lib/python3.12/site-packages/airflow/example_dags/example_xcomargs.py
[2026-03-11T08:10:10.596+0000] {processor.py:830} INFO - Processing file /home/airflow/.local/lib/python3.12/site-packages/airflow/example_dags/example_xcomargs.py for tasks to queue
[2026-03-11T08:10:10.605+0000] {logging_mixin.py:188} INFO - [2026-03-11T08:10:10.603+0000] {dagbag.py:545} INFO - Filling up the DagBag from /home/airflow/.local/lib/python3.12/site-packages/airflow/example_dags/example_xcomargs.py
[2026-03-11T08:10:10.624+0000] {processor.py:840} INFO - DAG(s) 'example_xcom_args', 'example_xcom_args_with_operators' retrieved from /home/airflow/.local/lib/python3.12/site-packages/airflow/example_dags/example_xcomargs.py
[2026-03-11T08:10:10.672+0000] {logging_mixin.py:188} INFO - [2026-03-11T08:10:10.671+0000] {dag.py:3096} INFO - Sync 2 DAGs
[2026-03-11T08:10:10.706+0000] {logging_mixin.py:188} INFO - [2026-03-11T08:10:10.706+0000] {dag.py:3954} INFO - Setting next_dagrun for example_xcom_args to None, run_after=None
[2026-03-11T08:10:10.722+0000] {logging_mixin.py:188} INFO - [2026-03-11T08:10:10.722+0000] {dag.py:3954} INFO - Setting next_dagrun for example_xcom_args_with_operators to None, run_after=None
[2026-03-11T08:10:10.771+0000] {processor.py:183} INFO - Processing /home/airflow/.local/lib/python3.12/site-packages/airflow/example_dags/example_xcomargs.py took 0.195 seconds
[2026-03-11T08:10:41.598+0000] {processor.py:161} INFO - Started process (PID=196) to work on /home/airflow/.local/lib/python3.12/site-packages/airflow/example_dags/example_xcomargs.py
[2026-03-11T08:10:41.599+0000] {processor.py:830} INFO - Processing file /home/airflow/.local/lib/python3.12/site-packages/airflow/example_dags/example_xcomargs.py for tasks to queue
[2026-03-11T08:10:41.603+0000] {logging_mixin.py:188} INFO - [2026-03-11T08:10:41.602+0000] {dagbag.py:545} INFO - Filling up the DagBag from /home/airflow/.local/lib/python3.12/site-packages/airflow/example_dags/example_xcomargs.py
[2026-03-11T08:10:41.613+0000] {processor.py:840} INFO - DAG(s) 'example_xcom_args_with_operators', 'example_xcom_args' retrieved from /home/airflow/.local/lib/python3.12/site-packages/airflow/example_dags/example_xcomargs.py
[2026-03-11T08:10:41.657+0000] {logging_mixin.py:188} INFO - [2026-03-11T08:10:41.657+0000] {dag.py:3096} INFO - Sync 2 DAGs
[2026-03-11T08:10:41.712+0000] {logging_mixin.py:188} INFO - [2026-03-11T08:10:41.711+0000] {dag.py:3954} INFO - Setting next_dagrun for example_xcom_args to None, run_after=None
[2026-03-11T08:10:41.740+0000] {logging_mixin.py:188} INFO - [2026-03-11T08:10:41.738+0000] {dag.py:3954} INFO - Setting next_dagrun for example_xcom_args_with_operators to None, run_after=None
[2026-03-11T08:10:41.789+0000] {processor.py:183} INFO - Processing /home/airflow/.local/lib/python3.12/site-packages/airflow/example_dags/example_xcomargs.py took 0.200 seconds
[2026-03-11T08:11:12.032+0000] {processor.py:161} INFO - Started process (PID=254) to work on /home/airflow/.local/lib/python3.12/site-packages/airflow/example_dags/example_xcomargs.py
[2026-03-11T08:11:12.034+0000] {processor.py:830} INFO - Processing file /home/airflow/.local/lib/python3.12/site-packages/airflow/example_dags/example_xcomargs.py for tasks to queue
[2026-03-11T08:11:12.036+0000] {logging_mixin.py:188} INFO - [2026-03-11T08:11:12.036+0000] {dagbag.py:545} INFO - Filling up the DagBag from /home/airflow/.local/lib/python3.12/site-packages/airflow/example_dags/example_xcomargs.py
[2026-03-11T08:11:12.047+0000] {processor.py:840} INFO - DAG(s) 'example_xcom_args', 'example_xcom_args_with_operators' retrieved from /home/airflow/.local/lib/python3.12/site-packages/airflow/example_dags/example_xcomargs.py
[2026-03-11T08:11:12.087+0000] {logging_mixin.py:188} INFO - [2026-03-11T08:11:12.087+0000] {dag.py:3096} INFO - Sync 2 DAGs
[2026-03-11T08:11:12.111+0000] {logging_mixin.py:188} INFO - [2026-03-11T08:11:12.111+0000] {dag.py:3954} INFO - Setting next_dagrun for example_xcom_args to None, run_after=None
[2026-03-11T08:11:12.116+0000] {logging_mixin.py:188} INFO - [2026-03-11T08:11:12.116+0000] {dag.py:3954} INFO - Setting next_dagrun for example_xcom_args_with_operators to None, run_after=None
[2026-03-11T08:11:12.135+0000] {processor.py:183} INFO - Processing /home/airflow/.local/lib/python3.12/site-packages/airflow/example_dags/example_xcomargs.py took 0.113 seconds
[2026-03-11T08:11:42.346+0000] {processor.py:161} INFO - Started process (PID=312) to work on /home/airflow/.local/lib/python3.12/site-packages/airflow/example_dags/example_xcomargs.py
[2026-03-11T08:11:42.347+0000] {processor.py:830} INFO - Processing file /home/airflow/.local/lib/python3.12/site-packages/airflow/example_dags/example_xcomargs.py for tasks to queue
[2026-03-11T08:11:42.349+0000] {logging_mixin.py:188} INFO - [2026-03-11T08:11:42.349+0000] {dagbag.py:545} INFO - Filling up the DagBag from /home/airflow/.local/lib/python3.12/site-packages/airflow/example_dags/example_xcomargs.py
[2026-03-11T08:11:42.357+0000] {processor.py:840} INFO - DAG(s) 'example_xcom_args_with_operators', 'example_xcom_args' retrieved from /home/airflow/.local/lib/python3.12/site-packages/airflow/example_dags/example_xcomargs.py
[2026-03-11T08:11:42.378+0000] {logging_mixin.py:188} INFO - [2026-03-11T08:11:42.378+0000] {dag.py:3096} INFO - Sync 2 DAGs
[2026-03-11T08:11:42.392+0000] {logging_mixin.py:188} INFO - [2026-03-11T08:11:42.392+0000] {dag.py:3954} INFO - Setting next_dagrun for example_xcom_args to None, run_after=None
[2026-03-11T08:11:42.397+0000] {logging_mixin.py:188} INFO - [2026-03-11T08:11:42.396+0000] {dag.py:3954} INFO - Setting next_dagrun for example_xcom_args_with_operators to None, run_after=None
[2026-03-11T08:11:42.414+0000] {processor.py:183} INFO - Processing /home/airflow/.local/lib/python3.12/site-packages/airflow/example_dags/example_xcomargs.py took 0.075 seconds
[2026-03-11T08:12:13.077+0000] {processor.py:161} INFO - Started process (PID=370) to work on /home/airflow/.local/lib/python3.12/site-packages/airflow/example_dags/example_xcomargs.py
[2026-03-11T08:12:13.078+0000] {processor.py:830} INFO - Processing file /home/airflow/.local/lib/python3.12/site-packages/airflow/example_dags/example_xcomargs.py for tasks to queue
[2026-03-11T08:12:13.080+0000] {logging_mixin.py:188} INFO - [2026-03-11T08:12:13.080+0000] {dagbag.py:545} INFO - Filling up the DagBag from /home/airflow/.local/lib/python3.12/site-packages/airflow/example_dags/example_xcomargs.py
[2026-03-11T08:12:13.090+0000] {processor.py:840} INFO - DAG(s) 'example_xcom_args_with_operators', 'example_xcom_args' retrieved from /home/airflow/.local/lib/python3.12/site-packages/airflow/example_dags/example_xcomargs.py
[2026-03-11T08:12:13.114+0000] {logging_mixin.py:188} INFO - [2026-03-11T08:12:13.114+0000] {dag.py:3096} INFO - Sync 2 DAGs
[2026-03-11T08:12:13.128+0000] {logging_mixin.py:188} INFO - [2026-03-11T08:12:13.127+0000] {dag.py:3954} INFO - Setting next_dagrun for example_xcom_args to None, run_after=None
[2026-03-11T08:12:13.132+0000] {logging_mixin.py:188} INFO - [2026-03-11T08:12:13.131+0000] {dag.py:3954} INFO - Setting next_dagrun for example_xcom_args_with_operators to None, run_after=None
[2026-03-11T08:12:13.150+0000] {processor.py:183} INFO - Processing /home/airflow/.local/lib/python3.12/site-packages/airflow/example_dags/example_xcomargs.py took 0.079 seconds
[2026-03-11T08:12:43.520+0000] {processor.py:161} INFO - Started process (PID=426) to work on /home/airflow/.local/lib/python3.12/site-packages/airflow/example_dags/example_xcomargs.py
[2026-03-11T08:12:43.522+0000] {processor.py:830} INFO - Processing file /home/airflow/.local/lib/python3.12/site-packages/airflow/example_dags/example_xcomargs.py for tasks to queue
[2026-03-11T08:12:43.526+0000] {logging_mixin.py:188} INFO - [2026-03-11T08:12:43.525+0000] {dagbag.py:545} INFO - Filling up the DagBag from /home/airflow/.local/lib/python3.12/site-packages/airflow/example_dags/example_xcomargs.py
[2026-03-11T08:12:43.546+0000] {processor.py:840} INFO - DAG(s) 'example_xcom_args', 'example_xcom_args_with_operators' retrieved from /home/airflow/.local/lib/python3.12/site-packages/airflow/example_dags/example_xcomargs.py
[2026-03-11T08:12:43.585+0000] {logging_mixin.py:188} INFO - [2026-03-11T08:12:43.585+0000] {dag.py:3096} INFO - Sync 2 DAGs
[2026-03-11T08:12:43.602+0000] {logging_mixin.py:188} INFO - [2026-03-11T08:12:43.601+0000] {dag.py:3954} INFO - Setting next_dagrun for example_xcom_args to None, run_after=None
[2026-03-11T08:12:43.607+0000] {logging_mixin.py:188} INFO - [2026-03-11T08:12:43.607+0000] {dag.py:3954} INFO - Setting next_dagrun for example_xcom_args_with_operators to None, run_after=None
[2026-03-11T08:12:43.631+0000] {processor.py:183} INFO - Processing /home/airflow/.local/lib/python3.12/site-packages/airflow/example_dags/example_xcomargs.py took 0.121 seconds
[2026-03-11T08:13:13.916+0000] {processor.py:161} INFO - Started process (PID=478) to work on /home/airflow/.local/lib/python3.12/site-packages/airflow/example_dags/example_xcomargs.py
[2026-03-11T08:13:13.917+0000] {processor.py:830} INFO - Processing file /home/airflow/.local/lib/python3.12/site-packages/airflow/example_dags/example_xcomargs.py for tasks to queue
[2026-03-11T08:13:13.921+0000] {logging_mixin.py:188} INFO - [2026-03-11T08:13:13.921+0000] {dagbag.py:545} INFO - Filling up the DagBag from /home/airflow/.local/lib/python3.12/site-packages/airflow/example_dags/example_xcomargs.py
[2026-03-11T08:13:13.936+0000] {processor.py:840} INFO - DAG(s) 'example_xcom_args', 'example_xcom_args_with_operators' retrieved from /home/airflow/.local/lib/python3.12/site-packages/airflow/example_dags/example_xcomargs.py
[2026-03-11T08:13:13.967+0000] {logging_mixin.py:188} INFO - [2026-03-11T08:13:13.967+0000] {dag.py:3096} INFO - Sync 2 DAGs
[2026-03-11T08:13:13.983+0000] {logging_mixin.py:188} INFO - [2026-03-11T08:13:13.983+0000] {dag.py:3954} INFO - Setting next_dagrun for example_xcom_args to None, run_after=None
[2026-03-11T08:13:13.989+0000] {logging_mixin.py:188} INFO - [2026-03-11T08:13:13.989+0000] {dag.py:3954} INFO - Setting next_dagrun for example_xcom_args_with_operators to None, run_after=None
[2026-03-11T08:13:14.021+0000] {processor.py:183} INFO - Processing /home/airflow/.local/lib/python3.12/site-packages/airflow/example_dags/example_xcomargs.py took 0.116 seconds
[2026-03-11T08:13:44.891+0000] {processor.py:161} INFO - Started process (PID=536) to work on /home/airflow/.local/lib/python3.12/site-packages/airflow/example_dags/example_xcomargs.py
[2026-03-11T08:13:44.892+0000] {processor.py:830} INFO - Processing file /home/airflow/.local/lib/python3.12/site-packages/airflow/example_dags/example_xcomargs.py for tasks to queue
[2026-03-11T08:13:44.897+0000] {logging_mixin.py:188} INFO - [2026-03-11T08:13:44.896+0000] {dagbag.py:545} INFO - Filling up the DagBag from /home/airflow/.local/lib/python3.12/site-packages/airflow/example_dags/example_xcomargs.py
[2026-03-11T08:13:44.920+0000] {processor.py:840} INFO - DAG(s) 'example_xcom_args', 'example_xcom_args_with_operators' retrieved from /home/airflow/.local/lib/python3.12/site-packages/airflow/example_dags/example_xcomargs.py
[2026-03-11T08:13:45.027+0000] {logging_mixin.py:188} INFO - [2026-03-11T08:13:45.026+0000] {dag.py:3096} INFO - Sync 2 DAGs
[2026-03-11T08:13:45.093+0000] {logging_mixin.py:188} INFO - [2026-03-11T08:13:45.083+0000] {dag.py:3954} INFO - Setting next_dagrun for example_xcom_args to None, run_after=None
[2026-03-11T08:13:45.107+0000] {logging_mixin.py:188} INFO - [2026-03-11T08:13:45.106+0000] {dag.py:3954} INFO - Setting next_dagrun for example_xcom_args_with_operators to None, run_after=None
[2026-03-11T08:13:45.185+0000] {processor.py:183} INFO - Processing /home/airflow/.local/lib/python3.12/site-packages/airflow/example_dags/example_xcomargs.py took 0.302 seconds
[2026-03-11T08:14:15.467+0000] {processor.py:161} INFO - Started process (PID=594) to work on /home/airflow/.local/lib/python3.12/site-packages/airflow/example_dags/example_xcomargs.py
[2026-03-11T08:14:15.470+0000] {processor.py:830} INFO - Processing file /home/airflow/.local/lib/python3.12/site-packages/airflow/example_dags/example_xcomargs.py for tasks to queue
[2026-03-11T08:14:15.474+0000] {logging_mixin.py:188} INFO - [2026-03-11T08:14:15.474+0000] {dagbag.py:545} INFO - Filling up the DagBag from /home/airflow/.local/lib/python3.12/site-packages/airflow/example_dags/example_xcomargs.py
[2026-03-11T08:14:15.486+0000] {processor.py:840} INFO - DAG(s) 'example_xcom_args_with_operators', 'example_xcom_args' retrieved from /home/airflow/.local/lib/python3.12/site-packages/airflow/example_dags/example_xcomargs.py
[2026-03-11T08:14:15.526+0000] {logging_mixin.py:188} INFO - [2026-03-11T08:14:15.526+0000] {dag.py:3096} INFO - Sync 2 DAGs
[2026-03-11T08:14:15.544+0000] {logging_mixin.py:188} INFO - [2026-03-11T08:14:15.543+0000] {dag.py:3954} INFO - Setting next_dagrun for example_xcom_args to None, run_after=None
[2026-03-11T08:14:15.549+0000] {logging_mixin.py:188} INFO - [2026-03-11T08:14:15.549+0000] {dag.py:3954} INFO - Setting next_dagrun for example_xcom_args_with_operators to None, run_after=None
[2026-03-11T08:14:15.579+0000] {processor.py:183} INFO - Processing /home/airflow/.local/lib/python3.12/site-packages/airflow/example_dags/example_xcomargs.py took 0.124 seconds
[2026-03-11T08:14:46.329+0000] {processor.py:161} INFO - Started process (PID=651) to work on /home/airflow/.local/lib/python3.12/site-packages/airflow/example_dags/example_xcomargs.py
[2026-03-11T08:14:46.331+0000] {processor.py:830} INFO - Processing file /home/airflow/.local/lib/python3.12/site-packages/airflow/example_dags/example_xcomargs.py for tasks to queue
[2026-03-11T08:14:46.339+0000] {logging_mixin.py:188} INFO - [2026-03-11T08:14:46.336+0000] {dagbag.py:545} INFO - Filling up the DagBag from /home/airflow/.local/lib/python3.12/site-packages/airflow/example_dags/example_xcomargs.py
[2026-03-11T08:14:46.358+0000] {processor.py:840} INFO - DAG(s) 'example_xcom_args_with_operators', 'example_xcom_args' retrieved from /home/airflow/.local/lib/python3.12/site-packages/airflow/example_dags/example_xcomargs.py
[2026-03-11T08:14:46.405+0000] {logging_mixin.py:188} INFO - [2026-03-11T08:14:46.405+0000] {dag.py:3096} INFO - Sync 2 DAGs
[2026-03-11T08:14:46.432+0000] {logging_mixin.py:188} INFO - [2026-03-11T08:14:46.432+0000] {dag.py:3954} INFO - Setting next_dagrun for example_xcom_args to None, run_after=None
[2026-03-11T08:14:46.438+0000] {logging_mixin.py:188} INFO - [2026-03-11T08:14:46.438+0000] {dag.py:3954} INFO - Setting next_dagrun for example_xcom_args_with_operators to None, run_after=None
[2026-03-11T08:14:46.492+0000] {processor.py:183} INFO - Processing /home/airflow/.local/lib/python3.12/site-packages/airflow/example_dags/example_xcomargs.py took 0.172 seconds
