[2026-03-11T08:09:37.552+0000] {processor.py:161} INFO - Started process (PID=76) to work on /home/airflow/.local/lib/python3.12/site-packages/airflow/example_dags/example_datasets.py
[2026-03-11T08:09:37.553+0000] {processor.py:830} INFO - Processing file /home/airflow/.local/lib/python3.12/site-packages/airflow/example_dags/example_datasets.py for tasks to queue
[2026-03-11T08:09:37.566+0000] {logging_mixin.py:188} INFO - [2026-03-11T08:09:37.565+0000] {dagbag.py:545} INFO - Filling up the DagBag from /home/airflow/.local/lib/python3.12/site-packages/airflow/example_dags/example_datasets.py
[2026-03-11T08:09:37.614+0000] {processor.py:840} INFO - DAG(s) 'dataset_produces_2', 'dataset_consumes_1', 'consume_1_and_2_with_dataset_expressions', 'dataset_consumes_1_never_scheduled', 'dataset_consumes_1_and_2', 'consume_1_or_2_with_dataset_expressions', 'consume_1_or_both_2_and_3_with_dataset_expressions', 'dataset_consumes_unknown_never_scheduled', 'conditional_dataset_and_time_based_timetable', 'dataset_produces_1' retrieved from /home/airflow/.local/lib/python3.12/site-packages/airflow/example_dags/example_datasets.py
[2026-03-11T08:09:37.984+0000] {logging_mixin.py:188} INFO - [2026-03-11T08:09:37.983+0000] {dag.py:3096} INFO - Sync 10 DAGs
[2026-03-11T08:09:38.062+0000] {logging_mixin.py:188} INFO - [2026-03-11T08:09:38.062+0000] {dag.py:3954} INFO - Setting next_dagrun for conditional_dataset_and_time_based_timetable to 2026-03-11 01:00:00+00:00, run_after=2026-03-11 01:00:00+00:00
[2026-03-11T08:09:38.115+0000] {logging_mixin.py:188} INFO - [2026-03-11T08:09:38.110+0000] {dag.py:3954} INFO - Setting next_dagrun for consume_1_and_2_with_dataset_expressions to None, run_after=None
[2026-03-11T08:09:38.118+0000] {logging_mixin.py:188} INFO - [2026-03-11T08:09:38.118+0000] {dag.py:3954} INFO - Setting next_dagrun for consume_1_or_2_with_dataset_expressions to None, run_after=None
[2026-03-11T08:09:38.121+0000] {logging_mixin.py:188} INFO - [2026-03-11T08:09:38.121+0000] {dag.py:3954} INFO - Setting next_dagrun for consume_1_or_both_2_and_3_with_dataset_expressions to None, run_after=None
[2026-03-11T08:09:38.124+0000] {logging_mixin.py:188} INFO - [2026-03-11T08:09:38.123+0000] {dag.py:3954} INFO - Setting next_dagrun for dataset_consumes_1 to None, run_after=None
[2026-03-11T08:09:38.129+0000] {logging_mixin.py:188} INFO - [2026-03-11T08:09:38.129+0000] {dag.py:3954} INFO - Setting next_dagrun for dataset_consumes_1_and_2 to None, run_after=None
[2026-03-11T08:09:38.132+0000] {logging_mixin.py:188} INFO - [2026-03-11T08:09:38.131+0000] {dag.py:3954} INFO - Setting next_dagrun for dataset_consumes_1_never_scheduled to None, run_after=None
[2026-03-11T08:09:38.141+0000] {logging_mixin.py:188} INFO - [2026-03-11T08:09:38.140+0000] {dag.py:3954} INFO - Setting next_dagrun for dataset_consumes_unknown_never_scheduled to None, run_after=None
[2026-03-11T08:09:38.146+0000] {logging_mixin.py:188} INFO - [2026-03-11T08:09:38.146+0000] {dag.py:3954} INFO - Setting next_dagrun for dataset_produces_1 to 2026-03-10 00:00:00+00:00, run_after=2026-03-11 00:00:00+00:00
[2026-03-11T08:09:38.148+0000] {logging_mixin.py:188} INFO - [2026-03-11T08:09:38.148+0000] {dag.py:3954} INFO - Setting next_dagrun for dataset_produces_2 to None, run_after=None
[2026-03-11T08:09:38.200+0000] {processor.py:183} INFO - Processing /home/airflow/.local/lib/python3.12/site-packages/airflow/example_dags/example_datasets.py took 0.667 seconds
[2026-03-11T08:10:08.889+0000] {processor.py:161} INFO - Started process (PID=133) to work on /home/airflow/.local/lib/python3.12/site-packages/airflow/example_dags/example_datasets.py
[2026-03-11T08:10:08.890+0000] {processor.py:830} INFO - Processing file /home/airflow/.local/lib/python3.12/site-packages/airflow/example_dags/example_datasets.py for tasks to queue
[2026-03-11T08:10:08.901+0000] {logging_mixin.py:188} INFO - [2026-03-11T08:10:08.900+0000] {dagbag.py:545} INFO - Filling up the DagBag from /home/airflow/.local/lib/python3.12/site-packages/airflow/example_dags/example_datasets.py
[2026-03-11T08:10:08.948+0000] {processor.py:840} INFO - DAG(s) 'dataset_consumes_1_and_2', 'dataset_consumes_unknown_never_scheduled', 'conditional_dataset_and_time_based_timetable', 'consume_1_and_2_with_dataset_expressions', 'dataset_produces_2', 'dataset_consumes_1', 'dataset_consumes_1_never_scheduled', 'dataset_produces_1', 'consume_1_or_2_with_dataset_expressions', 'consume_1_or_both_2_and_3_with_dataset_expressions' retrieved from /home/airflow/.local/lib/python3.12/site-packages/airflow/example_dags/example_datasets.py
[2026-03-11T08:10:09.068+0000] {logging_mixin.py:188} INFO - [2026-03-11T08:10:09.067+0000] {dag.py:3096} INFO - Sync 10 DAGs
[2026-03-11T08:10:09.136+0000] {logging_mixin.py:188} INFO - [2026-03-11T08:10:09.136+0000] {dag.py:3954} INFO - Setting next_dagrun for conditional_dataset_and_time_based_timetable to 2026-03-11 01:00:00+00:00, run_after=2026-03-11 01:00:00+00:00
[2026-03-11T08:10:09.142+0000] {logging_mixin.py:188} INFO - [2026-03-11T08:10:09.142+0000] {dag.py:3954} INFO - Setting next_dagrun for consume_1_and_2_with_dataset_expressions to None, run_after=None
[2026-03-11T08:10:09.144+0000] {logging_mixin.py:188} INFO - [2026-03-11T08:10:09.144+0000] {dag.py:3954} INFO - Setting next_dagrun for consume_1_or_2_with_dataset_expressions to None, run_after=None
[2026-03-11T08:10:09.146+0000] {logging_mixin.py:188} INFO - [2026-03-11T08:10:09.146+0000] {dag.py:3954} INFO - Setting next_dagrun for consume_1_or_both_2_and_3_with_dataset_expressions to None, run_after=None
[2026-03-11T08:10:09.148+0000] {logging_mixin.py:188} INFO - [2026-03-11T08:10:09.148+0000] {dag.py:3954} INFO - Setting next_dagrun for dataset_consumes_1 to None, run_after=None
[2026-03-11T08:10:09.150+0000] {logging_mixin.py:188} INFO - [2026-03-11T08:10:09.150+0000] {dag.py:3954} INFO - Setting next_dagrun for dataset_consumes_1_and_2 to None, run_after=None
[2026-03-11T08:10:09.156+0000] {logging_mixin.py:188} INFO - [2026-03-11T08:10:09.156+0000] {dag.py:3954} INFO - Setting next_dagrun for dataset_consumes_1_never_scheduled to None, run_after=None
[2026-03-11T08:10:09.158+0000] {logging_mixin.py:188} INFO - [2026-03-11T08:10:09.158+0000] {dag.py:3954} INFO - Setting next_dagrun for dataset_consumes_unknown_never_scheduled to None, run_after=None
[2026-03-11T08:10:09.161+0000] {logging_mixin.py:188} INFO - [2026-03-11T08:10:09.161+0000] {dag.py:3954} INFO - Setting next_dagrun for dataset_produces_1 to 2026-03-10 00:00:00+00:00, run_after=2026-03-11 00:00:00+00:00
[2026-03-11T08:10:09.172+0000] {logging_mixin.py:188} INFO - [2026-03-11T08:10:09.171+0000] {dag.py:3954} INFO - Setting next_dagrun for dataset_produces_2 to None, run_after=None
[2026-03-11T08:10:09.257+0000] {processor.py:183} INFO - Processing /home/airflow/.local/lib/python3.12/site-packages/airflow/example_dags/example_datasets.py took 0.383 seconds
[2026-03-11T08:10:40.009+0000] {processor.py:161} INFO - Started process (PID=191) to work on /home/airflow/.local/lib/python3.12/site-packages/airflow/example_dags/example_datasets.py
[2026-03-11T08:10:40.011+0000] {processor.py:830} INFO - Processing file /home/airflow/.local/lib/python3.12/site-packages/airflow/example_dags/example_datasets.py for tasks to queue
[2026-03-11T08:10:40.015+0000] {logging_mixin.py:188} INFO - [2026-03-11T08:10:40.015+0000] {dagbag.py:545} INFO - Filling up the DagBag from /home/airflow/.local/lib/python3.12/site-packages/airflow/example_dags/example_datasets.py
[2026-03-11T08:10:40.040+0000] {processor.py:840} INFO - DAG(s) 'dataset_produces_1', 'consume_1_or_2_with_dataset_expressions', 'dataset_consumes_1_never_scheduled', 'dataset_consumes_1', 'dataset_consumes_1_and_2', 'dataset_consumes_unknown_never_scheduled', 'consume_1_and_2_with_dataset_expressions', 'consume_1_or_both_2_and_3_with_dataset_expressions', 'dataset_produces_2', 'conditional_dataset_and_time_based_timetable' retrieved from /home/airflow/.local/lib/python3.12/site-packages/airflow/example_dags/example_datasets.py
[2026-03-11T08:10:40.175+0000] {logging_mixin.py:188} INFO - [2026-03-11T08:10:40.175+0000] {dag.py:3096} INFO - Sync 10 DAGs
[2026-03-11T08:10:40.230+0000] {logging_mixin.py:188} INFO - [2026-03-11T08:10:40.228+0000] {dag.py:3954} INFO - Setting next_dagrun for conditional_dataset_and_time_based_timetable to 2026-03-11 01:00:00+00:00, run_after=2026-03-11 01:00:00+00:00
[2026-03-11T08:10:40.243+0000] {logging_mixin.py:188} INFO - [2026-03-11T08:10:40.242+0000] {dag.py:3954} INFO - Setting next_dagrun for consume_1_and_2_with_dataset_expressions to None, run_after=None
[2026-03-11T08:10:40.257+0000] {logging_mixin.py:188} INFO - [2026-03-11T08:10:40.256+0000] {dag.py:3954} INFO - Setting next_dagrun for consume_1_or_2_with_dataset_expressions to None, run_after=None
[2026-03-11T08:10:40.259+0000] {logging_mixin.py:188} INFO - [2026-03-11T08:10:40.259+0000] {dag.py:3954} INFO - Setting next_dagrun for consume_1_or_both_2_and_3_with_dataset_expressions to None, run_after=None
[2026-03-11T08:10:40.262+0000] {logging_mixin.py:188} INFO - [2026-03-11T08:10:40.262+0000] {dag.py:3954} INFO - Setting next_dagrun for dataset_consumes_1 to None, run_after=None
[2026-03-11T08:10:40.264+0000] {logging_mixin.py:188} INFO - [2026-03-11T08:10:40.264+0000] {dag.py:3954} INFO - Setting next_dagrun for dataset_consumes_1_and_2 to None, run_after=None
[2026-03-11T08:10:40.266+0000] {logging_mixin.py:188} INFO - [2026-03-11T08:10:40.266+0000] {dag.py:3954} INFO - Setting next_dagrun for dataset_consumes_1_never_scheduled to None, run_after=None
[2026-03-11T08:10:40.268+0000] {logging_mixin.py:188} INFO - [2026-03-11T08:10:40.268+0000] {dag.py:3954} INFO - Setting next_dagrun for dataset_consumes_unknown_never_scheduled to None, run_after=None
[2026-03-11T08:10:40.276+0000] {logging_mixin.py:188} INFO - [2026-03-11T08:10:40.276+0000] {dag.py:3954} INFO - Setting next_dagrun for dataset_produces_1 to 2026-03-10 00:00:00+00:00, run_after=2026-03-11 00:00:00+00:00
[2026-03-11T08:10:40.278+0000] {logging_mixin.py:188} INFO - [2026-03-11T08:10:40.278+0000] {dag.py:3954} INFO - Setting next_dagrun for dataset_produces_2 to None, run_after=None
[2026-03-11T08:10:40.365+0000] {processor.py:183} INFO - Processing /home/airflow/.local/lib/python3.12/site-packages/airflow/example_dags/example_datasets.py took 0.376 seconds
[2026-03-11T08:11:10.654+0000] {processor.py:161} INFO - Started process (PID=249) to work on /home/airflow/.local/lib/python3.12/site-packages/airflow/example_dags/example_datasets.py
[2026-03-11T08:11:10.655+0000] {processor.py:830} INFO - Processing file /home/airflow/.local/lib/python3.12/site-packages/airflow/example_dags/example_datasets.py for tasks to queue
[2026-03-11T08:11:10.657+0000] {logging_mixin.py:188} INFO - [2026-03-11T08:11:10.657+0000] {dagbag.py:545} INFO - Filling up the DagBag from /home/airflow/.local/lib/python3.12/site-packages/airflow/example_dags/example_datasets.py
[2026-03-11T08:11:10.673+0000] {processor.py:840} INFO - DAG(s) 'dataset_consumes_1', 'consume_1_and_2_with_dataset_expressions', 'dataset_consumes_unknown_never_scheduled', 'dataset_consumes_1_never_scheduled', 'conditional_dataset_and_time_based_timetable', 'dataset_consumes_1_and_2', 'dataset_produces_1', 'dataset_produces_2', 'consume_1_or_2_with_dataset_expressions', 'consume_1_or_both_2_and_3_with_dataset_expressions' retrieved from /home/airflow/.local/lib/python3.12/site-packages/airflow/example_dags/example_datasets.py
[2026-03-11T08:11:10.722+0000] {logging_mixin.py:188} INFO - [2026-03-11T08:11:10.722+0000] {dag.py:3096} INFO - Sync 10 DAGs
[2026-03-11T08:11:10.749+0000] {logging_mixin.py:188} INFO - [2026-03-11T08:11:10.749+0000] {dag.py:3954} INFO - Setting next_dagrun for conditional_dataset_and_time_based_timetable to 2026-03-11 01:00:00+00:00, run_after=2026-03-11 01:00:00+00:00
[2026-03-11T08:11:10.755+0000] {logging_mixin.py:188} INFO - [2026-03-11T08:11:10.755+0000] {dag.py:3954} INFO - Setting next_dagrun for consume_1_and_2_with_dataset_expressions to None, run_after=None
[2026-03-11T08:11:10.757+0000] {logging_mixin.py:188} INFO - [2026-03-11T08:11:10.756+0000] {dag.py:3954} INFO - Setting next_dagrun for consume_1_or_2_with_dataset_expressions to None, run_after=None
[2026-03-11T08:11:10.758+0000] {logging_mixin.py:188} INFO - [2026-03-11T08:11:10.758+0000] {dag.py:3954} INFO - Setting next_dagrun for consume_1_or_both_2_and_3_with_dataset_expressions to None, run_after=None
[2026-03-11T08:11:10.760+0000] {logging_mixin.py:188} INFO - [2026-03-11T08:11:10.759+0000] {dag.py:3954} INFO - Setting next_dagrun for dataset_consumes_1 to None, run_after=None
[2026-03-11T08:11:10.762+0000] {logging_mixin.py:188} INFO - [2026-03-11T08:11:10.761+0000] {dag.py:3954} INFO - Setting next_dagrun for dataset_consumes_1_and_2 to None, run_after=None
[2026-03-11T08:11:10.764+0000] {logging_mixin.py:188} INFO - [2026-03-11T08:11:10.764+0000] {dag.py:3954} INFO - Setting next_dagrun for dataset_consumes_1_never_scheduled to None, run_after=None
[2026-03-11T08:11:10.766+0000] {logging_mixin.py:188} INFO - [2026-03-11T08:11:10.766+0000] {dag.py:3954} INFO - Setting next_dagrun for dataset_consumes_unknown_never_scheduled to None, run_after=None
[2026-03-11T08:11:10.768+0000] {logging_mixin.py:188} INFO - [2026-03-11T08:11:10.768+0000] {dag.py:3954} INFO - Setting next_dagrun for dataset_produces_1 to 2026-03-10 00:00:00+00:00, run_after=2026-03-11 00:00:00+00:00
[2026-03-11T08:11:10.770+0000] {logging_mixin.py:188} INFO - [2026-03-11T08:11:10.770+0000] {dag.py:3954} INFO - Setting next_dagrun for dataset_produces_2 to None, run_after=None
[2026-03-11T08:11:10.805+0000] {processor.py:183} INFO - Processing /home/airflow/.local/lib/python3.12/site-packages/airflow/example_dags/example_datasets.py took 0.156 seconds
[2026-03-11T08:11:41.405+0000] {processor.py:161} INFO - Started process (PID=305) to work on /home/airflow/.local/lib/python3.12/site-packages/airflow/example_dags/example_datasets.py
[2026-03-11T08:11:41.408+0000] {processor.py:830} INFO - Processing file /home/airflow/.local/lib/python3.12/site-packages/airflow/example_dags/example_datasets.py for tasks to queue
[2026-03-11T08:11:41.412+0000] {logging_mixin.py:188} INFO - [2026-03-11T08:11:41.412+0000] {dagbag.py:545} INFO - Filling up the DagBag from /home/airflow/.local/lib/python3.12/site-packages/airflow/example_dags/example_datasets.py
[2026-03-11T08:11:41.441+0000] {processor.py:840} INFO - DAG(s) 'dataset_consumes_1_and_2', 'consume_1_or_2_with_dataset_expressions', 'dataset_produces_2', 'dataset_consumes_1', 'dataset_consumes_1_never_scheduled', 'dataset_produces_1', 'conditional_dataset_and_time_based_timetable', 'consume_1_or_both_2_and_3_with_dataset_expressions', 'dataset_consumes_unknown_never_scheduled', 'consume_1_and_2_with_dataset_expressions' retrieved from /home/airflow/.local/lib/python3.12/site-packages/airflow/example_dags/example_datasets.py
[2026-03-11T08:11:41.518+0000] {logging_mixin.py:188} INFO - [2026-03-11T08:11:41.518+0000] {dag.py:3096} INFO - Sync 10 DAGs
[2026-03-11T08:11:41.557+0000] {logging_mixin.py:188} INFO - [2026-03-11T08:11:41.556+0000] {dag.py:3954} INFO - Setting next_dagrun for conditional_dataset_and_time_based_timetable to 2026-03-11 01:00:00+00:00, run_after=2026-03-11 01:00:00+00:00
[2026-03-11T08:11:41.561+0000] {logging_mixin.py:188} INFO - [2026-03-11T08:11:41.561+0000] {dag.py:3954} INFO - Setting next_dagrun for consume_1_and_2_with_dataset_expressions to None, run_after=None
[2026-03-11T08:11:41.566+0000] {logging_mixin.py:188} INFO - [2026-03-11T08:11:41.565+0000] {dag.py:3954} INFO - Setting next_dagrun for consume_1_or_2_with_dataset_expressions to None, run_after=None
[2026-03-11T08:11:41.568+0000] {logging_mixin.py:188} INFO - [2026-03-11T08:11:41.567+0000] {dag.py:3954} INFO - Setting next_dagrun for consume_1_or_both_2_and_3_with_dataset_expressions to None, run_after=None
[2026-03-11T08:11:41.569+0000] {logging_mixin.py:188} INFO - [2026-03-11T08:11:41.569+0000] {dag.py:3954} INFO - Setting next_dagrun for dataset_consumes_1 to None, run_after=None
[2026-03-11T08:11:41.571+0000] {logging_mixin.py:188} INFO - [2026-03-11T08:11:41.571+0000] {dag.py:3954} INFO - Setting next_dagrun for dataset_consumes_1_and_2 to None, run_after=None
[2026-03-11T08:11:41.573+0000] {logging_mixin.py:188} INFO - [2026-03-11T08:11:41.573+0000] {dag.py:3954} INFO - Setting next_dagrun for dataset_consumes_1_never_scheduled to None, run_after=None
[2026-03-11T08:11:41.575+0000] {logging_mixin.py:188} INFO - [2026-03-11T08:11:41.575+0000] {dag.py:3954} INFO - Setting next_dagrun for dataset_consumes_unknown_never_scheduled to None, run_after=None
[2026-03-11T08:11:41.578+0000] {logging_mixin.py:188} INFO - [2026-03-11T08:11:41.577+0000] {dag.py:3954} INFO - Setting next_dagrun for dataset_produces_1 to 2026-03-10 00:00:00+00:00, run_after=2026-03-11 00:00:00+00:00
[2026-03-11T08:11:41.579+0000] {logging_mixin.py:188} INFO - [2026-03-11T08:11:41.579+0000] {dag.py:3954} INFO - Setting next_dagrun for dataset_produces_2 to None, run_after=None
[2026-03-11T08:11:41.624+0000] {processor.py:183} INFO - Processing /home/airflow/.local/lib/python3.12/site-packages/airflow/example_dags/example_datasets.py took 0.237 seconds
[2026-03-11T08:12:11.857+0000] {processor.py:161} INFO - Started process (PID=363) to work on /home/airflow/.local/lib/python3.12/site-packages/airflow/example_dags/example_datasets.py
[2026-03-11T08:12:11.858+0000] {processor.py:830} INFO - Processing file /home/airflow/.local/lib/python3.12/site-packages/airflow/example_dags/example_datasets.py for tasks to queue
[2026-03-11T08:12:11.861+0000] {logging_mixin.py:188} INFO - [2026-03-11T08:12:11.861+0000] {dagbag.py:545} INFO - Filling up the DagBag from /home/airflow/.local/lib/python3.12/site-packages/airflow/example_dags/example_datasets.py
[2026-03-11T08:12:11.879+0000] {processor.py:840} INFO - DAG(s) 'dataset_produces_1', 'dataset_produces_2', 'conditional_dataset_and_time_based_timetable', 'dataset_consumes_1_never_scheduled', 'dataset_consumes_1', 'consume_1_and_2_with_dataset_expressions', 'consume_1_or_both_2_and_3_with_dataset_expressions', 'dataset_consumes_unknown_never_scheduled', 'dataset_consumes_1_and_2', 'consume_1_or_2_with_dataset_expressions' retrieved from /home/airflow/.local/lib/python3.12/site-packages/airflow/example_dags/example_datasets.py
[2026-03-11T08:12:11.948+0000] {logging_mixin.py:188} INFO - [2026-03-11T08:12:11.948+0000] {dag.py:3096} INFO - Sync 10 DAGs
[2026-03-11T08:12:12.004+0000] {logging_mixin.py:188} INFO - [2026-03-11T08:12:12.003+0000] {dag.py:3954} INFO - Setting next_dagrun for conditional_dataset_and_time_based_timetable to 2026-03-11 01:00:00+00:00, run_after=2026-03-11 01:00:00+00:00
[2026-03-11T08:12:12.014+0000] {logging_mixin.py:188} INFO - [2026-03-11T08:12:12.014+0000] {dag.py:3954} INFO - Setting next_dagrun for consume_1_and_2_with_dataset_expressions to None, run_after=None
[2026-03-11T08:12:12.018+0000] {logging_mixin.py:188} INFO - [2026-03-11T08:12:12.017+0000] {dag.py:3954} INFO - Setting next_dagrun for consume_1_or_2_with_dataset_expressions to None, run_after=None
[2026-03-11T08:12:12.021+0000] {logging_mixin.py:188} INFO - [2026-03-11T08:12:12.020+0000] {dag.py:3954} INFO - Setting next_dagrun for consume_1_or_both_2_and_3_with_dataset_expressions to None, run_after=None
[2026-03-11T08:12:12.027+0000] {logging_mixin.py:188} INFO - [2026-03-11T08:12:12.026+0000] {dag.py:3954} INFO - Setting next_dagrun for dataset_consumes_1 to None, run_after=None
[2026-03-11T08:12:12.032+0000] {logging_mixin.py:188} INFO - [2026-03-11T08:12:12.031+0000] {dag.py:3954} INFO - Setting next_dagrun for dataset_consumes_1_and_2 to None, run_after=None
[2026-03-11T08:12:12.036+0000] {logging_mixin.py:188} INFO - [2026-03-11T08:12:12.036+0000] {dag.py:3954} INFO - Setting next_dagrun for dataset_consumes_1_never_scheduled to None, run_after=None
[2026-03-11T08:12:12.040+0000] {logging_mixin.py:188} INFO - [2026-03-11T08:12:12.039+0000] {dag.py:3954} INFO - Setting next_dagrun for dataset_consumes_unknown_never_scheduled to None, run_after=None
[2026-03-11T08:12:12.046+0000] {logging_mixin.py:188} INFO - [2026-03-11T08:12:12.046+0000] {dag.py:3954} INFO - Setting next_dagrun for dataset_produces_1 to 2026-03-10 00:00:00+00:00, run_after=2026-03-11 00:00:00+00:00
[2026-03-11T08:12:12.050+0000] {logging_mixin.py:188} INFO - [2026-03-11T08:12:12.049+0000] {dag.py:3954} INFO - Setting next_dagrun for dataset_produces_2 to None, run_after=None
[2026-03-11T08:12:12.110+0000] {processor.py:183} INFO - Processing /home/airflow/.local/lib/python3.12/site-packages/airflow/example_dags/example_datasets.py took 0.261 seconds
[2026-03-11T08:12:42.219+0000] {processor.py:161} INFO - Started process (PID=416) to work on /home/airflow/.local/lib/python3.12/site-packages/airflow/example_dags/example_datasets.py
[2026-03-11T08:12:42.220+0000] {processor.py:830} INFO - Processing file /home/airflow/.local/lib/python3.12/site-packages/airflow/example_dags/example_datasets.py for tasks to queue
[2026-03-11T08:12:42.224+0000] {logging_mixin.py:188} INFO - [2026-03-11T08:12:42.224+0000] {dagbag.py:545} INFO - Filling up the DagBag from /home/airflow/.local/lib/python3.12/site-packages/airflow/example_dags/example_datasets.py
[2026-03-11T08:12:42.246+0000] {processor.py:840} INFO - DAG(s) 'consume_1_or_2_with_dataset_expressions', 'conditional_dataset_and_time_based_timetable', 'dataset_produces_2', 'consume_1_or_both_2_and_3_with_dataset_expressions', 'consume_1_and_2_with_dataset_expressions', 'dataset_produces_1', 'dataset_consumes_1', 'dataset_consumes_1_never_scheduled', 'dataset_consumes_unknown_never_scheduled', 'dataset_consumes_1_and_2' retrieved from /home/airflow/.local/lib/python3.12/site-packages/airflow/example_dags/example_datasets.py
[2026-03-11T08:12:42.305+0000] {logging_mixin.py:188} INFO - [2026-03-11T08:12:42.305+0000] {dag.py:3096} INFO - Sync 10 DAGs
[2026-03-11T08:12:42.338+0000] {logging_mixin.py:188} INFO - [2026-03-11T08:12:42.337+0000] {dag.py:3954} INFO - Setting next_dagrun for conditional_dataset_and_time_based_timetable to 2026-03-11 01:00:00+00:00, run_after=2026-03-11 01:00:00+00:00
[2026-03-11T08:12:42.345+0000] {logging_mixin.py:188} INFO - [2026-03-11T08:12:42.344+0000] {dag.py:3954} INFO - Setting next_dagrun for consume_1_and_2_with_dataset_expressions to None, run_after=None
[2026-03-11T08:12:42.346+0000] {logging_mixin.py:188} INFO - [2026-03-11T08:12:42.346+0000] {dag.py:3954} INFO - Setting next_dagrun for consume_1_or_2_with_dataset_expressions to None, run_after=None
[2026-03-11T08:12:42.349+0000] {logging_mixin.py:188} INFO - [2026-03-11T08:12:42.349+0000] {dag.py:3954} INFO - Setting next_dagrun for consume_1_or_both_2_and_3_with_dataset_expressions to None, run_after=None
[2026-03-11T08:12:42.351+0000] {logging_mixin.py:188} INFO - [2026-03-11T08:12:42.351+0000] {dag.py:3954} INFO - Setting next_dagrun for dataset_consumes_1 to None, run_after=None
[2026-03-11T08:12:42.354+0000] {logging_mixin.py:188} INFO - [2026-03-11T08:12:42.354+0000] {dag.py:3954} INFO - Setting next_dagrun for dataset_consumes_1_and_2 to None, run_after=None
[2026-03-11T08:12:42.356+0000] {logging_mixin.py:188} INFO - [2026-03-11T08:12:42.356+0000] {dag.py:3954} INFO - Setting next_dagrun for dataset_consumes_1_never_scheduled to None, run_after=None
[2026-03-11T08:12:42.359+0000] {logging_mixin.py:188} INFO - [2026-03-11T08:12:42.358+0000] {dag.py:3954} INFO - Setting next_dagrun for dataset_consumes_unknown_never_scheduled to None, run_after=None
[2026-03-11T08:12:42.362+0000] {logging_mixin.py:188} INFO - [2026-03-11T08:12:42.362+0000] {dag.py:3954} INFO - Setting next_dagrun for dataset_produces_1 to 2026-03-10 00:00:00+00:00, run_after=2026-03-11 00:00:00+00:00
[2026-03-11T08:12:42.368+0000] {logging_mixin.py:188} INFO - [2026-03-11T08:12:42.368+0000] {dag.py:3954} INFO - Setting next_dagrun for dataset_produces_2 to None, run_after=None
[2026-03-11T08:12:42.415+0000] {processor.py:183} INFO - Processing /home/airflow/.local/lib/python3.12/site-packages/airflow/example_dags/example_datasets.py took 0.204 seconds
[2026-03-11T08:13:12.488+0000] {processor.py:161} INFO - Started process (PID=473) to work on /home/airflow/.local/lib/python3.12/site-packages/airflow/example_dags/example_datasets.py
[2026-03-11T08:13:12.490+0000] {processor.py:830} INFO - Processing file /home/airflow/.local/lib/python3.12/site-packages/airflow/example_dags/example_datasets.py for tasks to queue
[2026-03-11T08:13:12.493+0000] {logging_mixin.py:188} INFO - [2026-03-11T08:13:12.493+0000] {dagbag.py:545} INFO - Filling up the DagBag from /home/airflow/.local/lib/python3.12/site-packages/airflow/example_dags/example_datasets.py
[2026-03-11T08:13:12.517+0000] {processor.py:840} INFO - DAG(s) 'consume_1_and_2_with_dataset_expressions', 'consume_1_or_2_with_dataset_expressions', 'dataset_consumes_1_and_2', 'dataset_consumes_1_never_scheduled', 'dataset_produces_2', 'dataset_consumes_unknown_never_scheduled', 'dataset_produces_1', 'consume_1_or_both_2_and_3_with_dataset_expressions', 'conditional_dataset_and_time_based_timetable', 'dataset_consumes_1' retrieved from /home/airflow/.local/lib/python3.12/site-packages/airflow/example_dags/example_datasets.py
[2026-03-11T08:13:12.587+0000] {logging_mixin.py:188} INFO - [2026-03-11T08:13:12.587+0000] {dag.py:3096} INFO - Sync 10 DAGs
[2026-03-11T08:13:12.624+0000] {logging_mixin.py:188} INFO - [2026-03-11T08:13:12.624+0000] {dag.py:3954} INFO - Setting next_dagrun for conditional_dataset_and_time_based_timetable to 2026-03-11 01:00:00+00:00, run_after=2026-03-11 01:00:00+00:00
[2026-03-11T08:13:12.628+0000] {logging_mixin.py:188} INFO - [2026-03-11T08:13:12.628+0000] {dag.py:3954} INFO - Setting next_dagrun for consume_1_and_2_with_dataset_expressions to None, run_after=None
[2026-03-11T08:13:12.630+0000] {logging_mixin.py:188} INFO - [2026-03-11T08:13:12.630+0000] {dag.py:3954} INFO - Setting next_dagrun for consume_1_or_2_with_dataset_expressions to None, run_after=None
[2026-03-11T08:13:12.633+0000] {logging_mixin.py:188} INFO - [2026-03-11T08:13:12.632+0000] {dag.py:3954} INFO - Setting next_dagrun for consume_1_or_both_2_and_3_with_dataset_expressions to None, run_after=None
[2026-03-11T08:13:12.634+0000] {logging_mixin.py:188} INFO - [2026-03-11T08:13:12.634+0000] {dag.py:3954} INFO - Setting next_dagrun for dataset_consumes_1 to None, run_after=None
[2026-03-11T08:13:12.636+0000] {logging_mixin.py:188} INFO - [2026-03-11T08:13:12.636+0000] {dag.py:3954} INFO - Setting next_dagrun for dataset_consumes_1_and_2 to None, run_after=None
[2026-03-11T08:13:12.638+0000] {logging_mixin.py:188} INFO - [2026-03-11T08:13:12.638+0000] {dag.py:3954} INFO - Setting next_dagrun for dataset_consumes_1_never_scheduled to None, run_after=None
[2026-03-11T08:13:12.640+0000] {logging_mixin.py:188} INFO - [2026-03-11T08:13:12.640+0000] {dag.py:3954} INFO - Setting next_dagrun for dataset_consumes_unknown_never_scheduled to None, run_after=None
[2026-03-11T08:13:12.643+0000] {logging_mixin.py:188} INFO - [2026-03-11T08:13:12.643+0000] {dag.py:3954} INFO - Setting next_dagrun for dataset_produces_1 to 2026-03-10 00:00:00+00:00, run_after=2026-03-11 00:00:00+00:00
[2026-03-11T08:13:12.645+0000] {logging_mixin.py:188} INFO - [2026-03-11T08:13:12.645+0000] {dag.py:3954} INFO - Setting next_dagrun for dataset_produces_2 to None, run_after=None
[2026-03-11T08:13:12.694+0000] {processor.py:183} INFO - Processing /home/airflow/.local/lib/python3.12/site-packages/airflow/example_dags/example_datasets.py took 0.215 seconds
[2026-03-11T08:13:43.302+0000] {processor.py:161} INFO - Started process (PID=531) to work on /home/airflow/.local/lib/python3.12/site-packages/airflow/example_dags/example_datasets.py
[2026-03-11T08:13:43.304+0000] {processor.py:830} INFO - Processing file /home/airflow/.local/lib/python3.12/site-packages/airflow/example_dags/example_datasets.py for tasks to queue
[2026-03-11T08:13:43.307+0000] {logging_mixin.py:188} INFO - [2026-03-11T08:13:43.306+0000] {dagbag.py:545} INFO - Filling up the DagBag from /home/airflow/.local/lib/python3.12/site-packages/airflow/example_dags/example_datasets.py
[2026-03-11T08:13:43.331+0000] {processor.py:840} INFO - DAG(s) 'conditional_dataset_and_time_based_timetable', 'dataset_produces_1', 'dataset_consumes_1', 'consume_1_and_2_with_dataset_expressions', 'dataset_produces_2', 'consume_1_or_both_2_and_3_with_dataset_expressions', 'dataset_consumes_unknown_never_scheduled', 'dataset_consumes_1_and_2', 'dataset_consumes_1_never_scheduled', 'consume_1_or_2_with_dataset_expressions' retrieved from /home/airflow/.local/lib/python3.12/site-packages/airflow/example_dags/example_datasets.py
[2026-03-11T08:13:43.432+0000] {logging_mixin.py:188} INFO - [2026-03-11T08:13:43.432+0000] {dag.py:3096} INFO - Sync 10 DAGs
[2026-03-11T08:13:43.483+0000] {logging_mixin.py:188} INFO - [2026-03-11T08:13:43.482+0000] {dag.py:3954} INFO - Setting next_dagrun for conditional_dataset_and_time_based_timetable to 2026-03-11 01:00:00+00:00, run_after=2026-03-11 01:00:00+00:00
[2026-03-11T08:13:43.488+0000] {logging_mixin.py:188} INFO - [2026-03-11T08:13:43.488+0000] {dag.py:3954} INFO - Setting next_dagrun for consume_1_and_2_with_dataset_expressions to None, run_after=None
[2026-03-11T08:13:43.491+0000] {logging_mixin.py:188} INFO - [2026-03-11T08:13:43.490+0000] {dag.py:3954} INFO - Setting next_dagrun for consume_1_or_2_with_dataset_expressions to None, run_after=None
[2026-03-11T08:13:43.495+0000] {logging_mixin.py:188} INFO - [2026-03-11T08:13:43.495+0000] {dag.py:3954} INFO - Setting next_dagrun for consume_1_or_both_2_and_3_with_dataset_expressions to None, run_after=None
[2026-03-11T08:13:43.498+0000] {logging_mixin.py:188} INFO - [2026-03-11T08:13:43.497+0000] {dag.py:3954} INFO - Setting next_dagrun for dataset_consumes_1 to None, run_after=None
[2026-03-11T08:13:43.501+0000] {logging_mixin.py:188} INFO - [2026-03-11T08:13:43.500+0000] {dag.py:3954} INFO - Setting next_dagrun for dataset_consumes_1_and_2 to None, run_after=None
[2026-03-11T08:13:43.503+0000] {logging_mixin.py:188} INFO - [2026-03-11T08:13:43.502+0000] {dag.py:3954} INFO - Setting next_dagrun for dataset_consumes_1_never_scheduled to None, run_after=None
[2026-03-11T08:13:43.505+0000] {logging_mixin.py:188} INFO - [2026-03-11T08:13:43.504+0000] {dag.py:3954} INFO - Setting next_dagrun for dataset_consumes_unknown_never_scheduled to None, run_after=None
[2026-03-11T08:13:43.512+0000] {logging_mixin.py:188} INFO - [2026-03-11T08:13:43.511+0000] {dag.py:3954} INFO - Setting next_dagrun for dataset_produces_1 to 2026-03-10 00:00:00+00:00, run_after=2026-03-11 00:00:00+00:00
[2026-03-11T08:13:43.515+0000] {logging_mixin.py:188} INFO - [2026-03-11T08:13:43.515+0000] {dag.py:3954} INFO - Setting next_dagrun for dataset_produces_2 to None, run_after=None
[2026-03-11T08:13:43.581+0000] {processor.py:183} INFO - Processing /home/airflow/.local/lib/python3.12/site-packages/airflow/example_dags/example_datasets.py took 0.288 seconds
[2026-03-11T08:14:14.003+0000] {processor.py:161} INFO - Started process (PID=589) to work on /home/airflow/.local/lib/python3.12/site-packages/airflow/example_dags/example_datasets.py
[2026-03-11T08:14:14.005+0000] {processor.py:830} INFO - Processing file /home/airflow/.local/lib/python3.12/site-packages/airflow/example_dags/example_datasets.py for tasks to queue
[2026-03-11T08:14:14.009+0000] {logging_mixin.py:188} INFO - [2026-03-11T08:14:14.008+0000] {dagbag.py:545} INFO - Filling up the DagBag from /home/airflow/.local/lib/python3.12/site-packages/airflow/example_dags/example_datasets.py
[2026-03-11T08:14:14.031+0000] {processor.py:840} INFO - DAG(s) 'dataset_consumes_1_never_scheduled', 'dataset_produces_2', 'consume_1_or_2_with_dataset_expressions', 'consume_1_and_2_with_dataset_expressions', 'consume_1_or_both_2_and_3_with_dataset_expressions', 'dataset_consumes_unknown_never_scheduled', 'dataset_consumes_1_and_2', 'dataset_produces_1', 'dataset_consumes_1', 'conditional_dataset_and_time_based_timetable' retrieved from /home/airflow/.local/lib/python3.12/site-packages/airflow/example_dags/example_datasets.py
[2026-03-11T08:14:14.093+0000] {logging_mixin.py:188} INFO - [2026-03-11T08:14:14.093+0000] {dag.py:3096} INFO - Sync 10 DAGs
[2026-03-11T08:14:14.128+0000] {logging_mixin.py:188} INFO - [2026-03-11T08:14:14.128+0000] {dag.py:3954} INFO - Setting next_dagrun for conditional_dataset_and_time_based_timetable to 2026-03-11 01:00:00+00:00, run_after=2026-03-11 01:00:00+00:00
[2026-03-11T08:14:14.134+0000] {logging_mixin.py:188} INFO - [2026-03-11T08:14:14.134+0000] {dag.py:3954} INFO - Setting next_dagrun for consume_1_and_2_with_dataset_expressions to None, run_after=None
[2026-03-11T08:14:14.136+0000] {logging_mixin.py:188} INFO - [2026-03-11T08:14:14.136+0000] {dag.py:3954} INFO - Setting next_dagrun for consume_1_or_2_with_dataset_expressions to None, run_after=None
[2026-03-11T08:14:14.139+0000] {logging_mixin.py:188} INFO - [2026-03-11T08:14:14.138+0000] {dag.py:3954} INFO - Setting next_dagrun for consume_1_or_both_2_and_3_with_dataset_expressions to None, run_after=None
[2026-03-11T08:14:14.140+0000] {logging_mixin.py:188} INFO - [2026-03-11T08:14:14.140+0000] {dag.py:3954} INFO - Setting next_dagrun for dataset_consumes_1 to None, run_after=None
[2026-03-11T08:14:14.142+0000] {logging_mixin.py:188} INFO - [2026-03-11T08:14:14.142+0000] {dag.py:3954} INFO - Setting next_dagrun for dataset_consumes_1_and_2 to None, run_after=None
[2026-03-11T08:14:14.144+0000] {logging_mixin.py:188} INFO - [2026-03-11T08:14:14.144+0000] {dag.py:3954} INFO - Setting next_dagrun for dataset_consumes_1_never_scheduled to None, run_after=None
[2026-03-11T08:14:14.146+0000] {logging_mixin.py:188} INFO - [2026-03-11T08:14:14.146+0000] {dag.py:3954} INFO - Setting next_dagrun for dataset_consumes_unknown_never_scheduled to None, run_after=None
[2026-03-11T08:14:14.148+0000] {logging_mixin.py:188} INFO - [2026-03-11T08:14:14.148+0000] {dag.py:3954} INFO - Setting next_dagrun for dataset_produces_1 to 2026-03-10 00:00:00+00:00, run_after=2026-03-11 00:00:00+00:00
[2026-03-11T08:14:14.150+0000] {logging_mixin.py:188} INFO - [2026-03-11T08:14:14.150+0000] {dag.py:3954} INFO - Setting next_dagrun for dataset_produces_2 to None, run_after=None
[2026-03-11T08:14:14.202+0000] {processor.py:183} INFO - Processing /home/airflow/.local/lib/python3.12/site-packages/airflow/example_dags/example_datasets.py took 0.216 seconds
[2026-03-11T08:14:44.279+0000] {processor.py:161} INFO - Started process (PID=646) to work on /home/airflow/.local/lib/python3.12/site-packages/airflow/example_dags/example_datasets.py
[2026-03-11T08:14:44.281+0000] {processor.py:830} INFO - Processing file /home/airflow/.local/lib/python3.12/site-packages/airflow/example_dags/example_datasets.py for tasks to queue
[2026-03-11T08:14:44.285+0000] {logging_mixin.py:188} INFO - [2026-03-11T08:14:44.284+0000] {dagbag.py:545} INFO - Filling up the DagBag from /home/airflow/.local/lib/python3.12/site-packages/airflow/example_dags/example_datasets.py
[2026-03-11T08:14:44.318+0000] {processor.py:840} INFO - DAG(s) 'dataset_produces_1', 'dataset_consumes_1_and_2', 'consume_1_or_2_with_dataset_expressions', 'conditional_dataset_and_time_based_timetable', 'dataset_consumes_1_never_scheduled', 'dataset_consumes_1', 'consume_1_or_both_2_and_3_with_dataset_expressions', 'dataset_consumes_unknown_never_scheduled', 'consume_1_and_2_with_dataset_expressions', 'dataset_produces_2' retrieved from /home/airflow/.local/lib/python3.12/site-packages/airflow/example_dags/example_datasets.py
[2026-03-11T08:14:44.505+0000] {logging_mixin.py:188} INFO - [2026-03-11T08:14:44.505+0000] {dag.py:3096} INFO - Sync 10 DAGs
[2026-03-11T08:14:44.600+0000] {logging_mixin.py:188} INFO - [2026-03-11T08:14:44.600+0000] {dag.py:3954} INFO - Setting next_dagrun for conditional_dataset_and_time_based_timetable to 2026-03-11 01:00:00+00:00, run_after=2026-03-11 01:00:00+00:00
[2026-03-11T08:14:44.615+0000] {logging_mixin.py:188} INFO - [2026-03-11T08:14:44.615+0000] {dag.py:3954} INFO - Setting next_dagrun for consume_1_and_2_with_dataset_expressions to None, run_after=None
[2026-03-11T08:14:44.630+0000] {logging_mixin.py:188} INFO - [2026-03-11T08:14:44.629+0000] {dag.py:3954} INFO - Setting next_dagrun for consume_1_or_2_with_dataset_expressions to None, run_after=None
[2026-03-11T08:14:44.642+0000] {logging_mixin.py:188} INFO - [2026-03-11T08:14:44.641+0000] {dag.py:3954} INFO - Setting next_dagrun for consume_1_or_both_2_and_3_with_dataset_expressions to None, run_after=None
[2026-03-11T08:14:44.648+0000] {logging_mixin.py:188} INFO - [2026-03-11T08:14:44.647+0000] {dag.py:3954} INFO - Setting next_dagrun for dataset_consumes_1 to None, run_after=None
[2026-03-11T08:14:44.653+0000] {logging_mixin.py:188} INFO - [2026-03-11T08:14:44.653+0000] {dag.py:3954} INFO - Setting next_dagrun for dataset_consumes_1_and_2 to None, run_after=None
[2026-03-11T08:14:44.657+0000] {logging_mixin.py:188} INFO - [2026-03-11T08:14:44.657+0000] {dag.py:3954} INFO - Setting next_dagrun for dataset_consumes_1_never_scheduled to None, run_after=None
[2026-03-11T08:14:44.672+0000] {logging_mixin.py:188} INFO - [2026-03-11T08:14:44.672+0000] {dag.py:3954} INFO - Setting next_dagrun for dataset_consumes_unknown_never_scheduled to None, run_after=None
[2026-03-11T08:14:44.678+0000] {logging_mixin.py:188} INFO - [2026-03-11T08:14:44.678+0000] {dag.py:3954} INFO - Setting next_dagrun for dataset_produces_1 to 2026-03-10 00:00:00+00:00, run_after=2026-03-11 00:00:00+00:00
[2026-03-11T08:14:44.681+0000] {logging_mixin.py:188} INFO - [2026-03-11T08:14:44.681+0000] {dag.py:3954} INFO - Setting next_dagrun for dataset_produces_2 to None, run_after=None
[2026-03-11T08:14:44.759+0000] {processor.py:183} INFO - Processing /home/airflow/.local/lib/python3.12/site-packages/airflow/example_dags/example_datasets.py took 0.490 seconds
