[2026-03-11T08:09:38.279+0000] {processor.py:161} INFO - Started process (PID=78) to work on /home/airflow/.local/lib/python3.12/site-packages/airflow/example_dags/example_branch_python_dop_operator_3.py
[2026-03-11T08:09:38.285+0000] {processor.py:830} INFO - Processing file /home/airflow/.local/lib/python3.12/site-packages/airflow/example_dags/example_branch_python_dop_operator_3.py for tasks to queue
[2026-03-11T08:09:38.290+0000] {logging_mixin.py:188} INFO - [2026-03-11T08:09:38.290+0000] {dagbag.py:545} INFO - Filling up the DagBag from /home/airflow/.local/lib/python3.12/site-packages/airflow/example_dags/example_branch_python_dop_operator_3.py
[2026-03-11T08:09:38.328+0000] {processor.py:840} INFO - DAG(s) 'example_branch_dop_operator_v3' retrieved from /home/airflow/.local/lib/python3.12/site-packages/airflow/example_dags/example_branch_python_dop_operator_3.py
[2026-03-11T08:09:38.532+0000] {logging_mixin.py:188} INFO - [2026-03-11T08:09:38.531+0000] {dag.py:3096} INFO - Sync 1 DAGs
[2026-03-11T08:09:38.583+0000] {logging_mixin.py:188} INFO - [2026-03-11T08:09:38.582+0000] {dag.py:3954} INFO - Setting next_dagrun for example_branch_dop_operator_v3 to 2026-03-11 08:08:00+00:00, run_after=2026-03-11 08:09:00+00:00
[2026-03-11T08:09:38.633+0000] {processor.py:183} INFO - Processing /home/airflow/.local/lib/python3.12/site-packages/airflow/example_dags/example_branch_python_dop_operator_3.py took 0.373 seconds
[2026-03-11T08:10:09.322+0000] {processor.py:161} INFO - Started process (PID=135) to work on /home/airflow/.local/lib/python3.12/site-packages/airflow/example_dags/example_branch_python_dop_operator_3.py
[2026-03-11T08:10:09.327+0000] {processor.py:830} INFO - Processing file /home/airflow/.local/lib/python3.12/site-packages/airflow/example_dags/example_branch_python_dop_operator_3.py for tasks to queue
[2026-03-11T08:10:09.334+0000] {logging_mixin.py:188} INFO - [2026-03-11T08:10:09.333+0000] {dagbag.py:545} INFO - Filling up the DagBag from /home/airflow/.local/lib/python3.12/site-packages/airflow/example_dags/example_branch_python_dop_operator_3.py
[2026-03-11T08:10:09.357+0000] {processor.py:840} INFO - DAG(s) 'example_branch_dop_operator_v3' retrieved from /home/airflow/.local/lib/python3.12/site-packages/airflow/example_dags/example_branch_python_dop_operator_3.py
[2026-03-11T08:10:09.406+0000] {logging_mixin.py:188} INFO - [2026-03-11T08:10:09.405+0000] {dag.py:3096} INFO - Sync 1 DAGs
[2026-03-11T08:10:09.460+0000] {logging_mixin.py:188} INFO - [2026-03-11T08:10:09.459+0000] {dag.py:3954} INFO - Setting next_dagrun for example_branch_dop_operator_v3 to 2026-03-11 08:09:00+00:00, run_after=2026-03-11 08:10:00+00:00
[2026-03-11T08:10:09.502+0000] {processor.py:183} INFO - Processing /home/airflow/.local/lib/python3.12/site-packages/airflow/example_dags/example_branch_python_dop_operator_3.py took 0.192 seconds
[2026-03-11T08:10:40.423+0000] {processor.py:161} INFO - Started process (PID=193) to work on /home/airflow/.local/lib/python3.12/site-packages/airflow/example_dags/example_branch_python_dop_operator_3.py
[2026-03-11T08:10:40.426+0000] {processor.py:830} INFO - Processing file /home/airflow/.local/lib/python3.12/site-packages/airflow/example_dags/example_branch_python_dop_operator_3.py for tasks to queue
[2026-03-11T08:10:40.428+0000] {logging_mixin.py:188} INFO - [2026-03-11T08:10:40.428+0000] {dagbag.py:545} INFO - Filling up the DagBag from /home/airflow/.local/lib/python3.12/site-packages/airflow/example_dags/example_branch_python_dop_operator_3.py
[2026-03-11T08:10:40.439+0000] {processor.py:840} INFO - DAG(s) 'example_branch_dop_operator_v3' retrieved from /home/airflow/.local/lib/python3.12/site-packages/airflow/example_dags/example_branch_python_dop_operator_3.py
[2026-03-11T08:10:40.472+0000] {logging_mixin.py:188} INFO - [2026-03-11T08:10:40.472+0000] {dag.py:3096} INFO - Sync 1 DAGs
[2026-03-11T08:10:40.510+0000] {logging_mixin.py:188} INFO - [2026-03-11T08:10:40.510+0000] {dag.py:3954} INFO - Setting next_dagrun for example_branch_dop_operator_v3 to 2026-03-11 08:09:00+00:00, run_after=2026-03-11 08:10:00+00:00
[2026-03-11T08:10:40.535+0000] {processor.py:183} INFO - Processing /home/airflow/.local/lib/python3.12/site-packages/airflow/example_dags/example_branch_python_dop_operator_3.py took 0.120 seconds
[2026-03-11T08:11:10.842+0000] {processor.py:161} INFO - Started process (PID=251) to work on /home/airflow/.local/lib/python3.12/site-packages/airflow/example_dags/example_branch_python_dop_operator_3.py
[2026-03-11T08:11:10.843+0000] {processor.py:830} INFO - Processing file /home/airflow/.local/lib/python3.12/site-packages/airflow/example_dags/example_branch_python_dop_operator_3.py for tasks to queue
[2026-03-11T08:11:10.846+0000] {logging_mixin.py:188} INFO - [2026-03-11T08:11:10.845+0000] {dagbag.py:545} INFO - Filling up the DagBag from /home/airflow/.local/lib/python3.12/site-packages/airflow/example_dags/example_branch_python_dop_operator_3.py
[2026-03-11T08:11:10.855+0000] {processor.py:840} INFO - DAG(s) 'example_branch_dop_operator_v3' retrieved from /home/airflow/.local/lib/python3.12/site-packages/airflow/example_dags/example_branch_python_dop_operator_3.py
[2026-03-11T08:11:10.875+0000] {logging_mixin.py:188} INFO - [2026-03-11T08:11:10.875+0000] {dag.py:3096} INFO - Sync 1 DAGs
[2026-03-11T08:11:10.899+0000] {logging_mixin.py:188} INFO - [2026-03-11T08:11:10.899+0000] {dag.py:3954} INFO - Setting next_dagrun for example_branch_dop_operator_v3 to 2026-03-11 08:10:00+00:00, run_after=2026-03-11 08:11:00+00:00
[2026-03-11T08:11:10.921+0000] {processor.py:183} INFO - Processing /home/airflow/.local/lib/python3.12/site-packages/airflow/example_dags/example_branch_python_dop_operator_3.py took 0.086 seconds
[2026-03-11T08:11:41.666+0000] {processor.py:161} INFO - Started process (PID=307) to work on /home/airflow/.local/lib/python3.12/site-packages/airflow/example_dags/example_branch_python_dop_operator_3.py
[2026-03-11T08:11:41.668+0000] {processor.py:830} INFO - Processing file /home/airflow/.local/lib/python3.12/site-packages/airflow/example_dags/example_branch_python_dop_operator_3.py for tasks to queue
[2026-03-11T08:11:41.670+0000] {logging_mixin.py:188} INFO - [2026-03-11T08:11:41.670+0000] {dagbag.py:545} INFO - Filling up the DagBag from /home/airflow/.local/lib/python3.12/site-packages/airflow/example_dags/example_branch_python_dop_operator_3.py
[2026-03-11T08:11:41.682+0000] {processor.py:840} INFO - DAG(s) 'example_branch_dop_operator_v3' retrieved from /home/airflow/.local/lib/python3.12/site-packages/airflow/example_dags/example_branch_python_dop_operator_3.py
[2026-03-11T08:11:41.703+0000] {logging_mixin.py:188} INFO - [2026-03-11T08:11:41.702+0000] {dag.py:3096} INFO - Sync 1 DAGs
[2026-03-11T08:11:41.728+0000] {logging_mixin.py:188} INFO - [2026-03-11T08:11:41.728+0000] {dag.py:3954} INFO - Setting next_dagrun for example_branch_dop_operator_v3 to 2026-03-11 08:10:00+00:00, run_after=2026-03-11 08:11:00+00:00
[2026-03-11T08:11:41.747+0000] {processor.py:183} INFO - Processing /home/airflow/.local/lib/python3.12/site-packages/airflow/example_dags/example_branch_python_dop_operator_3.py took 0.090 seconds
[2026-03-11T08:12:12.036+0000] {processor.py:161} INFO - Started process (PID=365) to work on /home/airflow/.local/lib/python3.12/site-packages/airflow/example_dags/example_branch_python_dop_operator_3.py
[2026-03-11T08:12:12.038+0000] {processor.py:830} INFO - Processing file /home/airflow/.local/lib/python3.12/site-packages/airflow/example_dags/example_branch_python_dop_operator_3.py for tasks to queue
[2026-03-11T08:12:12.043+0000] {logging_mixin.py:188} INFO - [2026-03-11T08:12:12.043+0000] {dagbag.py:545} INFO - Filling up the DagBag from /home/airflow/.local/lib/python3.12/site-packages/airflow/example_dags/example_branch_python_dop_operator_3.py
[2026-03-11T08:12:12.064+0000] {processor.py:840} INFO - DAG(s) 'example_branch_dop_operator_v3' retrieved from /home/airflow/.local/lib/python3.12/site-packages/airflow/example_dags/example_branch_python_dop_operator_3.py
[2026-03-11T08:12:12.100+0000] {logging_mixin.py:188} INFO - [2026-03-11T08:12:12.100+0000] {dag.py:3096} INFO - Sync 1 DAGs
[2026-03-11T08:12:12.153+0000] {logging_mixin.py:188} INFO - [2026-03-11T08:12:12.153+0000] {dag.py:3954} INFO - Setting next_dagrun for example_branch_dop_operator_v3 to 2026-03-11 08:11:00+00:00, run_after=2026-03-11 08:12:00+00:00
[2026-03-11T08:12:12.189+0000] {processor.py:183} INFO - Processing /home/airflow/.local/lib/python3.12/site-packages/airflow/example_dags/example_branch_python_dop_operator_3.py took 0.170 seconds
[2026-03-11T08:12:42.258+0000] {processor.py:161} INFO - Started process (PID=417) to work on /home/airflow/.local/lib/python3.12/site-packages/airflow/example_dags/example_branch_python_dop_operator_3.py
[2026-03-11T08:12:42.259+0000] {processor.py:830} INFO - Processing file /home/airflow/.local/lib/python3.12/site-packages/airflow/example_dags/example_branch_python_dop_operator_3.py for tasks to queue
[2026-03-11T08:12:42.264+0000] {logging_mixin.py:188} INFO - [2026-03-11T08:12:42.264+0000] {dagbag.py:545} INFO - Filling up the DagBag from /home/airflow/.local/lib/python3.12/site-packages/airflow/example_dags/example_branch_python_dop_operator_3.py
[2026-03-11T08:12:42.275+0000] {processor.py:840} INFO - DAG(s) 'example_branch_dop_operator_v3' retrieved from /home/airflow/.local/lib/python3.12/site-packages/airflow/example_dags/example_branch_python_dop_operator_3.py
[2026-03-11T08:12:42.305+0000] {logging_mixin.py:188} INFO - [2026-03-11T08:12:42.305+0000] {dag.py:3096} INFO - Sync 1 DAGs
[2026-03-11T08:12:42.333+0000] {logging_mixin.py:188} INFO - [2026-03-11T08:12:42.332+0000] {dag.py:3954} INFO - Setting next_dagrun for example_branch_dop_operator_v3 to 2026-03-11 08:11:00+00:00, run_after=2026-03-11 08:12:00+00:00
[2026-03-11T08:12:42.357+0000] {processor.py:183} INFO - Processing /home/airflow/.local/lib/python3.12/site-packages/airflow/example_dags/example_branch_python_dop_operator_3.py took 0.107 seconds
[2026-03-11T08:13:12.735+0000] {processor.py:161} INFO - Started process (PID=475) to work on /home/airflow/.local/lib/python3.12/site-packages/airflow/example_dags/example_branch_python_dop_operator_3.py
[2026-03-11T08:13:12.736+0000] {processor.py:830} INFO - Processing file /home/airflow/.local/lib/python3.12/site-packages/airflow/example_dags/example_branch_python_dop_operator_3.py for tasks to queue
[2026-03-11T08:13:12.739+0000] {logging_mixin.py:188} INFO - [2026-03-11T08:13:12.738+0000] {dagbag.py:545} INFO - Filling up the DagBag from /home/airflow/.local/lib/python3.12/site-packages/airflow/example_dags/example_branch_python_dop_operator_3.py
[2026-03-11T08:13:12.754+0000] {processor.py:840} INFO - DAG(s) 'example_branch_dop_operator_v3' retrieved from /home/airflow/.local/lib/python3.12/site-packages/airflow/example_dags/example_branch_python_dop_operator_3.py
[2026-03-11T08:13:12.778+0000] {logging_mixin.py:188} INFO - [2026-03-11T08:13:12.778+0000] {dag.py:3096} INFO - Sync 1 DAGs
[2026-03-11T08:13:12.809+0000] {logging_mixin.py:188} INFO - [2026-03-11T08:13:12.809+0000] {dag.py:3954} INFO - Setting next_dagrun for example_branch_dop_operator_v3 to 2026-03-11 08:12:00+00:00, run_after=2026-03-11 08:13:00+00:00
[2026-03-11T08:13:12.835+0000] {processor.py:183} INFO - Processing /home/airflow/.local/lib/python3.12/site-packages/airflow/example_dags/example_branch_python_dop_operator_3.py took 0.107 seconds
[2026-03-11T08:13:43.657+0000] {processor.py:161} INFO - Started process (PID=533) to work on /home/airflow/.local/lib/python3.12/site-packages/airflow/example_dags/example_branch_python_dop_operator_3.py
[2026-03-11T08:13:43.659+0000] {processor.py:830} INFO - Processing file /home/airflow/.local/lib/python3.12/site-packages/airflow/example_dags/example_branch_python_dop_operator_3.py for tasks to queue
[2026-03-11T08:13:43.665+0000] {logging_mixin.py:188} INFO - [2026-03-11T08:13:43.665+0000] {dagbag.py:545} INFO - Filling up the DagBag from /home/airflow/.local/lib/python3.12/site-packages/airflow/example_dags/example_branch_python_dop_operator_3.py
[2026-03-11T08:13:43.682+0000] {processor.py:840} INFO - DAG(s) 'example_branch_dop_operator_v3' retrieved from /home/airflow/.local/lib/python3.12/site-packages/airflow/example_dags/example_branch_python_dop_operator_3.py
[2026-03-11T08:13:43.721+0000] {logging_mixin.py:188} INFO - [2026-03-11T08:13:43.720+0000] {dag.py:3096} INFO - Sync 1 DAGs
[2026-03-11T08:13:43.777+0000] {logging_mixin.py:188} INFO - [2026-03-11T08:13:43.776+0000] {dag.py:3954} INFO - Setting next_dagrun for example_branch_dop_operator_v3 to 2026-03-11 08:12:00+00:00, run_after=2026-03-11 08:13:00+00:00
[2026-03-11T08:13:43.820+0000] {processor.py:183} INFO - Processing /home/airflow/.local/lib/python3.12/site-packages/airflow/example_dags/example_branch_python_dop_operator_3.py took 0.171 seconds
[2026-03-11T08:14:14.257+0000] {processor.py:161} INFO - Started process (PID=591) to work on /home/airflow/.local/lib/python3.12/site-packages/airflow/example_dags/example_branch_python_dop_operator_3.py
[2026-03-11T08:14:14.260+0000] {processor.py:830} INFO - Processing file /home/airflow/.local/lib/python3.12/site-packages/airflow/example_dags/example_branch_python_dop_operator_3.py for tasks to queue
[2026-03-11T08:14:14.262+0000] {logging_mixin.py:188} INFO - [2026-03-11T08:14:14.262+0000] {dagbag.py:545} INFO - Filling up the DagBag from /home/airflow/.local/lib/python3.12/site-packages/airflow/example_dags/example_branch_python_dop_operator_3.py
[2026-03-11T08:14:14.273+0000] {processor.py:840} INFO - DAG(s) 'example_branch_dop_operator_v3' retrieved from /home/airflow/.local/lib/python3.12/site-packages/airflow/example_dags/example_branch_python_dop_operator_3.py
[2026-03-11T08:14:14.296+0000] {logging_mixin.py:188} INFO - [2026-03-11T08:14:14.295+0000] {dag.py:3096} INFO - Sync 1 DAGs
[2026-03-11T08:14:14.328+0000] {logging_mixin.py:188} INFO - [2026-03-11T08:14:14.328+0000] {dag.py:3954} INFO - Setting next_dagrun for example_branch_dop_operator_v3 to 2026-03-11 08:13:00+00:00, run_after=2026-03-11 08:14:00+00:00
[2026-03-11T08:14:14.354+0000] {processor.py:183} INFO - Processing /home/airflow/.local/lib/python3.12/site-packages/airflow/example_dags/example_branch_python_dop_operator_3.py took 0.110 seconds
[2026-03-11T08:14:44.910+0000] {processor.py:161} INFO - Started process (PID=648) to work on /home/airflow/.local/lib/python3.12/site-packages/airflow/example_dags/example_branch_python_dop_operator_3.py
[2026-03-11T08:14:44.913+0000] {processor.py:830} INFO - Processing file /home/airflow/.local/lib/python3.12/site-packages/airflow/example_dags/example_branch_python_dop_operator_3.py for tasks to queue
[2026-03-11T08:14:44.923+0000] {logging_mixin.py:188} INFO - [2026-03-11T08:14:44.922+0000] {dagbag.py:545} INFO - Filling up the DagBag from /home/airflow/.local/lib/python3.12/site-packages/airflow/example_dags/example_branch_python_dop_operator_3.py
[2026-03-11T08:14:44.943+0000] {processor.py:840} INFO - DAG(s) 'example_branch_dop_operator_v3' retrieved from /home/airflow/.local/lib/python3.12/site-packages/airflow/example_dags/example_branch_python_dop_operator_3.py
[2026-03-11T08:14:45.044+0000] {logging_mixin.py:188} INFO - [2026-03-11T08:14:45.044+0000] {dag.py:3096} INFO - Sync 1 DAGs
[2026-03-11T08:14:45.125+0000] {logging_mixin.py:188} INFO - [2026-03-11T08:14:45.124+0000] {dag.py:3954} INFO - Setting next_dagrun for example_branch_dop_operator_v3 to 2026-03-11 08:13:00+00:00, run_after=2026-03-11 08:14:00+00:00
[2026-03-11T08:14:45.190+0000] {processor.py:183} INFO - Processing /home/airflow/.local/lib/python3.12/site-packages/airflow/example_dags/example_branch_python_dop_operator_3.py took 0.309 seconds
