[2026-03-11T08:09:34.264+0000] {processor.py:161} INFO - Started process (PID=62) to work on /home/airflow/.local/lib/python3.12/site-packages/airflow/example_dags/example_task_group.py
[2026-03-11T08:09:34.266+0000] {processor.py:830} INFO - Processing file /home/airflow/.local/lib/python3.12/site-packages/airflow/example_dags/example_task_group.py for tasks to queue
[2026-03-11T08:09:34.269+0000] {logging_mixin.py:188} INFO - [2026-03-11T08:09:34.268+0000] {dagbag.py:545} INFO - Filling up the DagBag from /home/airflow/.local/lib/python3.12/site-packages/airflow/example_dags/example_task_group.py
[2026-03-11T08:09:34.310+0000] {processor.py:840} INFO - DAG(s) 'example_task_group' retrieved from /home/airflow/.local/lib/python3.12/site-packages/airflow/example_dags/example_task_group.py
[2026-03-11T08:09:34.779+0000] {logging_mixin.py:188} INFO - [2026-03-11T08:09:34.779+0000] {dag.py:3096} INFO - Sync 1 DAGs
[2026-03-11T08:09:34.816+0000] {logging_mixin.py:188} INFO - [2026-03-11T08:09:34.815+0000] {dag.py:3954} INFO - Setting next_dagrun for example_task_group to 2026-03-10 00:00:00+00:00, run_after=2026-03-11 00:00:00+00:00
[2026-03-11T08:09:34.855+0000] {processor.py:183} INFO - Processing /home/airflow/.local/lib/python3.12/site-packages/airflow/example_dags/example_task_group.py took 0.604 seconds
[2026-03-11T08:10:05.267+0000] {processor.py:161} INFO - Started process (PID=119) to work on /home/airflow/.local/lib/python3.12/site-packages/airflow/example_dags/example_task_group.py
[2026-03-11T08:10:05.271+0000] {processor.py:830} INFO - Processing file /home/airflow/.local/lib/python3.12/site-packages/airflow/example_dags/example_task_group.py for tasks to queue
[2026-03-11T08:10:05.285+0000] {logging_mixin.py:188} INFO - [2026-03-11T08:10:05.284+0000] {dagbag.py:545} INFO - Filling up the DagBag from /home/airflow/.local/lib/python3.12/site-packages/airflow/example_dags/example_task_group.py
[2026-03-11T08:10:05.361+0000] {processor.py:840} INFO - DAG(s) 'example_task_group' retrieved from /home/airflow/.local/lib/python3.12/site-packages/airflow/example_dags/example_task_group.py
[2026-03-11T08:10:05.495+0000] {logging_mixin.py:188} INFO - [2026-03-11T08:10:05.494+0000] {dag.py:3096} INFO - Sync 1 DAGs
[2026-03-11T08:10:05.569+0000] {logging_mixin.py:188} INFO - [2026-03-11T08:10:05.568+0000] {dag.py:3954} INFO - Setting next_dagrun for example_task_group to 2026-03-10 00:00:00+00:00, run_after=2026-03-11 00:00:00+00:00
[2026-03-11T08:10:05.677+0000] {processor.py:183} INFO - Processing /home/airflow/.local/lib/python3.12/site-packages/airflow/example_dags/example_task_group.py took 0.441 seconds
[2026-03-11T08:10:36.157+0000] {processor.py:161} INFO - Started process (PID=175) to work on /home/airflow/.local/lib/python3.12/site-packages/airflow/example_dags/example_task_group.py
[2026-03-11T08:10:36.169+0000] {processor.py:830} INFO - Processing file /home/airflow/.local/lib/python3.12/site-packages/airflow/example_dags/example_task_group.py for tasks to queue
[2026-03-11T08:10:36.197+0000] {logging_mixin.py:188} INFO - [2026-03-11T08:10:36.195+0000] {dagbag.py:545} INFO - Filling up the DagBag from /home/airflow/.local/lib/python3.12/site-packages/airflow/example_dags/example_task_group.py
[2026-03-11T08:10:36.220+0000] {processor.py:840} INFO - DAG(s) 'example_task_group' retrieved from /home/airflow/.local/lib/python3.12/site-packages/airflow/example_dags/example_task_group.py
[2026-03-11T08:10:36.290+0000] {logging_mixin.py:188} INFO - [2026-03-11T08:10:36.289+0000] {dag.py:3096} INFO - Sync 1 DAGs
[2026-03-11T08:10:36.335+0000] {logging_mixin.py:188} INFO - [2026-03-11T08:10:36.335+0000] {dag.py:3954} INFO - Setting next_dagrun for example_task_group to 2026-03-10 00:00:00+00:00, run_after=2026-03-11 00:00:00+00:00
[2026-03-11T08:10:36.379+0000] {processor.py:183} INFO - Processing /home/airflow/.local/lib/python3.12/site-packages/airflow/example_dags/example_task_group.py took 0.242 seconds
[2026-03-11T08:11:06.820+0000] {processor.py:161} INFO - Started process (PID=233) to work on /home/airflow/.local/lib/python3.12/site-packages/airflow/example_dags/example_task_group.py
[2026-03-11T08:11:06.822+0000] {processor.py:830} INFO - Processing file /home/airflow/.local/lib/python3.12/site-packages/airflow/example_dags/example_task_group.py for tasks to queue
[2026-03-11T08:11:06.826+0000] {logging_mixin.py:188} INFO - [2026-03-11T08:11:06.825+0000] {dagbag.py:545} INFO - Filling up the DagBag from /home/airflow/.local/lib/python3.12/site-packages/airflow/example_dags/example_task_group.py
[2026-03-11T08:11:06.842+0000] {processor.py:840} INFO - DAG(s) 'example_task_group' retrieved from /home/airflow/.local/lib/python3.12/site-packages/airflow/example_dags/example_task_group.py
[2026-03-11T08:11:06.878+0000] {logging_mixin.py:188} INFO - [2026-03-11T08:11:06.878+0000] {dag.py:3096} INFO - Sync 1 DAGs
[2026-03-11T08:11:06.902+0000] {logging_mixin.py:188} INFO - [2026-03-11T08:11:06.902+0000] {dag.py:3954} INFO - Setting next_dagrun for example_task_group to 2026-03-10 00:00:00+00:00, run_after=2026-03-11 00:00:00+00:00
[2026-03-11T08:11:06.922+0000] {processor.py:183} INFO - Processing /home/airflow/.local/lib/python3.12/site-packages/airflow/example_dags/example_task_group.py took 0.112 seconds
[2026-03-11T08:11:37.067+0000] {processor.py:161} INFO - Started process (PID=285) to work on /home/airflow/.local/lib/python3.12/site-packages/airflow/example_dags/example_task_group.py
[2026-03-11T08:11:37.070+0000] {processor.py:830} INFO - Processing file /home/airflow/.local/lib/python3.12/site-packages/airflow/example_dags/example_task_group.py for tasks to queue
[2026-03-11T08:11:37.074+0000] {logging_mixin.py:188} INFO - [2026-03-11T08:11:37.074+0000] {dagbag.py:545} INFO - Filling up the DagBag from /home/airflow/.local/lib/python3.12/site-packages/airflow/example_dags/example_task_group.py
[2026-03-11T08:11:37.086+0000] {processor.py:840} INFO - DAG(s) 'example_task_group' retrieved from /home/airflow/.local/lib/python3.12/site-packages/airflow/example_dags/example_task_group.py
[2026-03-11T08:11:37.120+0000] {logging_mixin.py:188} INFO - [2026-03-11T08:11:37.119+0000] {dag.py:3096} INFO - Sync 1 DAGs
[2026-03-11T08:11:37.150+0000] {logging_mixin.py:188} INFO - [2026-03-11T08:11:37.150+0000] {dag.py:3954} INFO - Setting next_dagrun for example_task_group to 2026-03-10 00:00:00+00:00, run_after=2026-03-11 00:00:00+00:00
[2026-03-11T08:11:37.170+0000] {processor.py:183} INFO - Processing /home/airflow/.local/lib/python3.12/site-packages/airflow/example_dags/example_task_group.py took 0.115 seconds
[2026-03-11T08:12:07.337+0000] {processor.py:161} INFO - Started process (PID=343) to work on /home/airflow/.local/lib/python3.12/site-packages/airflow/example_dags/example_task_group.py
[2026-03-11T08:12:07.339+0000] {processor.py:830} INFO - Processing file /home/airflow/.local/lib/python3.12/site-packages/airflow/example_dags/example_task_group.py for tasks to queue
[2026-03-11T08:12:07.344+0000] {logging_mixin.py:188} INFO - [2026-03-11T08:12:07.344+0000] {dagbag.py:545} INFO - Filling up the DagBag from /home/airflow/.local/lib/python3.12/site-packages/airflow/example_dags/example_task_group.py
[2026-03-11T08:12:07.359+0000] {processor.py:840} INFO - DAG(s) 'example_task_group' retrieved from /home/airflow/.local/lib/python3.12/site-packages/airflow/example_dags/example_task_group.py
[2026-03-11T08:12:07.399+0000] {logging_mixin.py:188} INFO - [2026-03-11T08:12:07.399+0000] {dag.py:3096} INFO - Sync 1 DAGs
[2026-03-11T08:12:07.434+0000] {logging_mixin.py:188} INFO - [2026-03-11T08:12:07.434+0000] {dag.py:3954} INFO - Setting next_dagrun for example_task_group to 2026-03-10 00:00:00+00:00, run_after=2026-03-11 00:00:00+00:00
[2026-03-11T08:12:07.464+0000] {processor.py:183} INFO - Processing /home/airflow/.local/lib/python3.12/site-packages/airflow/example_dags/example_task_group.py took 0.140 seconds
[2026-03-11T08:12:37.933+0000] {processor.py:161} INFO - Started process (PID=401) to work on /home/airflow/.local/lib/python3.12/site-packages/airflow/example_dags/example_task_group.py
[2026-03-11T08:12:37.936+0000] {processor.py:830} INFO - Processing file /home/airflow/.local/lib/python3.12/site-packages/airflow/example_dags/example_task_group.py for tasks to queue
[2026-03-11T08:12:37.943+0000] {logging_mixin.py:188} INFO - [2026-03-11T08:12:37.941+0000] {dagbag.py:545} INFO - Filling up the DagBag from /home/airflow/.local/lib/python3.12/site-packages/airflow/example_dags/example_task_group.py
[2026-03-11T08:12:37.961+0000] {processor.py:840} INFO - DAG(s) 'example_task_group' retrieved from /home/airflow/.local/lib/python3.12/site-packages/airflow/example_dags/example_task_group.py
[2026-03-11T08:12:37.999+0000] {logging_mixin.py:188} INFO - [2026-03-11T08:12:37.998+0000] {dag.py:3096} INFO - Sync 1 DAGs
[2026-03-11T08:12:38.038+0000] {logging_mixin.py:188} INFO - [2026-03-11T08:12:38.038+0000] {dag.py:3954} INFO - Setting next_dagrun for example_task_group to 2026-03-10 00:00:00+00:00, run_after=2026-03-11 00:00:00+00:00
[2026-03-11T08:12:38.070+0000] {processor.py:183} INFO - Processing /home/airflow/.local/lib/python3.12/site-packages/airflow/example_dags/example_task_group.py took 0.154 seconds
[2026-03-11T08:13:08.465+0000] {processor.py:161} INFO - Started process (PID=459) to work on /home/airflow/.local/lib/python3.12/site-packages/airflow/example_dags/example_task_group.py
[2026-03-11T08:13:08.467+0000] {processor.py:830} INFO - Processing file /home/airflow/.local/lib/python3.12/site-packages/airflow/example_dags/example_task_group.py for tasks to queue
[2026-03-11T08:13:08.470+0000] {logging_mixin.py:188} INFO - [2026-03-11T08:13:08.470+0000] {dagbag.py:545} INFO - Filling up the DagBag from /home/airflow/.local/lib/python3.12/site-packages/airflow/example_dags/example_task_group.py
[2026-03-11T08:13:08.484+0000] {processor.py:840} INFO - DAG(s) 'example_task_group' retrieved from /home/airflow/.local/lib/python3.12/site-packages/airflow/example_dags/example_task_group.py
[2026-03-11T08:13:08.517+0000] {logging_mixin.py:188} INFO - [2026-03-11T08:13:08.516+0000] {dag.py:3096} INFO - Sync 1 DAGs
[2026-03-11T08:13:08.555+0000] {logging_mixin.py:188} INFO - [2026-03-11T08:13:08.555+0000] {dag.py:3954} INFO - Setting next_dagrun for example_task_group to 2026-03-10 00:00:00+00:00, run_after=2026-03-11 00:00:00+00:00
[2026-03-11T08:13:08.582+0000] {processor.py:183} INFO - Processing /home/airflow/.local/lib/python3.12/site-packages/airflow/example_dags/example_task_group.py took 0.126 seconds
[2026-03-11T08:13:38.967+0000] {processor.py:161} INFO - Started process (PID=517) to work on /home/airflow/.local/lib/python3.12/site-packages/airflow/example_dags/example_task_group.py
[2026-03-11T08:13:38.969+0000] {processor.py:830} INFO - Processing file /home/airflow/.local/lib/python3.12/site-packages/airflow/example_dags/example_task_group.py for tasks to queue
[2026-03-11T08:13:38.972+0000] {logging_mixin.py:188} INFO - [2026-03-11T08:13:38.972+0000] {dagbag.py:545} INFO - Filling up the DagBag from /home/airflow/.local/lib/python3.12/site-packages/airflow/example_dags/example_task_group.py
[2026-03-11T08:13:38.985+0000] {processor.py:840} INFO - DAG(s) 'example_task_group' retrieved from /home/airflow/.local/lib/python3.12/site-packages/airflow/example_dags/example_task_group.py
[2026-03-11T08:13:39.020+0000] {logging_mixin.py:188} INFO - [2026-03-11T08:13:39.020+0000] {dag.py:3096} INFO - Sync 1 DAGs
[2026-03-11T08:13:39.054+0000] {logging_mixin.py:188} INFO - [2026-03-11T08:13:39.053+0000] {dag.py:3954} INFO - Setting next_dagrun for example_task_group to 2026-03-10 00:00:00+00:00, run_after=2026-03-11 00:00:00+00:00
[2026-03-11T08:13:39.077+0000] {processor.py:183} INFO - Processing /home/airflow/.local/lib/python3.12/site-packages/airflow/example_dags/example_task_group.py took 0.123 seconds
[2026-03-11T08:14:09.874+0000] {processor.py:161} INFO - Started process (PID=575) to work on /home/airflow/.local/lib/python3.12/site-packages/airflow/example_dags/example_task_group.py
[2026-03-11T08:14:09.875+0000] {processor.py:830} INFO - Processing file /home/airflow/.local/lib/python3.12/site-packages/airflow/example_dags/example_task_group.py for tasks to queue
[2026-03-11T08:14:09.878+0000] {logging_mixin.py:188} INFO - [2026-03-11T08:14:09.878+0000] {dagbag.py:545} INFO - Filling up the DagBag from /home/airflow/.local/lib/python3.12/site-packages/airflow/example_dags/example_task_group.py
[2026-03-11T08:14:09.890+0000] {processor.py:840} INFO - DAG(s) 'example_task_group' retrieved from /home/airflow/.local/lib/python3.12/site-packages/airflow/example_dags/example_task_group.py
[2026-03-11T08:14:09.919+0000] {logging_mixin.py:188} INFO - [2026-03-11T08:14:09.919+0000] {dag.py:3096} INFO - Sync 1 DAGs
[2026-03-11T08:14:09.949+0000] {logging_mixin.py:188} INFO - [2026-03-11T08:14:09.949+0000] {dag.py:3954} INFO - Setting next_dagrun for example_task_group to 2026-03-10 00:00:00+00:00, run_after=2026-03-11 00:00:00+00:00
[2026-03-11T08:14:09.976+0000] {processor.py:183} INFO - Processing /home/airflow/.local/lib/python3.12/site-packages/airflow/example_dags/example_task_group.py took 0.114 seconds
[2026-03-11T08:14:40.265+0000] {processor.py:161} INFO - Started process (PID=632) to work on /home/airflow/.local/lib/python3.12/site-packages/airflow/example_dags/example_task_group.py
[2026-03-11T08:14:40.267+0000] {processor.py:830} INFO - Processing file /home/airflow/.local/lib/python3.12/site-packages/airflow/example_dags/example_task_group.py for tasks to queue
[2026-03-11T08:14:40.271+0000] {logging_mixin.py:188} INFO - [2026-03-11T08:14:40.271+0000] {dagbag.py:545} INFO - Filling up the DagBag from /home/airflow/.local/lib/python3.12/site-packages/airflow/example_dags/example_task_group.py
[2026-03-11T08:14:40.287+0000] {processor.py:840} INFO - DAG(s) 'example_task_group' retrieved from /home/airflow/.local/lib/python3.12/site-packages/airflow/example_dags/example_task_group.py
[2026-03-11T08:14:40.325+0000] {logging_mixin.py:188} INFO - [2026-03-11T08:14:40.324+0000] {dag.py:3096} INFO - Sync 1 DAGs
[2026-03-11T08:14:40.352+0000] {logging_mixin.py:188} INFO - [2026-03-11T08:14:40.352+0000] {dag.py:3954} INFO - Setting next_dagrun for example_task_group to 2026-03-10 00:00:00+00:00, run_after=2026-03-11 00:00:00+00:00
[2026-03-11T08:14:40.381+0000] {processor.py:183} INFO - Processing /home/airflow/.local/lib/python3.12/site-packages/airflow/example_dags/example_task_group.py took 0.131 seconds
