[2026-03-11T08:09:35.341+0000] {processor.py:161} INFO - Started process (PID=65) to work on /home/airflow/.local/lib/python3.12/site-packages/airflow/example_dags/example_display_name.py
[2026-03-11T08:09:35.347+0000] {processor.py:830} INFO - Processing file /home/airflow/.local/lib/python3.12/site-packages/airflow/example_dags/example_display_name.py for tasks to queue
[2026-03-11T08:09:35.354+0000] {logging_mixin.py:188} INFO - [2026-03-11T08:09:35.353+0000] {dagbag.py:545} INFO - Filling up the DagBag from /home/airflow/.local/lib/python3.12/site-packages/airflow/example_dags/example_display_name.py
[2026-03-11T08:09:35.369+0000] {processor.py:840} INFO - DAG(s) 'example_display_name' retrieved from /home/airflow/.local/lib/python3.12/site-packages/airflow/example_dags/example_display_name.py
[2026-03-11T08:09:35.645+0000] {logging_mixin.py:188} INFO - [2026-03-11T08:09:35.645+0000] {dag.py:3096} INFO - Sync 1 DAGs
[2026-03-11T08:09:35.670+0000] {logging_mixin.py:188} INFO - [2026-03-11T08:09:35.670+0000] {dag.py:3954} INFO - Setting next_dagrun for example_display_name to None, run_after=None
[2026-03-11T08:09:35.728+0000] {processor.py:183} INFO - Processing /home/airflow/.local/lib/python3.12/site-packages/airflow/example_dags/example_display_name.py took 0.399 seconds
[2026-03-11T08:10:06.220+0000] {processor.py:161} INFO - Started process (PID=122) to work on /home/airflow/.local/lib/python3.12/site-packages/airflow/example_dags/example_display_name.py
[2026-03-11T08:10:06.222+0000] {processor.py:830} INFO - Processing file /home/airflow/.local/lib/python3.12/site-packages/airflow/example_dags/example_display_name.py for tasks to queue
[2026-03-11T08:10:06.230+0000] {logging_mixin.py:188} INFO - [2026-03-11T08:10:06.228+0000] {dagbag.py:545} INFO - Filling up the DagBag from /home/airflow/.local/lib/python3.12/site-packages/airflow/example_dags/example_display_name.py
[2026-03-11T08:10:06.247+0000] {processor.py:840} INFO - DAG(s) 'example_display_name' retrieved from /home/airflow/.local/lib/python3.12/site-packages/airflow/example_dags/example_display_name.py
[2026-03-11T08:10:06.291+0000] {logging_mixin.py:188} INFO - [2026-03-11T08:10:06.290+0000] {dag.py:3096} INFO - Sync 1 DAGs
[2026-03-11T08:10:06.327+0000] {logging_mixin.py:188} INFO - [2026-03-11T08:10:06.327+0000] {dag.py:3954} INFO - Setting next_dagrun for example_display_name to None, run_after=None
[2026-03-11T08:10:06.400+0000] {processor.py:183} INFO - Processing /home/airflow/.local/lib/python3.12/site-packages/airflow/example_dags/example_display_name.py took 0.225 seconds
[2026-03-11T08:10:36.703+0000] {processor.py:161} INFO - Started process (PID=180) to work on /home/airflow/.local/lib/python3.12/site-packages/airflow/example_dags/example_display_name.py
[2026-03-11T08:10:36.705+0000] {processor.py:830} INFO - Processing file /home/airflow/.local/lib/python3.12/site-packages/airflow/example_dags/example_display_name.py for tasks to queue
[2026-03-11T08:10:36.708+0000] {logging_mixin.py:188} INFO - [2026-03-11T08:10:36.707+0000] {dagbag.py:545} INFO - Filling up the DagBag from /home/airflow/.local/lib/python3.12/site-packages/airflow/example_dags/example_display_name.py
[2026-03-11T08:10:36.719+0000] {processor.py:840} INFO - DAG(s) 'example_display_name' retrieved from /home/airflow/.local/lib/python3.12/site-packages/airflow/example_dags/example_display_name.py
[2026-03-11T08:10:36.764+0000] {logging_mixin.py:188} INFO - [2026-03-11T08:10:36.763+0000] {dag.py:3096} INFO - Sync 1 DAGs
[2026-03-11T08:10:36.798+0000] {logging_mixin.py:188} INFO - [2026-03-11T08:10:36.798+0000] {dag.py:3954} INFO - Setting next_dagrun for example_display_name to None, run_after=None
[2026-03-11T08:10:36.842+0000] {processor.py:183} INFO - Processing /home/airflow/.local/lib/python3.12/site-packages/airflow/example_dags/example_display_name.py took 0.148 seconds
[2026-03-11T08:11:06.983+0000] {processor.py:161} INFO - Started process (PID=236) to work on /home/airflow/.local/lib/python3.12/site-packages/airflow/example_dags/example_display_name.py
[2026-03-11T08:11:06.984+0000] {processor.py:830} INFO - Processing file /home/airflow/.local/lib/python3.12/site-packages/airflow/example_dags/example_display_name.py for tasks to queue
[2026-03-11T08:11:06.986+0000] {logging_mixin.py:188} INFO - [2026-03-11T08:11:06.986+0000] {dagbag.py:545} INFO - Filling up the DagBag from /home/airflow/.local/lib/python3.12/site-packages/airflow/example_dags/example_display_name.py
[2026-03-11T08:11:06.993+0000] {processor.py:840} INFO - DAG(s) 'example_display_name' retrieved from /home/airflow/.local/lib/python3.12/site-packages/airflow/example_dags/example_display_name.py
[2026-03-11T08:11:07.011+0000] {logging_mixin.py:188} INFO - [2026-03-11T08:11:07.011+0000] {dag.py:3096} INFO - Sync 1 DAGs
[2026-03-11T08:11:07.024+0000] {logging_mixin.py:188} INFO - [2026-03-11T08:11:07.024+0000] {dag.py:3954} INFO - Setting next_dagrun for example_display_name to None, run_after=None
[2026-03-11T08:11:07.045+0000] {processor.py:183} INFO - Processing /home/airflow/.local/lib/python3.12/site-packages/airflow/example_dags/example_display_name.py took 0.067 seconds
[2026-03-11T08:11:37.221+0000] {processor.py:161} INFO - Started process (PID=288) to work on /home/airflow/.local/lib/python3.12/site-packages/airflow/example_dags/example_display_name.py
[2026-03-11T08:11:37.222+0000] {processor.py:830} INFO - Processing file /home/airflow/.local/lib/python3.12/site-packages/airflow/example_dags/example_display_name.py for tasks to queue
[2026-03-11T08:11:37.224+0000] {logging_mixin.py:188} INFO - [2026-03-11T08:11:37.224+0000] {dagbag.py:545} INFO - Filling up the DagBag from /home/airflow/.local/lib/python3.12/site-packages/airflow/example_dags/example_display_name.py
[2026-03-11T08:11:37.230+0000] {processor.py:840} INFO - DAG(s) 'example_display_name' retrieved from /home/airflow/.local/lib/python3.12/site-packages/airflow/example_dags/example_display_name.py
[2026-03-11T08:11:37.249+0000] {logging_mixin.py:188} INFO - [2026-03-11T08:11:37.249+0000] {dag.py:3096} INFO - Sync 1 DAGs
[2026-03-11T08:11:37.262+0000] {logging_mixin.py:188} INFO - [2026-03-11T08:11:37.262+0000] {dag.py:3954} INFO - Setting next_dagrun for example_display_name to None, run_after=None
[2026-03-11T08:11:37.282+0000] {processor.py:183} INFO - Processing /home/airflow/.local/lib/python3.12/site-packages/airflow/example_dags/example_display_name.py took 0.067 seconds
[2026-03-11T08:12:07.534+0000] {processor.py:161} INFO - Started process (PID=346) to work on /home/airflow/.local/lib/python3.12/site-packages/airflow/example_dags/example_display_name.py
[2026-03-11T08:12:07.535+0000] {processor.py:830} INFO - Processing file /home/airflow/.local/lib/python3.12/site-packages/airflow/example_dags/example_display_name.py for tasks to queue
[2026-03-11T08:12:07.537+0000] {logging_mixin.py:188} INFO - [2026-03-11T08:12:07.537+0000] {dagbag.py:545} INFO - Filling up the DagBag from /home/airflow/.local/lib/python3.12/site-packages/airflow/example_dags/example_display_name.py
[2026-03-11T08:12:07.545+0000] {processor.py:840} INFO - DAG(s) 'example_display_name' retrieved from /home/airflow/.local/lib/python3.12/site-packages/airflow/example_dags/example_display_name.py
[2026-03-11T08:12:07.567+0000] {logging_mixin.py:188} INFO - [2026-03-11T08:12:07.566+0000] {dag.py:3096} INFO - Sync 1 DAGs
[2026-03-11T08:12:07.579+0000] {logging_mixin.py:188} INFO - [2026-03-11T08:12:07.579+0000] {dag.py:3954} INFO - Setting next_dagrun for example_display_name to None, run_after=None
[2026-03-11T08:12:07.601+0000] {processor.py:183} INFO - Processing /home/airflow/.local/lib/python3.12/site-packages/airflow/example_dags/example_display_name.py took 0.074 seconds
[2026-03-11T08:12:38.162+0000] {processor.py:161} INFO - Started process (PID=404) to work on /home/airflow/.local/lib/python3.12/site-packages/airflow/example_dags/example_display_name.py
[2026-03-11T08:12:38.163+0000] {processor.py:830} INFO - Processing file /home/airflow/.local/lib/python3.12/site-packages/airflow/example_dags/example_display_name.py for tasks to queue
[2026-03-11T08:12:38.166+0000] {logging_mixin.py:188} INFO - [2026-03-11T08:12:38.165+0000] {dagbag.py:545} INFO - Filling up the DagBag from /home/airflow/.local/lib/python3.12/site-packages/airflow/example_dags/example_display_name.py
[2026-03-11T08:12:38.173+0000] {processor.py:840} INFO - DAG(s) 'example_display_name' retrieved from /home/airflow/.local/lib/python3.12/site-packages/airflow/example_dags/example_display_name.py
[2026-03-11T08:12:38.199+0000] {logging_mixin.py:188} INFO - [2026-03-11T08:12:38.198+0000] {dag.py:3096} INFO - Sync 1 DAGs
[2026-03-11T08:12:38.217+0000] {logging_mixin.py:188} INFO - [2026-03-11T08:12:38.216+0000] {dag.py:3954} INFO - Setting next_dagrun for example_display_name to None, run_after=None
[2026-03-11T08:12:38.242+0000] {processor.py:183} INFO - Processing /home/airflow/.local/lib/python3.12/site-packages/airflow/example_dags/example_display_name.py took 0.088 seconds
[2026-03-11T08:13:08.652+0000] {processor.py:161} INFO - Started process (PID=462) to work on /home/airflow/.local/lib/python3.12/site-packages/airflow/example_dags/example_display_name.py
[2026-03-11T08:13:08.653+0000] {processor.py:830} INFO - Processing file /home/airflow/.local/lib/python3.12/site-packages/airflow/example_dags/example_display_name.py for tasks to queue
[2026-03-11T08:13:08.656+0000] {logging_mixin.py:188} INFO - [2026-03-11T08:13:08.655+0000] {dagbag.py:545} INFO - Filling up the DagBag from /home/airflow/.local/lib/python3.12/site-packages/airflow/example_dags/example_display_name.py
[2026-03-11T08:13:08.664+0000] {processor.py:840} INFO - DAG(s) 'example_display_name' retrieved from /home/airflow/.local/lib/python3.12/site-packages/airflow/example_dags/example_display_name.py
[2026-03-11T08:13:08.691+0000] {logging_mixin.py:188} INFO - [2026-03-11T08:13:08.691+0000] {dag.py:3096} INFO - Sync 1 DAGs
[2026-03-11T08:13:08.707+0000] {logging_mixin.py:188} INFO - [2026-03-11T08:13:08.706+0000] {dag.py:3954} INFO - Setting next_dagrun for example_display_name to None, run_after=None
[2026-03-11T08:13:08.733+0000] {processor.py:183} INFO - Processing /home/airflow/.local/lib/python3.12/site-packages/airflow/example_dags/example_display_name.py took 0.090 seconds
[2026-03-11T08:13:39.139+0000] {processor.py:161} INFO - Started process (PID=520) to work on /home/airflow/.local/lib/python3.12/site-packages/airflow/example_dags/example_display_name.py
[2026-03-11T08:13:39.143+0000] {processor.py:830} INFO - Processing file /home/airflow/.local/lib/python3.12/site-packages/airflow/example_dags/example_display_name.py for tasks to queue
[2026-03-11T08:13:39.146+0000] {logging_mixin.py:188} INFO - [2026-03-11T08:13:39.145+0000] {dagbag.py:545} INFO - Filling up the DagBag from /home/airflow/.local/lib/python3.12/site-packages/airflow/example_dags/example_display_name.py
[2026-03-11T08:13:39.152+0000] {processor.py:840} INFO - DAG(s) 'example_display_name' retrieved from /home/airflow/.local/lib/python3.12/site-packages/airflow/example_dags/example_display_name.py
[2026-03-11T08:13:39.172+0000] {logging_mixin.py:188} INFO - [2026-03-11T08:13:39.171+0000] {dag.py:3096} INFO - Sync 1 DAGs
[2026-03-11T08:13:39.186+0000] {logging_mixin.py:188} INFO - [2026-03-11T08:13:39.186+0000] {dag.py:3954} INFO - Setting next_dagrun for example_display_name to None, run_after=None
[2026-03-11T08:13:39.210+0000] {processor.py:183} INFO - Processing /home/airflow/.local/lib/python3.12/site-packages/airflow/example_dags/example_display_name.py took 0.077 seconds
[2026-03-11T08:14:10.079+0000] {processor.py:161} INFO - Started process (PID=578) to work on /home/airflow/.local/lib/python3.12/site-packages/airflow/example_dags/example_display_name.py
[2026-03-11T08:14:10.081+0000] {processor.py:830} INFO - Processing file /home/airflow/.local/lib/python3.12/site-packages/airflow/example_dags/example_display_name.py for tasks to queue
[2026-03-11T08:14:10.083+0000] {logging_mixin.py:188} INFO - [2026-03-11T08:14:10.083+0000] {dagbag.py:545} INFO - Filling up the DagBag from /home/airflow/.local/lib/python3.12/site-packages/airflow/example_dags/example_display_name.py
[2026-03-11T08:14:10.092+0000] {processor.py:840} INFO - DAG(s) 'example_display_name' retrieved from /home/airflow/.local/lib/python3.12/site-packages/airflow/example_dags/example_display_name.py
[2026-03-11T08:14:10.121+0000] {logging_mixin.py:188} INFO - [2026-03-11T08:14:10.121+0000] {dag.py:3096} INFO - Sync 1 DAGs
[2026-03-11T08:14:10.150+0000] {logging_mixin.py:188} INFO - [2026-03-11T08:14:10.150+0000] {dag.py:3954} INFO - Setting next_dagrun for example_display_name to None, run_after=None
[2026-03-11T08:14:10.176+0000] {processor.py:183} INFO - Processing /home/airflow/.local/lib/python3.12/site-packages/airflow/example_dags/example_display_name.py took 0.106 seconds
[2026-03-11T08:14:40.464+0000] {processor.py:161} INFO - Started process (PID=635) to work on /home/airflow/.local/lib/python3.12/site-packages/airflow/example_dags/example_display_name.py
[2026-03-11T08:14:40.466+0000] {processor.py:830} INFO - Processing file /home/airflow/.local/lib/python3.12/site-packages/airflow/example_dags/example_display_name.py for tasks to queue
[2026-03-11T08:14:40.469+0000] {logging_mixin.py:188} INFO - [2026-03-11T08:14:40.468+0000] {dagbag.py:545} INFO - Filling up the DagBag from /home/airflow/.local/lib/python3.12/site-packages/airflow/example_dags/example_display_name.py
[2026-03-11T08:14:40.476+0000] {processor.py:840} INFO - DAG(s) 'example_display_name' retrieved from /home/airflow/.local/lib/python3.12/site-packages/airflow/example_dags/example_display_name.py
[2026-03-11T08:14:40.503+0000] {logging_mixin.py:188} INFO - [2026-03-11T08:14:40.503+0000] {dag.py:3096} INFO - Sync 1 DAGs
[2026-03-11T08:14:40.520+0000] {logging_mixin.py:188} INFO - [2026-03-11T08:14:40.520+0000] {dag.py:3954} INFO - Setting next_dagrun for example_display_name to None, run_after=None
[2026-03-11T08:14:40.550+0000] {processor.py:183} INFO - Processing /home/airflow/.local/lib/python3.12/site-packages/airflow/example_dags/example_display_name.py took 0.095 seconds
