[2026-03-11T08:09:46.635+0000] {processor.py:161} INFO - Started process (PID=91) to work on /home/airflow/.local/lib/python3.12/site-packages/airflow/example_dags/example_python_decorator.py
[2026-03-11T08:09:46.646+0000] {processor.py:830} INFO - Processing file /home/airflow/.local/lib/python3.12/site-packages/airflow/example_dags/example_python_decorator.py for tasks to queue
[2026-03-11T08:09:46.659+0000] {logging_mixin.py:188} INFO - [2026-03-11T08:09:46.658+0000] {dagbag.py:545} INFO - Filling up the DagBag from /home/airflow/.local/lib/python3.12/site-packages/airflow/example_dags/example_python_decorator.py
[2026-03-11T08:09:46.730+0000] {processor.py:840} INFO - DAG(s) 'example_python_decorator' retrieved from /home/airflow/.local/lib/python3.12/site-packages/airflow/example_dags/example_python_decorator.py
[2026-03-11T08:09:47.019+0000] {logging_mixin.py:188} INFO - [2026-03-11T08:09:47.019+0000] {dag.py:3096} INFO - Sync 1 DAGs
[2026-03-11T08:09:47.052+0000] {logging_mixin.py:188} INFO - [2026-03-11T08:09:47.051+0000] {dag.py:3954} INFO - Setting next_dagrun for example_python_decorator to None, run_after=None
[2026-03-11T08:09:47.146+0000] {processor.py:183} INFO - Processing /home/airflow/.local/lib/python3.12/site-packages/airflow/example_dags/example_python_decorator.py took 0.545 seconds
[2026-03-11T08:10:18.279+0000] {processor.py:161} INFO - Started process (PID=148) to work on /home/airflow/.local/lib/python3.12/site-packages/airflow/example_dags/example_python_decorator.py
[2026-03-11T08:10:18.282+0000] {processor.py:830} INFO - Processing file /home/airflow/.local/lib/python3.12/site-packages/airflow/example_dags/example_python_decorator.py for tasks to queue
[2026-03-11T08:10:18.288+0000] {logging_mixin.py:188} INFO - [2026-03-11T08:10:18.287+0000] {dagbag.py:545} INFO - Filling up the DagBag from /home/airflow/.local/lib/python3.12/site-packages/airflow/example_dags/example_python_decorator.py
[2026-03-11T08:10:18.383+0000] {processor.py:840} INFO - DAG(s) 'example_python_decorator' retrieved from /home/airflow/.local/lib/python3.12/site-packages/airflow/example_dags/example_python_decorator.py
[2026-03-11T08:10:18.497+0000] {logging_mixin.py:188} INFO - [2026-03-11T08:10:18.497+0000] {dag.py:3096} INFO - Sync 1 DAGs
[2026-03-11T08:10:18.570+0000] {logging_mixin.py:188} INFO - [2026-03-11T08:10:18.569+0000] {dag.py:3954} INFO - Setting next_dagrun for example_python_decorator to None, run_after=None
[2026-03-11T08:10:18.749+0000] {processor.py:183} INFO - Processing /home/airflow/.local/lib/python3.12/site-packages/airflow/example_dags/example_python_decorator.py took 0.514 seconds
[2026-03-11T08:10:50.204+0000] {processor.py:161} INFO - Started process (PID=206) to work on /home/airflow/.local/lib/python3.12/site-packages/airflow/example_dags/example_python_decorator.py
[2026-03-11T08:10:50.206+0000] {processor.py:830} INFO - Processing file /home/airflow/.local/lib/python3.12/site-packages/airflow/example_dags/example_python_decorator.py for tasks to queue
[2026-03-11T08:10:50.208+0000] {logging_mixin.py:188} INFO - [2026-03-11T08:10:50.208+0000] {dagbag.py:545} INFO - Filling up the DagBag from /home/airflow/.local/lib/python3.12/site-packages/airflow/example_dags/example_python_decorator.py
[2026-03-11T08:10:50.234+0000] {processor.py:840} INFO - DAG(s) 'example_python_decorator' retrieved from /home/airflow/.local/lib/python3.12/site-packages/airflow/example_dags/example_python_decorator.py
[2026-03-11T08:10:50.286+0000] {logging_mixin.py:188} INFO - [2026-03-11T08:10:50.285+0000] {dag.py:3096} INFO - Sync 1 DAGs
[2026-03-11T08:10:50.318+0000] {logging_mixin.py:188} INFO - [2026-03-11T08:10:50.317+0000] {dag.py:3954} INFO - Setting next_dagrun for example_python_decorator to None, run_after=None
[2026-03-11T08:10:50.357+0000] {processor.py:183} INFO - Processing /home/airflow/.local/lib/python3.12/site-packages/airflow/example_dags/example_python_decorator.py took 0.162 seconds
[2026-03-11T08:11:22.646+0000] {processor.py:161} INFO - Started process (PID=264) to work on /home/airflow/.local/lib/python3.12/site-packages/airflow/example_dags/example_python_decorator.py
[2026-03-11T08:11:22.648+0000] {processor.py:830} INFO - Processing file /home/airflow/.local/lib/python3.12/site-packages/airflow/example_dags/example_python_decorator.py for tasks to queue
[2026-03-11T08:11:22.650+0000] {logging_mixin.py:188} INFO - [2026-03-11T08:11:22.650+0000] {dagbag.py:545} INFO - Filling up the DagBag from /home/airflow/.local/lib/python3.12/site-packages/airflow/example_dags/example_python_decorator.py
[2026-03-11T08:11:22.670+0000] {processor.py:840} INFO - DAG(s) 'example_python_decorator' retrieved from /home/airflow/.local/lib/python3.12/site-packages/airflow/example_dags/example_python_decorator.py
[2026-03-11T08:11:22.710+0000] {logging_mixin.py:188} INFO - [2026-03-11T08:11:22.709+0000] {dag.py:3096} INFO - Sync 1 DAGs
[2026-03-11T08:11:22.744+0000] {logging_mixin.py:188} INFO - [2026-03-11T08:11:22.743+0000] {dag.py:3954} INFO - Setting next_dagrun for example_python_decorator to None, run_after=None
[2026-03-11T08:11:22.782+0000] {processor.py:183} INFO - Processing /home/airflow/.local/lib/python3.12/site-packages/airflow/example_dags/example_python_decorator.py took 0.148 seconds
[2026-03-11T08:11:55.227+0000] {processor.py:161} INFO - Started process (PID=322) to work on /home/airflow/.local/lib/python3.12/site-packages/airflow/example_dags/example_python_decorator.py
[2026-03-11T08:11:55.230+0000] {processor.py:830} INFO - Processing file /home/airflow/.local/lib/python3.12/site-packages/airflow/example_dags/example_python_decorator.py for tasks to queue
[2026-03-11T08:11:55.238+0000] {logging_mixin.py:188} INFO - [2026-03-11T08:11:55.237+0000] {dagbag.py:545} INFO - Filling up the DagBag from /home/airflow/.local/lib/python3.12/site-packages/airflow/example_dags/example_python_decorator.py
[2026-03-11T08:11:55.323+0000] {processor.py:840} INFO - DAG(s) 'example_python_decorator' retrieved from /home/airflow/.local/lib/python3.12/site-packages/airflow/example_dags/example_python_decorator.py
[2026-03-11T08:11:55.410+0000] {logging_mixin.py:188} INFO - [2026-03-11T08:11:55.410+0000] {dag.py:3096} INFO - Sync 1 DAGs
[2026-03-11T08:11:55.475+0000] {logging_mixin.py:188} INFO - [2026-03-11T08:11:55.469+0000] {dag.py:3954} INFO - Setting next_dagrun for example_python_decorator to None, run_after=None
[2026-03-11T08:11:55.572+0000] {processor.py:183} INFO - Processing /home/airflow/.local/lib/python3.12/site-packages/airflow/example_dags/example_python_decorator.py took 0.366 seconds
[2026-03-11T08:12:27.651+0000] {processor.py:161} INFO - Started process (PID=380) to work on /home/airflow/.local/lib/python3.12/site-packages/airflow/example_dags/example_python_decorator.py
[2026-03-11T08:12:27.652+0000] {processor.py:830} INFO - Processing file /home/airflow/.local/lib/python3.12/site-packages/airflow/example_dags/example_python_decorator.py for tasks to queue
[2026-03-11T08:12:27.655+0000] {logging_mixin.py:188} INFO - [2026-03-11T08:12:27.655+0000] {dagbag.py:545} INFO - Filling up the DagBag from /home/airflow/.local/lib/python3.12/site-packages/airflow/example_dags/example_python_decorator.py
[2026-03-11T08:12:27.676+0000] {processor.py:840} INFO - DAG(s) 'example_python_decorator' retrieved from /home/airflow/.local/lib/python3.12/site-packages/airflow/example_dags/example_python_decorator.py
[2026-03-11T08:12:27.712+0000] {logging_mixin.py:188} INFO - [2026-03-11T08:12:27.712+0000] {dag.py:3096} INFO - Sync 1 DAGs
[2026-03-11T08:12:27.740+0000] {logging_mixin.py:188} INFO - [2026-03-11T08:12:27.739+0000] {dag.py:3954} INFO - Setting next_dagrun for example_python_decorator to None, run_after=None
[2026-03-11T08:12:27.781+0000] {processor.py:183} INFO - Processing /home/airflow/.local/lib/python3.12/site-packages/airflow/example_dags/example_python_decorator.py took 0.142 seconds
[2026-03-11T08:12:59.946+0000] {processor.py:161} INFO - Started process (PID=438) to work on /home/airflow/.local/lib/python3.12/site-packages/airflow/example_dags/example_python_decorator.py
[2026-03-11T08:12:59.948+0000] {processor.py:830} INFO - Processing file /home/airflow/.local/lib/python3.12/site-packages/airflow/example_dags/example_python_decorator.py for tasks to queue
[2026-03-11T08:12:59.951+0000] {logging_mixin.py:188} INFO - [2026-03-11T08:12:59.950+0000] {dagbag.py:545} INFO - Filling up the DagBag from /home/airflow/.local/lib/python3.12/site-packages/airflow/example_dags/example_python_decorator.py
[2026-03-11T08:12:59.969+0000] {processor.py:840} INFO - DAG(s) 'example_python_decorator' retrieved from /home/airflow/.local/lib/python3.12/site-packages/airflow/example_dags/example_python_decorator.py
[2026-03-11T08:13:00.003+0000] {logging_mixin.py:188} INFO - [2026-03-11T08:13:00.002+0000] {dag.py:3096} INFO - Sync 1 DAGs
[2026-03-11T08:13:00.022+0000] {logging_mixin.py:188} INFO - [2026-03-11T08:13:00.022+0000] {dag.py:3954} INFO - Setting next_dagrun for example_python_decorator to None, run_after=None
[2026-03-11T08:13:00.051+0000] {processor.py:183} INFO - Processing /home/airflow/.local/lib/python3.12/site-packages/airflow/example_dags/example_python_decorator.py took 0.112 seconds
[2026-03-11T08:13:32.668+0000] {processor.py:161} INFO - Started process (PID=496) to work on /home/airflow/.local/lib/python3.12/site-packages/airflow/example_dags/example_python_decorator.py
[2026-03-11T08:13:32.669+0000] {processor.py:830} INFO - Processing file /home/airflow/.local/lib/python3.12/site-packages/airflow/example_dags/example_python_decorator.py for tasks to queue
[2026-03-11T08:13:32.671+0000] {logging_mixin.py:188} INFO - [2026-03-11T08:13:32.671+0000] {dagbag.py:545} INFO - Filling up the DagBag from /home/airflow/.local/lib/python3.12/site-packages/airflow/example_dags/example_python_decorator.py
[2026-03-11T08:13:32.688+0000] {processor.py:840} INFO - DAG(s) 'example_python_decorator' retrieved from /home/airflow/.local/lib/python3.12/site-packages/airflow/example_dags/example_python_decorator.py
[2026-03-11T08:13:32.719+0000] {logging_mixin.py:188} INFO - [2026-03-11T08:13:32.719+0000] {dag.py:3096} INFO - Sync 1 DAGs
[2026-03-11T08:13:32.736+0000] {logging_mixin.py:188} INFO - [2026-03-11T08:13:32.736+0000] {dag.py:3954} INFO - Setting next_dagrun for example_python_decorator to None, run_after=None
[2026-03-11T08:13:32.767+0000] {processor.py:183} INFO - Processing /home/airflow/.local/lib/python3.12/site-packages/airflow/example_dags/example_python_decorator.py took 0.109 seconds
[2026-03-11T08:14:05.424+0000] {processor.py:161} INFO - Started process (PID=554) to work on /home/airflow/.local/lib/python3.12/site-packages/airflow/example_dags/example_python_decorator.py
[2026-03-11T08:14:05.426+0000] {processor.py:830} INFO - Processing file /home/airflow/.local/lib/python3.12/site-packages/airflow/example_dags/example_python_decorator.py for tasks to queue
[2026-03-11T08:14:05.433+0000] {logging_mixin.py:188} INFO - [2026-03-11T08:14:05.432+0000] {dagbag.py:545} INFO - Filling up the DagBag from /home/airflow/.local/lib/python3.12/site-packages/airflow/example_dags/example_python_decorator.py
[2026-03-11T08:14:05.462+0000] {processor.py:840} INFO - DAG(s) 'example_python_decorator' retrieved from /home/airflow/.local/lib/python3.12/site-packages/airflow/example_dags/example_python_decorator.py
[2026-03-11T08:14:05.495+0000] {logging_mixin.py:188} INFO - [2026-03-11T08:14:05.495+0000] {dag.py:3096} INFO - Sync 1 DAGs
[2026-03-11T08:14:05.512+0000] {logging_mixin.py:188} INFO - [2026-03-11T08:14:05.512+0000] {dag.py:3954} INFO - Setting next_dagrun for example_python_decorator to None, run_after=None
[2026-03-11T08:14:05.536+0000] {processor.py:183} INFO - Processing /home/airflow/.local/lib/python3.12/site-packages/airflow/example_dags/example_python_decorator.py took 0.129 seconds
[2026-03-11T08:14:37.926+0000] {processor.py:161} INFO - Started process (PID=611) to work on /home/airflow/.local/lib/python3.12/site-packages/airflow/example_dags/example_python_decorator.py
[2026-03-11T08:14:37.927+0000] {processor.py:830} INFO - Processing file /home/airflow/.local/lib/python3.12/site-packages/airflow/example_dags/example_python_decorator.py for tasks to queue
[2026-03-11T08:14:37.930+0000] {logging_mixin.py:188} INFO - [2026-03-11T08:14:37.929+0000] {dagbag.py:545} INFO - Filling up the DagBag from /home/airflow/.local/lib/python3.12/site-packages/airflow/example_dags/example_python_decorator.py
[2026-03-11T08:14:37.944+0000] {processor.py:840} INFO - DAG(s) 'example_python_decorator' retrieved from /home/airflow/.local/lib/python3.12/site-packages/airflow/example_dags/example_python_decorator.py
[2026-03-11T08:14:37.967+0000] {logging_mixin.py:188} INFO - [2026-03-11T08:14:37.966+0000] {dag.py:3096} INFO - Sync 1 DAGs
[2026-03-11T08:14:37.981+0000] {logging_mixin.py:188} INFO - [2026-03-11T08:14:37.981+0000] {dag.py:3954} INFO - Setting next_dagrun for example_python_decorator to None, run_after=None
[2026-03-11T08:14:38.009+0000] {processor.py:183} INFO - Processing /home/airflow/.local/lib/python3.12/site-packages/airflow/example_dags/example_python_decorator.py took 0.089 seconds
