[2026-03-11T08:09:35.833+0000] {processor.py:161} INFO - Started process (PID=67) to work on /home/airflow/.local/lib/python3.12/site-packages/airflow/example_dags/example_skip_dag.py
[2026-03-11T08:09:35.844+0000] {processor.py:830} INFO - Processing file /home/airflow/.local/lib/python3.12/site-packages/airflow/example_dags/example_skip_dag.py for tasks to queue
[2026-03-11T08:09:35.847+0000] {logging_mixin.py:188} INFO - [2026-03-11T08:09:35.847+0000] {dagbag.py:545} INFO - Filling up the DagBag from /home/airflow/.local/lib/python3.12/site-packages/airflow/example_dags/example_skip_dag.py
[2026-03-11T08:09:35.870+0000] {processor.py:840} INFO - DAG(s) 'example_skip_dag' retrieved from /home/airflow/.local/lib/python3.12/site-packages/airflow/example_dags/example_skip_dag.py
[2026-03-11T08:09:36.270+0000] {logging_mixin.py:188} INFO - [2026-03-11T08:09:36.269+0000] {dag.py:3096} INFO - Sync 1 DAGs
[2026-03-11T08:09:36.341+0000] {logging_mixin.py:188} INFO - [2026-03-11T08:09:36.341+0000] {dag.py:3954} INFO - Setting next_dagrun for example_skip_dag to 2026-03-10 00:00:00+00:00, run_after=2026-03-11 00:00:00+00:00
[2026-03-11T08:09:36.379+0000] {processor.py:183} INFO - Processing /home/airflow/.local/lib/python3.12/site-packages/airflow/example_dags/example_skip_dag.py took 0.559 seconds
[2026-03-11T08:10:06.657+0000] {processor.py:161} INFO - Started process (PID=124) to work on /home/airflow/.local/lib/python3.12/site-packages/airflow/example_dags/example_skip_dag.py
[2026-03-11T08:10:06.663+0000] {processor.py:830} INFO - Processing file /home/airflow/.local/lib/python3.12/site-packages/airflow/example_dags/example_skip_dag.py for tasks to queue
[2026-03-11T08:10:06.673+0000] {logging_mixin.py:188} INFO - [2026-03-11T08:10:06.673+0000] {dagbag.py:545} INFO - Filling up the DagBag from /home/airflow/.local/lib/python3.12/site-packages/airflow/example_dags/example_skip_dag.py
[2026-03-11T08:10:06.701+0000] {processor.py:840} INFO - DAG(s) 'example_skip_dag' retrieved from /home/airflow/.local/lib/python3.12/site-packages/airflow/example_dags/example_skip_dag.py
[2026-03-11T08:10:06.753+0000] {logging_mixin.py:188} INFO - [2026-03-11T08:10:06.753+0000] {dag.py:3096} INFO - Sync 1 DAGs
[2026-03-11T08:10:06.826+0000] {logging_mixin.py:188} INFO - [2026-03-11T08:10:06.826+0000] {dag.py:3954} INFO - Setting next_dagrun for example_skip_dag to 2026-03-10 00:00:00+00:00, run_after=2026-03-11 00:00:00+00:00
[2026-03-11T08:10:06.880+0000] {processor.py:183} INFO - Processing /home/airflow/.local/lib/python3.12/site-packages/airflow/example_dags/example_skip_dag.py took 0.241 seconds
[2026-03-11T08:10:37.729+0000] {processor.py:161} INFO - Started process (PID=183) to work on /home/airflow/.local/lib/python3.12/site-packages/airflow/example_dags/example_skip_dag.py
[2026-03-11T08:10:37.732+0000] {processor.py:830} INFO - Processing file /home/airflow/.local/lib/python3.12/site-packages/airflow/example_dags/example_skip_dag.py for tasks to queue
[2026-03-11T08:10:37.734+0000] {logging_mixin.py:188} INFO - [2026-03-11T08:10:37.734+0000] {dagbag.py:545} INFO - Filling up the DagBag from /home/airflow/.local/lib/python3.12/site-packages/airflow/example_dags/example_skip_dag.py
[2026-03-11T08:10:37.746+0000] {processor.py:840} INFO - DAG(s) 'example_skip_dag' retrieved from /home/airflow/.local/lib/python3.12/site-packages/airflow/example_dags/example_skip_dag.py
[2026-03-11T08:10:37.800+0000] {logging_mixin.py:188} INFO - [2026-03-11T08:10:37.800+0000] {dag.py:3096} INFO - Sync 1 DAGs
[2026-03-11T08:10:37.857+0000] {logging_mixin.py:188} INFO - [2026-03-11T08:10:37.856+0000] {dag.py:3954} INFO - Setting next_dagrun for example_skip_dag to 2026-03-10 00:00:00+00:00, run_after=2026-03-11 00:00:00+00:00
[2026-03-11T08:10:37.896+0000] {processor.py:183} INFO - Processing /home/airflow/.local/lib/python3.12/site-packages/airflow/example_dags/example_skip_dag.py took 0.177 seconds
[2026-03-11T08:11:08.142+0000] {processor.py:161} INFO - Started process (PID=238) to work on /home/airflow/.local/lib/python3.12/site-packages/airflow/example_dags/example_skip_dag.py
[2026-03-11T08:11:08.144+0000] {processor.py:830} INFO - Processing file /home/airflow/.local/lib/python3.12/site-packages/airflow/example_dags/example_skip_dag.py for tasks to queue
[2026-03-11T08:11:08.148+0000] {logging_mixin.py:188} INFO - [2026-03-11T08:11:08.147+0000] {dagbag.py:545} INFO - Filling up the DagBag from /home/airflow/.local/lib/python3.12/site-packages/airflow/example_dags/example_skip_dag.py
[2026-03-11T08:11:08.158+0000] {processor.py:840} INFO - DAG(s) 'example_skip_dag' retrieved from /home/airflow/.local/lib/python3.12/site-packages/airflow/example_dags/example_skip_dag.py
[2026-03-11T08:11:08.197+0000] {logging_mixin.py:188} INFO - [2026-03-11T08:11:08.197+0000] {dag.py:3096} INFO - Sync 1 DAGs
[2026-03-11T08:11:08.239+0000] {logging_mixin.py:188} INFO - [2026-03-11T08:11:08.239+0000] {dag.py:3954} INFO - Setting next_dagrun for example_skip_dag to 2026-03-10 00:00:00+00:00, run_after=2026-03-11 00:00:00+00:00
[2026-03-11T08:11:08.278+0000] {processor.py:183} INFO - Processing /home/airflow/.local/lib/python3.12/site-packages/airflow/example_dags/example_skip_dag.py took 0.148 seconds
[2026-03-11T08:11:38.365+0000] {processor.py:161} INFO - Started process (PID=295) to work on /home/airflow/.local/lib/python3.12/site-packages/airflow/example_dags/example_skip_dag.py
[2026-03-11T08:11:38.367+0000] {processor.py:830} INFO - Processing file /home/airflow/.local/lib/python3.12/site-packages/airflow/example_dags/example_skip_dag.py for tasks to queue
[2026-03-11T08:11:38.371+0000] {logging_mixin.py:188} INFO - [2026-03-11T08:11:38.370+0000] {dagbag.py:545} INFO - Filling up the DagBag from /home/airflow/.local/lib/python3.12/site-packages/airflow/example_dags/example_skip_dag.py
[2026-03-11T08:11:38.381+0000] {processor.py:840} INFO - DAG(s) 'example_skip_dag' retrieved from /home/airflow/.local/lib/python3.12/site-packages/airflow/example_dags/example_skip_dag.py
[2026-03-11T08:11:38.424+0000] {logging_mixin.py:188} INFO - [2026-03-11T08:11:38.424+0000] {dag.py:3096} INFO - Sync 1 DAGs
[2026-03-11T08:11:38.466+0000] {logging_mixin.py:188} INFO - [2026-03-11T08:11:38.465+0000] {dag.py:3954} INFO - Setting next_dagrun for example_skip_dag to 2026-03-10 00:00:00+00:00, run_after=2026-03-11 00:00:00+00:00
[2026-03-11T08:11:38.497+0000] {processor.py:183} INFO - Processing /home/airflow/.local/lib/python3.12/site-packages/airflow/example_dags/example_skip_dag.py took 0.145 seconds
[2026-03-11T08:12:08.664+0000] {processor.py:161} INFO - Started process (PID=348) to work on /home/airflow/.local/lib/python3.12/site-packages/airflow/example_dags/example_skip_dag.py
[2026-03-11T08:12:08.667+0000] {processor.py:830} INFO - Processing file /home/airflow/.local/lib/python3.12/site-packages/airflow/example_dags/example_skip_dag.py for tasks to queue
[2026-03-11T08:12:08.672+0000] {logging_mixin.py:188} INFO - [2026-03-11T08:12:08.672+0000] {dagbag.py:545} INFO - Filling up the DagBag from /home/airflow/.local/lib/python3.12/site-packages/airflow/example_dags/example_skip_dag.py
[2026-03-11T08:12:08.691+0000] {processor.py:840} INFO - DAG(s) 'example_skip_dag' retrieved from /home/airflow/.local/lib/python3.12/site-packages/airflow/example_dags/example_skip_dag.py
[2026-03-11T08:12:08.734+0000] {logging_mixin.py:188} INFO - [2026-03-11T08:12:08.734+0000] {dag.py:3096} INFO - Sync 1 DAGs
[2026-03-11T08:12:08.781+0000] {logging_mixin.py:188} INFO - [2026-03-11T08:12:08.780+0000] {dag.py:3954} INFO - Setting next_dagrun for example_skip_dag to 2026-03-10 00:00:00+00:00, run_after=2026-03-11 00:00:00+00:00
[2026-03-11T08:12:08.817+0000] {processor.py:183} INFO - Processing /home/airflow/.local/lib/python3.12/site-packages/airflow/example_dags/example_skip_dag.py took 0.168 seconds
[2026-03-11T08:12:39.304+0000] {processor.py:161} INFO - Started process (PID=406) to work on /home/airflow/.local/lib/python3.12/site-packages/airflow/example_dags/example_skip_dag.py
[2026-03-11T08:12:39.306+0000] {processor.py:830} INFO - Processing file /home/airflow/.local/lib/python3.12/site-packages/airflow/example_dags/example_skip_dag.py for tasks to queue
[2026-03-11T08:12:39.309+0000] {logging_mixin.py:188} INFO - [2026-03-11T08:12:39.309+0000] {dagbag.py:545} INFO - Filling up the DagBag from /home/airflow/.local/lib/python3.12/site-packages/airflow/example_dags/example_skip_dag.py
[2026-03-11T08:12:39.321+0000] {processor.py:840} INFO - DAG(s) 'example_skip_dag' retrieved from /home/airflow/.local/lib/python3.12/site-packages/airflow/example_dags/example_skip_dag.py
[2026-03-11T08:12:39.353+0000] {logging_mixin.py:188} INFO - [2026-03-11T08:12:39.353+0000] {dag.py:3096} INFO - Sync 1 DAGs
[2026-03-11T08:12:39.383+0000] {logging_mixin.py:188} INFO - [2026-03-11T08:12:39.383+0000] {dag.py:3954} INFO - Setting next_dagrun for example_skip_dag to 2026-03-10 00:00:00+00:00, run_after=2026-03-11 00:00:00+00:00
[2026-03-11T08:12:39.411+0000] {processor.py:183} INFO - Processing /home/airflow/.local/lib/python3.12/site-packages/airflow/example_dags/example_skip_dag.py took 0.121 seconds
[2026-03-11T08:13:09.807+0000] {processor.py:161} INFO - Started process (PID=464) to work on /home/airflow/.local/lib/python3.12/site-packages/airflow/example_dags/example_skip_dag.py
[2026-03-11T08:13:09.809+0000] {processor.py:830} INFO - Processing file /home/airflow/.local/lib/python3.12/site-packages/airflow/example_dags/example_skip_dag.py for tasks to queue
[2026-03-11T08:13:09.814+0000] {logging_mixin.py:188} INFO - [2026-03-11T08:13:09.813+0000] {dagbag.py:545} INFO - Filling up the DagBag from /home/airflow/.local/lib/python3.12/site-packages/airflow/example_dags/example_skip_dag.py
[2026-03-11T08:13:09.822+0000] {processor.py:840} INFO - DAG(s) 'example_skip_dag' retrieved from /home/airflow/.local/lib/python3.12/site-packages/airflow/example_dags/example_skip_dag.py
[2026-03-11T08:13:09.853+0000] {logging_mixin.py:188} INFO - [2026-03-11T08:13:09.852+0000] {dag.py:3096} INFO - Sync 1 DAGs
[2026-03-11T08:13:09.884+0000] {logging_mixin.py:188} INFO - [2026-03-11T08:13:09.884+0000] {dag.py:3954} INFO - Setting next_dagrun for example_skip_dag to 2026-03-10 00:00:00+00:00, run_after=2026-03-11 00:00:00+00:00
[2026-03-11T08:13:09.910+0000] {processor.py:183} INFO - Processing /home/airflow/.local/lib/python3.12/site-packages/airflow/example_dags/example_skip_dag.py took 0.116 seconds
[2026-03-11T08:13:40.250+0000] {processor.py:161} INFO - Started process (PID=522) to work on /home/airflow/.local/lib/python3.12/site-packages/airflow/example_dags/example_skip_dag.py
[2026-03-11T08:13:40.253+0000] {processor.py:830} INFO - Processing file /home/airflow/.local/lib/python3.12/site-packages/airflow/example_dags/example_skip_dag.py for tasks to queue
[2026-03-11T08:13:40.256+0000] {logging_mixin.py:188} INFO - [2026-03-11T08:13:40.255+0000] {dagbag.py:545} INFO - Filling up the DagBag from /home/airflow/.local/lib/python3.12/site-packages/airflow/example_dags/example_skip_dag.py
[2026-03-11T08:13:40.269+0000] {processor.py:840} INFO - DAG(s) 'example_skip_dag' retrieved from /home/airflow/.local/lib/python3.12/site-packages/airflow/example_dags/example_skip_dag.py
[2026-03-11T08:13:40.324+0000] {logging_mixin.py:188} INFO - [2026-03-11T08:13:40.324+0000] {dag.py:3096} INFO - Sync 1 DAGs
[2026-03-11T08:13:40.369+0000] {logging_mixin.py:188} INFO - [2026-03-11T08:13:40.369+0000] {dag.py:3954} INFO - Setting next_dagrun for example_skip_dag to 2026-03-10 00:00:00+00:00, run_after=2026-03-11 00:00:00+00:00
[2026-03-11T08:13:40.416+0000] {processor.py:183} INFO - Processing /home/airflow/.local/lib/python3.12/site-packages/airflow/example_dags/example_skip_dag.py took 0.173 seconds
[2026-03-11T08:14:11.219+0000] {processor.py:161} INFO - Started process (PID=580) to work on /home/airflow/.local/lib/python3.12/site-packages/airflow/example_dags/example_skip_dag.py
[2026-03-11T08:14:11.220+0000] {processor.py:830} INFO - Processing file /home/airflow/.local/lib/python3.12/site-packages/airflow/example_dags/example_skip_dag.py for tasks to queue
[2026-03-11T08:14:11.224+0000] {logging_mixin.py:188} INFO - [2026-03-11T08:14:11.223+0000] {dagbag.py:545} INFO - Filling up the DagBag from /home/airflow/.local/lib/python3.12/site-packages/airflow/example_dags/example_skip_dag.py
[2026-03-11T08:14:11.235+0000] {processor.py:840} INFO - DAG(s) 'example_skip_dag' retrieved from /home/airflow/.local/lib/python3.12/site-packages/airflow/example_dags/example_skip_dag.py
[2026-03-11T08:14:11.264+0000] {logging_mixin.py:188} INFO - [2026-03-11T08:14:11.263+0000] {dag.py:3096} INFO - Sync 1 DAGs
[2026-03-11T08:14:11.293+0000] {logging_mixin.py:188} INFO - [2026-03-11T08:14:11.293+0000] {dag.py:3954} INFO - Setting next_dagrun for example_skip_dag to 2026-03-10 00:00:00+00:00, run_after=2026-03-11 00:00:00+00:00
[2026-03-11T08:14:11.335+0000] {processor.py:183} INFO - Processing /home/airflow/.local/lib/python3.12/site-packages/airflow/example_dags/example_skip_dag.py took 0.127 seconds
[2026-03-11T08:14:41.593+0000] {processor.py:161} INFO - Started process (PID=637) to work on /home/airflow/.local/lib/python3.12/site-packages/airflow/example_dags/example_skip_dag.py
[2026-03-11T08:14:41.594+0000] {processor.py:830} INFO - Processing file /home/airflow/.local/lib/python3.12/site-packages/airflow/example_dags/example_skip_dag.py for tasks to queue
[2026-03-11T08:14:41.596+0000] {logging_mixin.py:188} INFO - [2026-03-11T08:14:41.596+0000] {dagbag.py:545} INFO - Filling up the DagBag from /home/airflow/.local/lib/python3.12/site-packages/airflow/example_dags/example_skip_dag.py
[2026-03-11T08:14:41.605+0000] {processor.py:840} INFO - DAG(s) 'example_skip_dag' retrieved from /home/airflow/.local/lib/python3.12/site-packages/airflow/example_dags/example_skip_dag.py
[2026-03-11T08:14:41.632+0000] {logging_mixin.py:188} INFO - [2026-03-11T08:14:41.632+0000] {dag.py:3096} INFO - Sync 1 DAGs
[2026-03-11T08:14:41.661+0000] {logging_mixin.py:188} INFO - [2026-03-11T08:14:41.661+0000] {dag.py:3954} INFO - Setting next_dagrun for example_skip_dag to 2026-03-10 00:00:00+00:00, run_after=2026-03-11 00:00:00+00:00
[2026-03-11T08:14:41.686+0000] {processor.py:183} INFO - Processing /home/airflow/.local/lib/python3.12/site-packages/airflow/example_dags/example_skip_dag.py took 0.101 seconds
