[2026-03-11T08:09:34.927+0000] {processor.py:161} INFO - Started process (PID=64) to work on /home/airflow/.local/lib/python3.12/site-packages/airflow/example_dags/example_branch_labels.py
[2026-03-11T08:09:34.947+0000] {processor.py:830} INFO - Processing file /home/airflow/.local/lib/python3.12/site-packages/airflow/example_dags/example_branch_labels.py for tasks to queue
[2026-03-11T08:09:34.953+0000] {logging_mixin.py:188} INFO - [2026-03-11T08:09:34.952+0000] {dagbag.py:545} INFO - Filling up the DagBag from /home/airflow/.local/lib/python3.12/site-packages/airflow/example_dags/example_branch_labels.py
[2026-03-11T08:09:34.973+0000] {processor.py:840} INFO - DAG(s) 'example_branch_labels' retrieved from /home/airflow/.local/lib/python3.12/site-packages/airflow/example_dags/example_branch_labels.py
[2026-03-11T08:09:35.173+0000] {logging_mixin.py:188} INFO - [2026-03-11T08:09:35.173+0000] {dag.py:3096} INFO - Sync 1 DAGs
[2026-03-11T08:09:35.205+0000] {logging_mixin.py:188} INFO - [2026-03-11T08:09:35.205+0000] {dag.py:3954} INFO - Setting next_dagrun for example_branch_labels to 2026-03-10 00:00:00+00:00, run_after=2026-03-11 00:00:00+00:00
[2026-03-11T08:09:35.248+0000] {processor.py:183} INFO - Processing /home/airflow/.local/lib/python3.12/site-packages/airflow/example_dags/example_branch_labels.py took 0.332 seconds
[2026-03-11T08:10:06.122+0000] {processor.py:161} INFO - Started process (PID=121) to work on /home/airflow/.local/lib/python3.12/site-packages/airflow/example_dags/example_branch_labels.py
[2026-03-11T08:10:06.136+0000] {processor.py:830} INFO - Processing file /home/airflow/.local/lib/python3.12/site-packages/airflow/example_dags/example_branch_labels.py for tasks to queue
[2026-03-11T08:10:06.155+0000] {logging_mixin.py:188} INFO - [2026-03-11T08:10:06.145+0000] {dagbag.py:545} INFO - Filling up the DagBag from /home/airflow/.local/lib/python3.12/site-packages/airflow/example_dags/example_branch_labels.py
[2026-03-11T08:10:06.210+0000] {processor.py:840} INFO - DAG(s) 'example_branch_labels' retrieved from /home/airflow/.local/lib/python3.12/site-packages/airflow/example_dags/example_branch_labels.py
[2026-03-11T08:10:06.268+0000] {logging_mixin.py:188} INFO - [2026-03-11T08:10:06.268+0000] {dag.py:3096} INFO - Sync 1 DAGs
[2026-03-11T08:10:06.324+0000] {logging_mixin.py:188} INFO - [2026-03-11T08:10:06.324+0000] {dag.py:3954} INFO - Setting next_dagrun for example_branch_labels to 2026-03-10 00:00:00+00:00, run_after=2026-03-11 00:00:00+00:00
[2026-03-11T08:10:06.379+0000] {processor.py:183} INFO - Processing /home/airflow/.local/lib/python3.12/site-packages/airflow/example_dags/example_branch_labels.py took 0.278 seconds
[2026-03-11T08:10:36.480+0000] {processor.py:161} INFO - Started process (PID=178) to work on /home/airflow/.local/lib/python3.12/site-packages/airflow/example_dags/example_branch_labels.py
[2026-03-11T08:10:36.481+0000] {processor.py:830} INFO - Processing file /home/airflow/.local/lib/python3.12/site-packages/airflow/example_dags/example_branch_labels.py for tasks to queue
[2026-03-11T08:10:36.485+0000] {logging_mixin.py:188} INFO - [2026-03-11T08:10:36.484+0000] {dagbag.py:545} INFO - Filling up the DagBag from /home/airflow/.local/lib/python3.12/site-packages/airflow/example_dags/example_branch_labels.py
[2026-03-11T08:10:36.500+0000] {processor.py:840} INFO - DAG(s) 'example_branch_labels' retrieved from /home/airflow/.local/lib/python3.12/site-packages/airflow/example_dags/example_branch_labels.py
[2026-03-11T08:10:36.539+0000] {logging_mixin.py:188} INFO - [2026-03-11T08:10:36.539+0000] {dag.py:3096} INFO - Sync 1 DAGs
[2026-03-11T08:10:36.599+0000] {logging_mixin.py:188} INFO - [2026-03-11T08:10:36.598+0000] {dag.py:3954} INFO - Setting next_dagrun for example_branch_labels to 2026-03-10 00:00:00+00:00, run_after=2026-03-11 00:00:00+00:00
[2026-03-11T08:10:36.641+0000] {processor.py:183} INFO - Processing /home/airflow/.local/lib/python3.12/site-packages/airflow/example_dags/example_branch_labels.py took 0.169 seconds
[2026-03-11T08:11:06.960+0000] {processor.py:161} INFO - Started process (PID=235) to work on /home/airflow/.local/lib/python3.12/site-packages/airflow/example_dags/example_branch_labels.py
[2026-03-11T08:11:06.961+0000] {processor.py:830} INFO - Processing file /home/airflow/.local/lib/python3.12/site-packages/airflow/example_dags/example_branch_labels.py for tasks to queue
[2026-03-11T08:11:06.964+0000] {logging_mixin.py:188} INFO - [2026-03-11T08:11:06.963+0000] {dagbag.py:545} INFO - Filling up the DagBag from /home/airflow/.local/lib/python3.12/site-packages/airflow/example_dags/example_branch_labels.py
[2026-03-11T08:11:06.972+0000] {processor.py:840} INFO - DAG(s) 'example_branch_labels' retrieved from /home/airflow/.local/lib/python3.12/site-packages/airflow/example_dags/example_branch_labels.py
[2026-03-11T08:11:06.992+0000] {logging_mixin.py:188} INFO - [2026-03-11T08:11:06.992+0000] {dag.py:3096} INFO - Sync 1 DAGs
[2026-03-11T08:11:07.015+0000] {logging_mixin.py:188} INFO - [2026-03-11T08:11:07.014+0000] {dag.py:3954} INFO - Setting next_dagrun for example_branch_labels to 2026-03-10 00:00:00+00:00, run_after=2026-03-11 00:00:00+00:00
[2026-03-11T08:11:07.033+0000] {processor.py:183} INFO - Processing /home/airflow/.local/lib/python3.12/site-packages/airflow/example_dags/example_branch_labels.py took 0.080 seconds
[2026-03-11T08:11:37.198+0000] {processor.py:161} INFO - Started process (PID=287) to work on /home/airflow/.local/lib/python3.12/site-packages/airflow/example_dags/example_branch_labels.py
[2026-03-11T08:11:37.200+0000] {processor.py:830} INFO - Processing file /home/airflow/.local/lib/python3.12/site-packages/airflow/example_dags/example_branch_labels.py for tasks to queue
[2026-03-11T08:11:37.203+0000] {logging_mixin.py:188} INFO - [2026-03-11T08:11:37.202+0000] {dagbag.py:545} INFO - Filling up the DagBag from /home/airflow/.local/lib/python3.12/site-packages/airflow/example_dags/example_branch_labels.py
[2026-03-11T08:11:37.215+0000] {processor.py:840} INFO - DAG(s) 'example_branch_labels' retrieved from /home/airflow/.local/lib/python3.12/site-packages/airflow/example_dags/example_branch_labels.py
[2026-03-11T08:11:37.234+0000] {logging_mixin.py:188} INFO - [2026-03-11T08:11:37.233+0000] {dag.py:3096} INFO - Sync 1 DAGs
[2026-03-11T08:11:37.257+0000] {logging_mixin.py:188} INFO - [2026-03-11T08:11:37.256+0000] {dag.py:3954} INFO - Setting next_dagrun for example_branch_labels to 2026-03-10 00:00:00+00:00, run_after=2026-03-11 00:00:00+00:00
[2026-03-11T08:11:37.276+0000] {processor.py:183} INFO - Processing /home/airflow/.local/lib/python3.12/site-packages/airflow/example_dags/example_branch_labels.py took 0.084 seconds
[2026-03-11T08:12:07.502+0000] {processor.py:161} INFO - Started process (PID=345) to work on /home/airflow/.local/lib/python3.12/site-packages/airflow/example_dags/example_branch_labels.py
[2026-03-11T08:12:07.504+0000] {processor.py:830} INFO - Processing file /home/airflow/.local/lib/python3.12/site-packages/airflow/example_dags/example_branch_labels.py for tasks to queue
[2026-03-11T08:12:07.507+0000] {logging_mixin.py:188} INFO - [2026-03-11T08:12:07.507+0000] {dagbag.py:545} INFO - Filling up the DagBag from /home/airflow/.local/lib/python3.12/site-packages/airflow/example_dags/example_branch_labels.py
[2026-03-11T08:12:07.515+0000] {processor.py:840} INFO - DAG(s) 'example_branch_labels' retrieved from /home/airflow/.local/lib/python3.12/site-packages/airflow/example_dags/example_branch_labels.py
[2026-03-11T08:12:07.539+0000] {logging_mixin.py:188} INFO - [2026-03-11T08:12:07.538+0000] {dag.py:3096} INFO - Sync 1 DAGs
[2026-03-11T08:12:07.562+0000] {logging_mixin.py:188} INFO - [2026-03-11T08:12:07.561+0000] {dag.py:3954} INFO - Setting next_dagrun for example_branch_labels to 2026-03-10 00:00:00+00:00, run_after=2026-03-11 00:00:00+00:00
[2026-03-11T08:12:07.582+0000] {processor.py:183} INFO - Processing /home/airflow/.local/lib/python3.12/site-packages/airflow/example_dags/example_branch_labels.py took 0.087 seconds
[2026-03-11T08:12:38.110+0000] {processor.py:161} INFO - Started process (PID=403) to work on /home/airflow/.local/lib/python3.12/site-packages/airflow/example_dags/example_branch_labels.py
[2026-03-11T08:12:38.111+0000] {processor.py:830} INFO - Processing file /home/airflow/.local/lib/python3.12/site-packages/airflow/example_dags/example_branch_labels.py for tasks to queue
[2026-03-11T08:12:38.115+0000] {logging_mixin.py:188} INFO - [2026-03-11T08:12:38.114+0000] {dagbag.py:545} INFO - Filling up the DagBag from /home/airflow/.local/lib/python3.12/site-packages/airflow/example_dags/example_branch_labels.py
[2026-03-11T08:12:38.129+0000] {processor.py:840} INFO - DAG(s) 'example_branch_labels' retrieved from /home/airflow/.local/lib/python3.12/site-packages/airflow/example_dags/example_branch_labels.py
[2026-03-11T08:12:38.158+0000] {logging_mixin.py:188} INFO - [2026-03-11T08:12:38.158+0000] {dag.py:3096} INFO - Sync 1 DAGs
[2026-03-11T08:12:38.187+0000] {logging_mixin.py:188} INFO - [2026-03-11T08:12:38.187+0000] {dag.py:3954} INFO - Setting next_dagrun for example_branch_labels to 2026-03-10 00:00:00+00:00, run_after=2026-03-11 00:00:00+00:00
[2026-03-11T08:12:38.213+0000] {processor.py:183} INFO - Processing /home/airflow/.local/lib/python3.12/site-packages/airflow/example_dags/example_branch_labels.py took 0.111 seconds
[2026-03-11T08:13:08.624+0000] {processor.py:161} INFO - Started process (PID=461) to work on /home/airflow/.local/lib/python3.12/site-packages/airflow/example_dags/example_branch_labels.py
[2026-03-11T08:13:08.626+0000] {processor.py:830} INFO - Processing file /home/airflow/.local/lib/python3.12/site-packages/airflow/example_dags/example_branch_labels.py for tasks to queue
[2026-03-11T08:13:08.630+0000] {logging_mixin.py:188} INFO - [2026-03-11T08:13:08.629+0000] {dagbag.py:545} INFO - Filling up the DagBag from /home/airflow/.local/lib/python3.12/site-packages/airflow/example_dags/example_branch_labels.py
[2026-03-11T08:13:08.641+0000] {processor.py:840} INFO - DAG(s) 'example_branch_labels' retrieved from /home/airflow/.local/lib/python3.12/site-packages/airflow/example_dags/example_branch_labels.py
[2026-03-11T08:13:08.667+0000] {logging_mixin.py:188} INFO - [2026-03-11T08:13:08.667+0000] {dag.py:3096} INFO - Sync 1 DAGs
[2026-03-11T08:13:08.695+0000] {logging_mixin.py:188} INFO - [2026-03-11T08:13:08.695+0000] {dag.py:3954} INFO - Setting next_dagrun for example_branch_labels to 2026-03-10 00:00:00+00:00, run_after=2026-03-11 00:00:00+00:00
[2026-03-11T08:13:08.721+0000] {processor.py:183} INFO - Processing /home/airflow/.local/lib/python3.12/site-packages/airflow/example_dags/example_branch_labels.py took 0.106 seconds
[2026-03-11T08:13:39.112+0000] {processor.py:161} INFO - Started process (PID=519) to work on /home/airflow/.local/lib/python3.12/site-packages/airflow/example_dags/example_branch_labels.py
[2026-03-11T08:13:39.114+0000] {processor.py:830} INFO - Processing file /home/airflow/.local/lib/python3.12/site-packages/airflow/example_dags/example_branch_labels.py for tasks to queue
[2026-03-11T08:13:39.117+0000] {logging_mixin.py:188} INFO - [2026-03-11T08:13:39.116+0000] {dagbag.py:545} INFO - Filling up the DagBag from /home/airflow/.local/lib/python3.12/site-packages/airflow/example_dags/example_branch_labels.py
[2026-03-11T08:13:39.127+0000] {processor.py:840} INFO - DAG(s) 'example_branch_labels' retrieved from /home/airflow/.local/lib/python3.12/site-packages/airflow/example_dags/example_branch_labels.py
[2026-03-11T08:13:39.148+0000] {logging_mixin.py:188} INFO - [2026-03-11T08:13:39.148+0000] {dag.py:3096} INFO - Sync 1 DAGs
[2026-03-11T08:13:39.170+0000] {logging_mixin.py:188} INFO - [2026-03-11T08:13:39.169+0000] {dag.py:3954} INFO - Setting next_dagrun for example_branch_labels to 2026-03-10 00:00:00+00:00, run_after=2026-03-11 00:00:00+00:00
[2026-03-11T08:13:39.192+0000] {processor.py:183} INFO - Processing /home/airflow/.local/lib/python3.12/site-packages/airflow/example_dags/example_branch_labels.py took 0.088 seconds
[2026-03-11T08:14:10.013+0000] {processor.py:161} INFO - Started process (PID=577) to work on /home/airflow/.local/lib/python3.12/site-packages/airflow/example_dags/example_branch_labels.py
[2026-03-11T08:14:10.015+0000] {processor.py:830} INFO - Processing file /home/airflow/.local/lib/python3.12/site-packages/airflow/example_dags/example_branch_labels.py for tasks to queue
[2026-03-11T08:14:10.018+0000] {logging_mixin.py:188} INFO - [2026-03-11T08:14:10.017+0000] {dagbag.py:545} INFO - Filling up the DagBag from /home/airflow/.local/lib/python3.12/site-packages/airflow/example_dags/example_branch_labels.py
[2026-03-11T08:14:10.028+0000] {processor.py:840} INFO - DAG(s) 'example_branch_labels' retrieved from /home/airflow/.local/lib/python3.12/site-packages/airflow/example_dags/example_branch_labels.py
[2026-03-11T08:14:10.063+0000] {logging_mixin.py:188} INFO - [2026-03-11T08:14:10.063+0000] {dag.py:3096} INFO - Sync 1 DAGs
[2026-03-11T08:14:10.097+0000] {logging_mixin.py:188} INFO - [2026-03-11T08:14:10.097+0000] {dag.py:3954} INFO - Setting next_dagrun for example_branch_labels to 2026-03-10 00:00:00+00:00, run_after=2026-03-11 00:00:00+00:00
[2026-03-11T08:14:10.127+0000] {processor.py:183} INFO - Processing /home/airflow/.local/lib/python3.12/site-packages/airflow/example_dags/example_branch_labels.py took 0.122 seconds
[2026-03-11T08:14:40.425+0000] {processor.py:161} INFO - Started process (PID=634) to work on /home/airflow/.local/lib/python3.12/site-packages/airflow/example_dags/example_branch_labels.py
[2026-03-11T08:14:40.426+0000] {processor.py:830} INFO - Processing file /home/airflow/.local/lib/python3.12/site-packages/airflow/example_dags/example_branch_labels.py for tasks to queue
[2026-03-11T08:14:40.428+0000] {logging_mixin.py:188} INFO - [2026-03-11T08:14:40.428+0000] {dagbag.py:545} INFO - Filling up the DagBag from /home/airflow/.local/lib/python3.12/site-packages/airflow/example_dags/example_branch_labels.py
[2026-03-11T08:14:40.441+0000] {processor.py:840} INFO - DAG(s) 'example_branch_labels' retrieved from /home/airflow/.local/lib/python3.12/site-packages/airflow/example_dags/example_branch_labels.py
[2026-03-11T08:14:40.466+0000] {logging_mixin.py:188} INFO - [2026-03-11T08:14:40.466+0000] {dag.py:3096} INFO - Sync 1 DAGs
[2026-03-11T08:14:40.502+0000] {logging_mixin.py:188} INFO - [2026-03-11T08:14:40.502+0000] {dag.py:3954} INFO - Setting next_dagrun for example_branch_labels to 2026-03-10 00:00:00+00:00, run_after=2026-03-11 00:00:00+00:00
[2026-03-11T08:14:40.526+0000] {processor.py:183} INFO - Processing /home/airflow/.local/lib/python3.12/site-packages/airflow/example_dags/example_branch_labels.py took 0.109 seconds
