[2026-03-11T08:09:51.980+0000] {processor.py:161} INFO - Started process (PID=104) to work on /home/airflow/.local/lib/python3.12/site-packages/airflow/example_dags/example_sla_dag.py
[2026-03-11T08:09:51.984+0000] {processor.py:830} INFO - Processing file /home/airflow/.local/lib/python3.12/site-packages/airflow/example_dags/example_sla_dag.py for tasks to queue
[2026-03-11T08:09:51.987+0000] {logging_mixin.py:188} INFO - [2026-03-11T08:09:51.986+0000] {dagbag.py:545} INFO - Filling up the DagBag from /home/airflow/.local/lib/python3.12/site-packages/airflow/example_dags/example_sla_dag.py
[2026-03-11T08:09:52.005+0000] {processor.py:840} INFO - DAG(s) 'example_sla_dag' retrieved from /home/airflow/.local/lib/python3.12/site-packages/airflow/example_dags/example_sla_dag.py
[2026-03-11T08:09:52.252+0000] {logging_mixin.py:188} INFO - [2026-03-11T08:09:52.252+0000] {dag.py:3096} INFO - Sync 1 DAGs
[2026-03-11T08:09:52.349+0000] {logging_mixin.py:188} INFO - [2026-03-11T08:09:52.348+0000] {dag.py:3954} INFO - Setting next_dagrun for example_sla_dag to 2026-03-11 08:06:00+00:00, run_after=2026-03-11 08:08:00+00:00
[2026-03-11T08:09:52.435+0000] {processor.py:183} INFO - Processing /home/airflow/.local/lib/python3.12/site-packages/airflow/example_dags/example_sla_dag.py took 0.469 seconds
[2026-03-11T08:10:23.002+0000] {processor.py:161} INFO - Started process (PID=161) to work on /home/airflow/.local/lib/python3.12/site-packages/airflow/example_dags/example_sla_dag.py
[2026-03-11T08:10:23.020+0000] {processor.py:830} INFO - Processing file /home/airflow/.local/lib/python3.12/site-packages/airflow/example_dags/example_sla_dag.py for tasks to queue
[2026-03-11T08:10:23.037+0000] {logging_mixin.py:188} INFO - [2026-03-11T08:10:23.036+0000] {dagbag.py:545} INFO - Filling up the DagBag from /home/airflow/.local/lib/python3.12/site-packages/airflow/example_dags/example_sla_dag.py
[2026-03-11T08:10:23.109+0000] {processor.py:840} INFO - DAG(s) 'example_sla_dag' retrieved from /home/airflow/.local/lib/python3.12/site-packages/airflow/example_dags/example_sla_dag.py
[2026-03-11T08:10:23.215+0000] {logging_mixin.py:188} INFO - [2026-03-11T08:10:23.214+0000] {dag.py:3096} INFO - Sync 1 DAGs
[2026-03-11T08:10:23.355+0000] {logging_mixin.py:188} INFO - [2026-03-11T08:10:23.354+0000] {dag.py:3954} INFO - Setting next_dagrun for example_sla_dag to 2026-03-11 08:08:00+00:00, run_after=2026-03-11 08:10:00+00:00
[2026-03-11T08:10:23.436+0000] {processor.py:183} INFO - Processing /home/airflow/.local/lib/python3.12/site-packages/airflow/example_dags/example_sla_dag.py took 0.481 seconds
[2026-03-11T08:10:54.221+0000] {processor.py:161} INFO - Started process (PID=219) to work on /home/airflow/.local/lib/python3.12/site-packages/airflow/example_dags/example_sla_dag.py
[2026-03-11T08:10:54.222+0000] {processor.py:830} INFO - Processing file /home/airflow/.local/lib/python3.12/site-packages/airflow/example_dags/example_sla_dag.py for tasks to queue
[2026-03-11T08:10:54.226+0000] {logging_mixin.py:188} INFO - [2026-03-11T08:10:54.225+0000] {dagbag.py:545} INFO - Filling up the DagBag from /home/airflow/.local/lib/python3.12/site-packages/airflow/example_dags/example_sla_dag.py
[2026-03-11T08:10:54.240+0000] {processor.py:840} INFO - DAG(s) 'example_sla_dag' retrieved from /home/airflow/.local/lib/python3.12/site-packages/airflow/example_dags/example_sla_dag.py
[2026-03-11T08:10:54.269+0000] {logging_mixin.py:188} INFO - [2026-03-11T08:10:54.269+0000] {dag.py:3096} INFO - Sync 1 DAGs
[2026-03-11T08:10:54.305+0000] {logging_mixin.py:188} INFO - [2026-03-11T08:10:54.304+0000] {dag.py:3954} INFO - Setting next_dagrun for example_sla_dag to 2026-03-11 08:08:00+00:00, run_after=2026-03-11 08:10:00+00:00
[2026-03-11T08:10:54.333+0000] {processor.py:183} INFO - Processing /home/airflow/.local/lib/python3.12/site-packages/airflow/example_dags/example_sla_dag.py took 0.125 seconds
[2026-03-11T08:11:25.081+0000] {processor.py:161} INFO - Started process (PID=277) to work on /home/airflow/.local/lib/python3.12/site-packages/airflow/example_dags/example_sla_dag.py
[2026-03-11T08:11:25.103+0000] {processor.py:830} INFO - Processing file /home/airflow/.local/lib/python3.12/site-packages/airflow/example_dags/example_sla_dag.py for tasks to queue
[2026-03-11T08:11:25.108+0000] {logging_mixin.py:188} INFO - [2026-03-11T08:11:25.107+0000] {dagbag.py:545} INFO - Filling up the DagBag from /home/airflow/.local/lib/python3.12/site-packages/airflow/example_dags/example_sla_dag.py
[2026-03-11T08:11:25.120+0000] {processor.py:840} INFO - DAG(s) 'example_sla_dag' retrieved from /home/airflow/.local/lib/python3.12/site-packages/airflow/example_dags/example_sla_dag.py
[2026-03-11T08:11:25.172+0000] {logging_mixin.py:188} INFO - [2026-03-11T08:11:25.171+0000] {dag.py:3096} INFO - Sync 1 DAGs
[2026-03-11T08:11:25.251+0000] {logging_mixin.py:188} INFO - [2026-03-11T08:11:25.250+0000] {dag.py:3954} INFO - Setting next_dagrun for example_sla_dag to 2026-03-11 08:08:00+00:00, run_after=2026-03-11 08:10:00+00:00
[2026-03-11T08:11:25.298+0000] {processor.py:183} INFO - Processing /home/airflow/.local/lib/python3.12/site-packages/airflow/example_dags/example_sla_dag.py took 0.237 seconds
[2026-03-11T08:11:56.707+0000] {processor.py:161} INFO - Started process (PID=335) to work on /home/airflow/.local/lib/python3.12/site-packages/airflow/example_dags/example_sla_dag.py
[2026-03-11T08:11:56.708+0000] {processor.py:830} INFO - Processing file /home/airflow/.local/lib/python3.12/site-packages/airflow/example_dags/example_sla_dag.py for tasks to queue
[2026-03-11T08:11:56.711+0000] {logging_mixin.py:188} INFO - [2026-03-11T08:11:56.710+0000] {dagbag.py:545} INFO - Filling up the DagBag from /home/airflow/.local/lib/python3.12/site-packages/airflow/example_dags/example_sla_dag.py
[2026-03-11T08:11:56.722+0000] {processor.py:840} INFO - DAG(s) 'example_sla_dag' retrieved from /home/airflow/.local/lib/python3.12/site-packages/airflow/example_dags/example_sla_dag.py
[2026-03-11T08:11:56.747+0000] {logging_mixin.py:188} INFO - [2026-03-11T08:11:56.747+0000] {dag.py:3096} INFO - Sync 1 DAGs
[2026-03-11T08:11:56.778+0000] {logging_mixin.py:188} INFO - [2026-03-11T08:11:56.778+0000] {dag.py:3954} INFO - Setting next_dagrun for example_sla_dag to 2026-03-11 08:08:00+00:00, run_after=2026-03-11 08:10:00+00:00
[2026-03-11T08:11:56.800+0000] {processor.py:183} INFO - Processing /home/airflow/.local/lib/python3.12/site-packages/airflow/example_dags/example_sla_dag.py took 0.101 seconds
[2026-03-11T08:12:29.067+0000] {processor.py:161} INFO - Started process (PID=393) to work on /home/airflow/.local/lib/python3.12/site-packages/airflow/example_dags/example_sla_dag.py
[2026-03-11T08:12:29.072+0000] {processor.py:830} INFO - Processing file /home/airflow/.local/lib/python3.12/site-packages/airflow/example_dags/example_sla_dag.py for tasks to queue
[2026-03-11T08:12:29.076+0000] {logging_mixin.py:188} INFO - [2026-03-11T08:12:29.076+0000] {dagbag.py:545} INFO - Filling up the DagBag from /home/airflow/.local/lib/python3.12/site-packages/airflow/example_dags/example_sla_dag.py
[2026-03-11T08:12:29.094+0000] {processor.py:840} INFO - DAG(s) 'example_sla_dag' retrieved from /home/airflow/.local/lib/python3.12/site-packages/airflow/example_dags/example_sla_dag.py
[2026-03-11T08:12:29.132+0000] {logging_mixin.py:188} INFO - [2026-03-11T08:12:29.132+0000] {dag.py:3096} INFO - Sync 1 DAGs
[2026-03-11T08:12:29.186+0000] {logging_mixin.py:188} INFO - [2026-03-11T08:12:29.186+0000] {dag.py:3954} INFO - Setting next_dagrun for example_sla_dag to 2026-03-11 08:10:00+00:00, run_after=2026-03-11 08:12:00+00:00
[2026-03-11T08:12:29.244+0000] {processor.py:183} INFO - Processing /home/airflow/.local/lib/python3.12/site-packages/airflow/example_dags/example_sla_dag.py took 0.187 seconds
[2026-03-11T08:13:00.976+0000] {processor.py:161} INFO - Started process (PID=451) to work on /home/airflow/.local/lib/python3.12/site-packages/airflow/example_dags/example_sla_dag.py
[2026-03-11T08:13:00.977+0000] {processor.py:830} INFO - Processing file /home/airflow/.local/lib/python3.12/site-packages/airflow/example_dags/example_sla_dag.py for tasks to queue
[2026-03-11T08:13:00.981+0000] {logging_mixin.py:188} INFO - [2026-03-11T08:13:00.980+0000] {dagbag.py:545} INFO - Filling up the DagBag from /home/airflow/.local/lib/python3.12/site-packages/airflow/example_dags/example_sla_dag.py
[2026-03-11T08:13:00.994+0000] {processor.py:840} INFO - DAG(s) 'example_sla_dag' retrieved from /home/airflow/.local/lib/python3.12/site-packages/airflow/example_dags/example_sla_dag.py
[2026-03-11T08:13:01.017+0000] {logging_mixin.py:188} INFO - [2026-03-11T08:13:01.017+0000] {dag.py:3096} INFO - Sync 1 DAGs
[2026-03-11T08:13:01.054+0000] {logging_mixin.py:188} INFO - [2026-03-11T08:13:01.053+0000] {dag.py:3954} INFO - Setting next_dagrun for example_sla_dag to 2026-03-11 08:10:00+00:00, run_after=2026-03-11 08:12:00+00:00
[2026-03-11T08:13:01.080+0000] {processor.py:183} INFO - Processing /home/airflow/.local/lib/python3.12/site-packages/airflow/example_dags/example_sla_dag.py took 0.111 seconds
[2026-03-11T08:13:33.504+0000] {processor.py:161} INFO - Started process (PID=509) to work on /home/airflow/.local/lib/python3.12/site-packages/airflow/example_dags/example_sla_dag.py
[2026-03-11T08:13:33.505+0000] {processor.py:830} INFO - Processing file /home/airflow/.local/lib/python3.12/site-packages/airflow/example_dags/example_sla_dag.py for tasks to queue
[2026-03-11T08:13:33.507+0000] {logging_mixin.py:188} INFO - [2026-03-11T08:13:33.507+0000] {dagbag.py:545} INFO - Filling up the DagBag from /home/airflow/.local/lib/python3.12/site-packages/airflow/example_dags/example_sla_dag.py
[2026-03-11T08:13:33.516+0000] {processor.py:840} INFO - DAG(s) 'example_sla_dag' retrieved from /home/airflow/.local/lib/python3.12/site-packages/airflow/example_dags/example_sla_dag.py
[2026-03-11T08:13:33.534+0000] {logging_mixin.py:188} INFO - [2026-03-11T08:13:33.534+0000] {dag.py:3096} INFO - Sync 1 DAGs
[2026-03-11T08:13:33.565+0000] {logging_mixin.py:188} INFO - [2026-03-11T08:13:33.565+0000] {dag.py:3954} INFO - Setting next_dagrun for example_sla_dag to 2026-03-11 08:10:00+00:00, run_after=2026-03-11 08:12:00+00:00
[2026-03-11T08:13:33.590+0000] {processor.py:183} INFO - Processing /home/airflow/.local/lib/python3.12/site-packages/airflow/example_dags/example_sla_dag.py took 0.092 seconds
[2026-03-11T08:14:06.250+0000] {processor.py:161} INFO - Started process (PID=567) to work on /home/airflow/.local/lib/python3.12/site-packages/airflow/example_dags/example_sla_dag.py
[2026-03-11T08:14:06.252+0000] {processor.py:830} INFO - Processing file /home/airflow/.local/lib/python3.12/site-packages/airflow/example_dags/example_sla_dag.py for tasks to queue
[2026-03-11T08:14:06.255+0000] {logging_mixin.py:188} INFO - [2026-03-11T08:14:06.254+0000] {dagbag.py:545} INFO - Filling up the DagBag from /home/airflow/.local/lib/python3.12/site-packages/airflow/example_dags/example_sla_dag.py
[2026-03-11T08:14:06.267+0000] {processor.py:840} INFO - DAG(s) 'example_sla_dag' retrieved from /home/airflow/.local/lib/python3.12/site-packages/airflow/example_dags/example_sla_dag.py
[2026-03-11T08:14:06.298+0000] {logging_mixin.py:188} INFO - [2026-03-11T08:14:06.298+0000] {dag.py:3096} INFO - Sync 1 DAGs
[2026-03-11T08:14:06.329+0000] {logging_mixin.py:188} INFO - [2026-03-11T08:14:06.328+0000] {dag.py:3954} INFO - Setting next_dagrun for example_sla_dag to 2026-03-11 08:12:00+00:00, run_after=2026-03-11 08:14:00+00:00
[2026-03-11T08:14:06.348+0000] {processor.py:183} INFO - Processing /home/airflow/.local/lib/python3.12/site-packages/airflow/example_dags/example_sla_dag.py took 0.105 seconds
[2026-03-11T08:14:38.736+0000] {processor.py:161} INFO - Started process (PID=624) to work on /home/airflow/.local/lib/python3.12/site-packages/airflow/example_dags/example_sla_dag.py
[2026-03-11T08:14:38.738+0000] {processor.py:830} INFO - Processing file /home/airflow/.local/lib/python3.12/site-packages/airflow/example_dags/example_sla_dag.py for tasks to queue
[2026-03-11T08:14:38.744+0000] {logging_mixin.py:188} INFO - [2026-03-11T08:14:38.743+0000] {dagbag.py:545} INFO - Filling up the DagBag from /home/airflow/.local/lib/python3.12/site-packages/airflow/example_dags/example_sla_dag.py
[2026-03-11T08:14:38.753+0000] {processor.py:840} INFO - DAG(s) 'example_sla_dag' retrieved from /home/airflow/.local/lib/python3.12/site-packages/airflow/example_dags/example_sla_dag.py
[2026-03-11T08:14:38.774+0000] {logging_mixin.py:188} INFO - [2026-03-11T08:14:38.773+0000] {dag.py:3096} INFO - Sync 1 DAGs
[2026-03-11T08:14:38.798+0000] {logging_mixin.py:188} INFO - [2026-03-11T08:14:38.798+0000] {dag.py:3954} INFO - Setting next_dagrun for example_sla_dag to 2026-03-11 08:12:00+00:00, run_after=2026-03-11 08:14:00+00:00
[2026-03-11T08:14:38.819+0000] {processor.py:183} INFO - Processing /home/airflow/.local/lib/python3.12/site-packages/airflow/example_dags/example_sla_dag.py took 0.090 seconds
