[2026-03-11T08:09:40.237+0000] {processor.py:161} INFO - Started process (PID=83) to work on /home/airflow/.local/lib/python3.12/site-packages/airflow/example_dags/example_short_circuit_operator.py
[2026-03-11T08:09:40.246+0000] {processor.py:830} INFO - Processing file /home/airflow/.local/lib/python3.12/site-packages/airflow/example_dags/example_short_circuit_operator.py for tasks to queue
[2026-03-11T08:09:40.270+0000] {logging_mixin.py:188} INFO - [2026-03-11T08:09:40.268+0000] {dagbag.py:545} INFO - Filling up the DagBag from /home/airflow/.local/lib/python3.12/site-packages/airflow/example_dags/example_short_circuit_operator.py
[2026-03-11T08:09:40.381+0000] {processor.py:840} INFO - DAG(s) 'example_short_circuit_operator' retrieved from /home/airflow/.local/lib/python3.12/site-packages/airflow/example_dags/example_short_circuit_operator.py
[2026-03-11T08:09:41.257+0000] {logging_mixin.py:188} INFO - [2026-03-11T08:09:41.257+0000] {dag.py:3096} INFO - Sync 1 DAGs
[2026-03-11T08:09:43.598+0000] {logging_mixin.py:188} INFO - [2026-03-11T08:09:43.598+0000] {dag.py:3954} INFO - Setting next_dagrun for example_short_circuit_operator to 2026-03-10 00:00:00+00:00, run_after=2026-03-11 00:00:00+00:00
[2026-03-11T08:09:43.647+0000] {processor.py:183} INFO - Processing /home/airflow/.local/lib/python3.12/site-packages/airflow/example_dags/example_short_circuit_operator.py took 0.978 seconds
[2026-03-11T08:10:16.426+0000] {processor.py:161} INFO - Started process (PID=140) to work on /home/airflow/.local/lib/python3.12/site-packages/airflow/example_dags/example_short_circuit_operator.py
[2026-03-11T08:10:16.429+0000] {processor.py:830} INFO - Processing file /home/airflow/.local/lib/python3.12/site-packages/airflow/example_dags/example_short_circuit_operator.py for tasks to queue
[2026-03-11T08:10:16.433+0000] {logging_mixin.py:188} INFO - [2026-03-11T08:10:16.433+0000] {dagbag.py:545} INFO - Filling up the DagBag from /home/airflow/.local/lib/python3.12/site-packages/airflow/example_dags/example_short_circuit_operator.py
[2026-03-11T08:10:16.470+0000] {processor.py:840} INFO - DAG(s) 'example_short_circuit_operator' retrieved from /home/airflow/.local/lib/python3.12/site-packages/airflow/example_dags/example_short_circuit_operator.py
[2026-03-11T08:10:16.574+0000] {logging_mixin.py:188} INFO - [2026-03-11T08:10:16.574+0000] {dag.py:3096} INFO - Sync 1 DAGs
[2026-03-11T08:10:16.654+0000] {logging_mixin.py:188} INFO - [2026-03-11T08:10:16.654+0000] {dag.py:3954} INFO - Setting next_dagrun for example_short_circuit_operator to 2026-03-10 00:00:00+00:00, run_after=2026-03-11 00:00:00+00:00
[2026-03-11T08:10:16.741+0000] {processor.py:183} INFO - Processing /home/airflow/.local/lib/python3.12/site-packages/airflow/example_dags/example_short_circuit_operator.py took 0.331 seconds
[2026-03-11T08:10:49.532+0000] {processor.py:161} INFO - Started process (PID=198) to work on /home/airflow/.local/lib/python3.12/site-packages/airflow/example_dags/example_short_circuit_operator.py
[2026-03-11T08:10:49.534+0000] {processor.py:830} INFO - Processing file /home/airflow/.local/lib/python3.12/site-packages/airflow/example_dags/example_short_circuit_operator.py for tasks to queue
[2026-03-11T08:10:49.539+0000] {logging_mixin.py:188} INFO - [2026-03-11T08:10:49.537+0000] {dagbag.py:545} INFO - Filling up the DagBag from /home/airflow/.local/lib/python3.12/site-packages/airflow/example_dags/example_short_circuit_operator.py
[2026-03-11T08:10:49.556+0000] {processor.py:840} INFO - DAG(s) 'example_short_circuit_operator' retrieved from /home/airflow/.local/lib/python3.12/site-packages/airflow/example_dags/example_short_circuit_operator.py
[2026-03-11T08:10:49.587+0000] {logging_mixin.py:188} INFO - [2026-03-11T08:10:49.587+0000] {dag.py:3096} INFO - Sync 1 DAGs
[2026-03-11T08:10:49.615+0000] {logging_mixin.py:188} INFO - [2026-03-11T08:10:49.614+0000] {dag.py:3954} INFO - Setting next_dagrun for example_short_circuit_operator to 2026-03-10 00:00:00+00:00, run_after=2026-03-11 00:00:00+00:00
[2026-03-11T08:10:49.645+0000] {processor.py:183} INFO - Processing /home/airflow/.local/lib/python3.12/site-packages/airflow/example_dags/example_short_circuit_operator.py took 0.125 seconds
[2026-03-11T08:11:21.924+0000] {processor.py:161} INFO - Started process (PID=256) to work on /home/airflow/.local/lib/python3.12/site-packages/airflow/example_dags/example_short_circuit_operator.py
[2026-03-11T08:11:21.927+0000] {processor.py:830} INFO - Processing file /home/airflow/.local/lib/python3.12/site-packages/airflow/example_dags/example_short_circuit_operator.py for tasks to queue
[2026-03-11T08:11:21.930+0000] {logging_mixin.py:188} INFO - [2026-03-11T08:11:21.930+0000] {dagbag.py:545} INFO - Filling up the DagBag from /home/airflow/.local/lib/python3.12/site-packages/airflow/example_dags/example_short_circuit_operator.py
[2026-03-11T08:11:21.945+0000] {processor.py:840} INFO - DAG(s) 'example_short_circuit_operator' retrieved from /home/airflow/.local/lib/python3.12/site-packages/airflow/example_dags/example_short_circuit_operator.py
[2026-03-11T08:11:21.979+0000] {logging_mixin.py:188} INFO - [2026-03-11T08:11:21.979+0000] {dag.py:3096} INFO - Sync 1 DAGs
[2026-03-11T08:11:22.011+0000] {logging_mixin.py:188} INFO - [2026-03-11T08:11:22.011+0000] {dag.py:3954} INFO - Setting next_dagrun for example_short_circuit_operator to 2026-03-10 00:00:00+00:00, run_after=2026-03-11 00:00:00+00:00
[2026-03-11T08:11:22.041+0000] {processor.py:183} INFO - Processing /home/airflow/.local/lib/python3.12/site-packages/airflow/example_dags/example_short_circuit_operator.py took 0.130 seconds
[2026-03-11T08:11:54.070+0000] {processor.py:161} INFO - Started process (PID=314) to work on /home/airflow/.local/lib/python3.12/site-packages/airflow/example_dags/example_short_circuit_operator.py
[2026-03-11T08:11:54.072+0000] {processor.py:830} INFO - Processing file /home/airflow/.local/lib/python3.12/site-packages/airflow/example_dags/example_short_circuit_operator.py for tasks to queue
[2026-03-11T08:11:54.080+0000] {logging_mixin.py:188} INFO - [2026-03-11T08:11:54.079+0000] {dagbag.py:545} INFO - Filling up the DagBag from /home/airflow/.local/lib/python3.12/site-packages/airflow/example_dags/example_short_circuit_operator.py
[2026-03-11T08:11:54.172+0000] {processor.py:840} INFO - DAG(s) 'example_short_circuit_operator' retrieved from /home/airflow/.local/lib/python3.12/site-packages/airflow/example_dags/example_short_circuit_operator.py
[2026-03-11T08:11:54.235+0000] {logging_mixin.py:188} INFO - [2026-03-11T08:11:54.235+0000] {dag.py:3096} INFO - Sync 1 DAGs
[2026-03-11T08:11:54.303+0000] {logging_mixin.py:188} INFO - [2026-03-11T08:11:54.302+0000] {dag.py:3954} INFO - Setting next_dagrun for example_short_circuit_operator to 2026-03-10 00:00:00+00:00, run_after=2026-03-11 00:00:00+00:00
[2026-03-11T08:11:54.345+0000] {processor.py:183} INFO - Processing /home/airflow/.local/lib/python3.12/site-packages/airflow/example_dags/example_short_circuit_operator.py took 0.284 seconds
[2026-03-11T08:12:27.004+0000] {processor.py:161} INFO - Started process (PID=372) to work on /home/airflow/.local/lib/python3.12/site-packages/airflow/example_dags/example_short_circuit_operator.py
[2026-03-11T08:12:27.006+0000] {processor.py:830} INFO - Processing file /home/airflow/.local/lib/python3.12/site-packages/airflow/example_dags/example_short_circuit_operator.py for tasks to queue
[2026-03-11T08:12:27.010+0000] {logging_mixin.py:188} INFO - [2026-03-11T08:12:27.009+0000] {dagbag.py:545} INFO - Filling up the DagBag from /home/airflow/.local/lib/python3.12/site-packages/airflow/example_dags/example_short_circuit_operator.py
[2026-03-11T08:12:27.023+0000] {processor.py:840} INFO - DAG(s) 'example_short_circuit_operator' retrieved from /home/airflow/.local/lib/python3.12/site-packages/airflow/example_dags/example_short_circuit_operator.py
[2026-03-11T08:12:27.058+0000] {logging_mixin.py:188} INFO - [2026-03-11T08:12:27.058+0000] {dag.py:3096} INFO - Sync 1 DAGs
[2026-03-11T08:12:27.086+0000] {logging_mixin.py:188} INFO - [2026-03-11T08:12:27.085+0000] {dag.py:3954} INFO - Setting next_dagrun for example_short_circuit_operator to 2026-03-10 00:00:00+00:00, run_after=2026-03-11 00:00:00+00:00
[2026-03-11T08:12:27.110+0000] {processor.py:183} INFO - Processing /home/airflow/.local/lib/python3.12/site-packages/airflow/example_dags/example_short_circuit_operator.py took 0.119 seconds
[2026-03-11T08:12:59.336+0000] {processor.py:161} INFO - Started process (PID=430) to work on /home/airflow/.local/lib/python3.12/site-packages/airflow/example_dags/example_short_circuit_operator.py
[2026-03-11T08:12:59.339+0000] {processor.py:830} INFO - Processing file /home/airflow/.local/lib/python3.12/site-packages/airflow/example_dags/example_short_circuit_operator.py for tasks to queue
[2026-03-11T08:12:59.342+0000] {logging_mixin.py:188} INFO - [2026-03-11T08:12:59.342+0000] {dagbag.py:545} INFO - Filling up the DagBag from /home/airflow/.local/lib/python3.12/site-packages/airflow/example_dags/example_short_circuit_operator.py
[2026-03-11T08:12:59.359+0000] {processor.py:840} INFO - DAG(s) 'example_short_circuit_operator' retrieved from /home/airflow/.local/lib/python3.12/site-packages/airflow/example_dags/example_short_circuit_operator.py
[2026-03-11T08:12:59.398+0000] {logging_mixin.py:188} INFO - [2026-03-11T08:12:59.398+0000] {dag.py:3096} INFO - Sync 1 DAGs
[2026-03-11T08:12:59.427+0000] {logging_mixin.py:188} INFO - [2026-03-11T08:12:59.427+0000] {dag.py:3954} INFO - Setting next_dagrun for example_short_circuit_operator to 2026-03-10 00:00:00+00:00, run_after=2026-03-11 00:00:00+00:00
[2026-03-11T08:12:59.455+0000] {processor.py:183} INFO - Processing /home/airflow/.local/lib/python3.12/site-packages/airflow/example_dags/example_short_circuit_operator.py took 0.134 seconds
[2026-03-11T08:13:32.087+0000] {processor.py:161} INFO - Started process (PID=488) to work on /home/airflow/.local/lib/python3.12/site-packages/airflow/example_dags/example_short_circuit_operator.py
[2026-03-11T08:13:32.089+0000] {processor.py:830} INFO - Processing file /home/airflow/.local/lib/python3.12/site-packages/airflow/example_dags/example_short_circuit_operator.py for tasks to queue
[2026-03-11T08:13:32.095+0000] {logging_mixin.py:188} INFO - [2026-03-11T08:13:32.094+0000] {dagbag.py:545} INFO - Filling up the DagBag from /home/airflow/.local/lib/python3.12/site-packages/airflow/example_dags/example_short_circuit_operator.py
[2026-03-11T08:13:32.110+0000] {processor.py:840} INFO - DAG(s) 'example_short_circuit_operator' retrieved from /home/airflow/.local/lib/python3.12/site-packages/airflow/example_dags/example_short_circuit_operator.py
[2026-03-11T08:13:32.147+0000] {logging_mixin.py:188} INFO - [2026-03-11T08:13:32.146+0000] {dag.py:3096} INFO - Sync 1 DAGs
[2026-03-11T08:13:32.178+0000] {logging_mixin.py:188} INFO - [2026-03-11T08:13:32.178+0000] {dag.py:3954} INFO - Setting next_dagrun for example_short_circuit_operator to 2026-03-10 00:00:00+00:00, run_after=2026-03-11 00:00:00+00:00
[2026-03-11T08:13:32.205+0000] {processor.py:183} INFO - Processing /home/airflow/.local/lib/python3.12/site-packages/airflow/example_dags/example_short_circuit_operator.py took 0.134 seconds
[2026-03-11T08:14:04.427+0000] {processor.py:161} INFO - Started process (PID=546) to work on /home/airflow/.local/lib/python3.12/site-packages/airflow/example_dags/example_short_circuit_operator.py
[2026-03-11T08:14:04.430+0000] {processor.py:830} INFO - Processing file /home/airflow/.local/lib/python3.12/site-packages/airflow/example_dags/example_short_circuit_operator.py for tasks to queue
[2026-03-11T08:14:04.436+0000] {logging_mixin.py:188} INFO - [2026-03-11T08:14:04.435+0000] {dagbag.py:545} INFO - Filling up the DagBag from /home/airflow/.local/lib/python3.12/site-packages/airflow/example_dags/example_short_circuit_operator.py
[2026-03-11T08:14:04.454+0000] {processor.py:840} INFO - DAG(s) 'example_short_circuit_operator' retrieved from /home/airflow/.local/lib/python3.12/site-packages/airflow/example_dags/example_short_circuit_operator.py
[2026-03-11T08:14:04.507+0000] {logging_mixin.py:188} INFO - [2026-03-11T08:14:04.507+0000] {dag.py:3096} INFO - Sync 1 DAGs
[2026-03-11T08:14:04.558+0000] {logging_mixin.py:188} INFO - [2026-03-11T08:14:04.557+0000] {dag.py:3954} INFO - Setting next_dagrun for example_short_circuit_operator to 2026-03-10 00:00:00+00:00, run_after=2026-03-11 00:00:00+00:00
[2026-03-11T08:14:04.601+0000] {processor.py:183} INFO - Processing /home/airflow/.local/lib/python3.12/site-packages/airflow/example_dags/example_short_circuit_operator.py took 0.190 seconds
[2026-03-11T08:14:37.249+0000] {processor.py:161} INFO - Started process (PID=603) to work on /home/airflow/.local/lib/python3.12/site-packages/airflow/example_dags/example_short_circuit_operator.py
[2026-03-11T08:14:37.252+0000] {processor.py:830} INFO - Processing file /home/airflow/.local/lib/python3.12/site-packages/airflow/example_dags/example_short_circuit_operator.py for tasks to queue
[2026-03-11T08:14:37.257+0000] {logging_mixin.py:188} INFO - [2026-03-11T08:14:37.256+0000] {dagbag.py:545} INFO - Filling up the DagBag from /home/airflow/.local/lib/python3.12/site-packages/airflow/example_dags/example_short_circuit_operator.py
[2026-03-11T08:14:37.270+0000] {processor.py:840} INFO - DAG(s) 'example_short_circuit_operator' retrieved from /home/airflow/.local/lib/python3.12/site-packages/airflow/example_dags/example_short_circuit_operator.py
[2026-03-11T08:14:37.310+0000] {logging_mixin.py:188} INFO - [2026-03-11T08:14:37.310+0000] {dag.py:3096} INFO - Sync 1 DAGs
[2026-03-11T08:14:37.353+0000] {logging_mixin.py:188} INFO - [2026-03-11T08:14:37.353+0000] {dag.py:3954} INFO - Setting next_dagrun for example_short_circuit_operator to 2026-03-10 00:00:00+00:00, run_after=2026-03-11 00:00:00+00:00
[2026-03-11T08:14:37.389+0000] {processor.py:183} INFO - Processing /home/airflow/.local/lib/python3.12/site-packages/airflow/example_dags/example_short_circuit_operator.py took 0.162 seconds
