[2026-03-11T08:09:38.687+0000] {processor.py:161} INFO - Started process (PID=79) to work on /home/airflow/.local/lib/python3.12/site-packages/airflow/example_dags/example_external_task_marker_dag.py
[2026-03-11T08:09:38.689+0000] {processor.py:830} INFO - Processing file /home/airflow/.local/lib/python3.12/site-packages/airflow/example_dags/example_external_task_marker_dag.py for tasks to queue
[2026-03-11T08:09:38.693+0000] {logging_mixin.py:188} INFO - [2026-03-11T08:09:38.692+0000] {dagbag.py:545} INFO - Filling up the DagBag from /home/airflow/.local/lib/python3.12/site-packages/airflow/example_dags/example_external_task_marker_dag.py
[2026-03-11T08:09:38.711+0000] {processor.py:840} INFO - DAG(s) 'example_external_task_marker_child', 'example_external_task_marker_parent' retrieved from /home/airflow/.local/lib/python3.12/site-packages/airflow/example_dags/example_external_task_marker_dag.py
[2026-03-11T08:09:38.897+0000] {logging_mixin.py:188} INFO - [2026-03-11T08:09:38.897+0000] {dag.py:3096} INFO - Sync 2 DAGs
[2026-03-11T08:09:38.918+0000] {logging_mixin.py:188} INFO - [2026-03-11T08:09:38.918+0000] {dag.py:3954} INFO - Setting next_dagrun for example_external_task_marker_child to None, run_after=None
[2026-03-11T08:09:38.928+0000] {logging_mixin.py:188} INFO - [2026-03-11T08:09:38.927+0000] {dag.py:3954} INFO - Setting next_dagrun for example_external_task_marker_parent to None, run_after=None
[2026-03-11T08:09:38.968+0000] {processor.py:183} INFO - Processing /home/airflow/.local/lib/python3.12/site-packages/airflow/example_dags/example_external_task_marker_dag.py took 0.291 seconds
[2026-03-11T08:10:09.394+0000] {processor.py:161} INFO - Started process (PID=136) to work on /home/airflow/.local/lib/python3.12/site-packages/airflow/example_dags/example_external_task_marker_dag.py
[2026-03-11T08:10:09.401+0000] {processor.py:830} INFO - Processing file /home/airflow/.local/lib/python3.12/site-packages/airflow/example_dags/example_external_task_marker_dag.py for tasks to queue
[2026-03-11T08:10:09.403+0000] {logging_mixin.py:188} INFO - [2026-03-11T08:10:09.403+0000] {dagbag.py:545} INFO - Filling up the DagBag from /home/airflow/.local/lib/python3.12/site-packages/airflow/example_dags/example_external_task_marker_dag.py
[2026-03-11T08:10:09.419+0000] {processor.py:840} INFO - DAG(s) 'example_external_task_marker_parent', 'example_external_task_marker_child' retrieved from /home/airflow/.local/lib/python3.12/site-packages/airflow/example_dags/example_external_task_marker_dag.py
[2026-03-11T08:10:09.467+0000] {logging_mixin.py:188} INFO - [2026-03-11T08:10:09.467+0000] {dag.py:3096} INFO - Sync 2 DAGs
[2026-03-11T08:10:09.492+0000] {logging_mixin.py:188} INFO - [2026-03-11T08:10:09.492+0000] {dag.py:3954} INFO - Setting next_dagrun for example_external_task_marker_child to None, run_after=None
[2026-03-11T08:10:09.506+0000] {logging_mixin.py:188} INFO - [2026-03-11T08:10:09.505+0000] {dag.py:3954} INFO - Setting next_dagrun for example_external_task_marker_parent to None, run_after=None
[2026-03-11T08:10:09.542+0000] {processor.py:183} INFO - Processing /home/airflow/.local/lib/python3.12/site-packages/airflow/example_dags/example_external_task_marker_dag.py took 0.158 seconds
[2026-03-11T08:10:40.506+0000] {processor.py:161} INFO - Started process (PID=194) to work on /home/airflow/.local/lib/python3.12/site-packages/airflow/example_dags/example_external_task_marker_dag.py
[2026-03-11T08:10:40.508+0000] {processor.py:830} INFO - Processing file /home/airflow/.local/lib/python3.12/site-packages/airflow/example_dags/example_external_task_marker_dag.py for tasks to queue
[2026-03-11T08:10:40.511+0000] {logging_mixin.py:188} INFO - [2026-03-11T08:10:40.510+0000] {dagbag.py:545} INFO - Filling up the DagBag from /home/airflow/.local/lib/python3.12/site-packages/airflow/example_dags/example_external_task_marker_dag.py
[2026-03-11T08:10:40.521+0000] {processor.py:840} INFO - DAG(s) 'example_external_task_marker_parent', 'example_external_task_marker_child' retrieved from /home/airflow/.local/lib/python3.12/site-packages/airflow/example_dags/example_external_task_marker_dag.py
[2026-03-11T08:10:40.551+0000] {logging_mixin.py:188} INFO - [2026-03-11T08:10:40.551+0000] {dag.py:3096} INFO - Sync 2 DAGs
[2026-03-11T08:10:40.567+0000] {logging_mixin.py:188} INFO - [2026-03-11T08:10:40.567+0000] {dag.py:3954} INFO - Setting next_dagrun for example_external_task_marker_child to None, run_after=None
[2026-03-11T08:10:40.571+0000] {logging_mixin.py:188} INFO - [2026-03-11T08:10:40.571+0000] {dag.py:3954} INFO - Setting next_dagrun for example_external_task_marker_parent to None, run_after=None
[2026-03-11T08:10:40.592+0000] {processor.py:183} INFO - Processing /home/airflow/.local/lib/python3.12/site-packages/airflow/example_dags/example_external_task_marker_dag.py took 0.094 seconds
[2026-03-11T08:11:10.871+0000] {processor.py:161} INFO - Started process (PID=252) to work on /home/airflow/.local/lib/python3.12/site-packages/airflow/example_dags/example_external_task_marker_dag.py
[2026-03-11T08:11:10.872+0000] {processor.py:830} INFO - Processing file /home/airflow/.local/lib/python3.12/site-packages/airflow/example_dags/example_external_task_marker_dag.py for tasks to queue
[2026-03-11T08:11:10.874+0000] {logging_mixin.py:188} INFO - [2026-03-11T08:11:10.873+0000] {dagbag.py:545} INFO - Filling up the DagBag from /home/airflow/.local/lib/python3.12/site-packages/airflow/example_dags/example_external_task_marker_dag.py
[2026-03-11T08:11:10.880+0000] {processor.py:840} INFO - DAG(s) 'example_external_task_marker_child', 'example_external_task_marker_parent' retrieved from /home/airflow/.local/lib/python3.12/site-packages/airflow/example_dags/example_external_task_marker_dag.py
[2026-03-11T08:11:10.902+0000] {logging_mixin.py:188} INFO - [2026-03-11T08:11:10.901+0000] {dag.py:3096} INFO - Sync 2 DAGs
[2026-03-11T08:11:10.914+0000] {logging_mixin.py:188} INFO - [2026-03-11T08:11:10.914+0000] {dag.py:3954} INFO - Setting next_dagrun for example_external_task_marker_child to None, run_after=None
[2026-03-11T08:11:10.919+0000] {logging_mixin.py:188} INFO - [2026-03-11T08:11:10.918+0000] {dag.py:3954} INFO - Setting next_dagrun for example_external_task_marker_parent to None, run_after=None
[2026-03-11T08:11:10.940+0000] {processor.py:183} INFO - Processing /home/airflow/.local/lib/python3.12/site-packages/airflow/example_dags/example_external_task_marker_dag.py took 0.076 seconds
[2026-03-11T08:11:41.703+0000] {processor.py:161} INFO - Started process (PID=308) to work on /home/airflow/.local/lib/python3.12/site-packages/airflow/example_dags/example_external_task_marker_dag.py
[2026-03-11T08:11:41.704+0000] {processor.py:830} INFO - Processing file /home/airflow/.local/lib/python3.12/site-packages/airflow/example_dags/example_external_task_marker_dag.py for tasks to queue
[2026-03-11T08:11:41.706+0000] {logging_mixin.py:188} INFO - [2026-03-11T08:11:41.705+0000] {dagbag.py:545} INFO - Filling up the DagBag from /home/airflow/.local/lib/python3.12/site-packages/airflow/example_dags/example_external_task_marker_dag.py
[2026-03-11T08:11:41.711+0000] {processor.py:840} INFO - DAG(s) 'example_external_task_marker_child', 'example_external_task_marker_parent' retrieved from /home/airflow/.local/lib/python3.12/site-packages/airflow/example_dags/example_external_task_marker_dag.py
[2026-03-11T08:11:41.736+0000] {logging_mixin.py:188} INFO - [2026-03-11T08:11:41.736+0000] {dag.py:3096} INFO - Sync 2 DAGs
[2026-03-11T08:11:41.750+0000] {logging_mixin.py:188} INFO - [2026-03-11T08:11:41.750+0000] {dag.py:3954} INFO - Setting next_dagrun for example_external_task_marker_child to None, run_after=None
[2026-03-11T08:11:41.754+0000] {logging_mixin.py:188} INFO - [2026-03-11T08:11:41.754+0000] {dag.py:3954} INFO - Setting next_dagrun for example_external_task_marker_parent to None, run_after=None
[2026-03-11T08:11:41.773+0000] {processor.py:183} INFO - Processing /home/airflow/.local/lib/python3.12/site-packages/airflow/example_dags/example_external_task_marker_dag.py took 0.076 seconds
[2026-03-11T08:12:12.183+0000] {processor.py:161} INFO - Started process (PID=366) to work on /home/airflow/.local/lib/python3.12/site-packages/airflow/example_dags/example_external_task_marker_dag.py
[2026-03-11T08:12:12.185+0000] {processor.py:830} INFO - Processing file /home/airflow/.local/lib/python3.12/site-packages/airflow/example_dags/example_external_task_marker_dag.py for tasks to queue
[2026-03-11T08:12:12.189+0000] {logging_mixin.py:188} INFO - [2026-03-11T08:12:12.188+0000] {dagbag.py:545} INFO - Filling up the DagBag from /home/airflow/.local/lib/python3.12/site-packages/airflow/example_dags/example_external_task_marker_dag.py
[2026-03-11T08:12:12.205+0000] {processor.py:840} INFO - DAG(s) 'example_external_task_marker_child', 'example_external_task_marker_parent' retrieved from /home/airflow/.local/lib/python3.12/site-packages/airflow/example_dags/example_external_task_marker_dag.py
[2026-03-11T08:12:12.243+0000] {logging_mixin.py:188} INFO - [2026-03-11T08:12:12.243+0000] {dag.py:3096} INFO - Sync 2 DAGs
[2026-03-11T08:12:12.267+0000] {logging_mixin.py:188} INFO - [2026-03-11T08:12:12.266+0000] {dag.py:3954} INFO - Setting next_dagrun for example_external_task_marker_child to None, run_after=None
[2026-03-11T08:12:12.274+0000] {logging_mixin.py:188} INFO - [2026-03-11T08:12:12.274+0000] {dag.py:3954} INFO - Setting next_dagrun for example_external_task_marker_parent to None, run_after=None
[2026-03-11T08:12:12.304+0000] {processor.py:183} INFO - Processing /home/airflow/.local/lib/python3.12/site-packages/airflow/example_dags/example_external_task_marker_dag.py took 0.132 seconds
[2026-03-11T08:12:42.397+0000] {processor.py:161} INFO - Started process (PID=418) to work on /home/airflow/.local/lib/python3.12/site-packages/airflow/example_dags/example_external_task_marker_dag.py
[2026-03-11T08:12:42.398+0000] {processor.py:830} INFO - Processing file /home/airflow/.local/lib/python3.12/site-packages/airflow/example_dags/example_external_task_marker_dag.py for tasks to queue
[2026-03-11T08:12:42.401+0000] {logging_mixin.py:188} INFO - [2026-03-11T08:12:42.400+0000] {dagbag.py:545} INFO - Filling up the DagBag from /home/airflow/.local/lib/python3.12/site-packages/airflow/example_dags/example_external_task_marker_dag.py
[2026-03-11T08:12:42.409+0000] {processor.py:840} INFO - DAG(s) 'example_external_task_marker_parent', 'example_external_task_marker_child' retrieved from /home/airflow/.local/lib/python3.12/site-packages/airflow/example_dags/example_external_task_marker_dag.py
[2026-03-11T08:12:42.441+0000] {logging_mixin.py:188} INFO - [2026-03-11T08:12:42.441+0000] {dag.py:3096} INFO - Sync 2 DAGs
[2026-03-11T08:12:42.454+0000] {logging_mixin.py:188} INFO - [2026-03-11T08:12:42.454+0000] {dag.py:3954} INFO - Setting next_dagrun for example_external_task_marker_child to None, run_after=None
[2026-03-11T08:12:42.458+0000] {logging_mixin.py:188} INFO - [2026-03-11T08:12:42.458+0000] {dag.py:3954} INFO - Setting next_dagrun for example_external_task_marker_parent to None, run_after=None
[2026-03-11T08:12:42.479+0000] {processor.py:183} INFO - Processing /home/airflow/.local/lib/python3.12/site-packages/airflow/example_dags/example_external_task_marker_dag.py took 0.091 seconds
[2026-03-11T08:13:12.775+0000] {processor.py:161} INFO - Started process (PID=476) to work on /home/airflow/.local/lib/python3.12/site-packages/airflow/example_dags/example_external_task_marker_dag.py
[2026-03-11T08:13:12.776+0000] {processor.py:830} INFO - Processing file /home/airflow/.local/lib/python3.12/site-packages/airflow/example_dags/example_external_task_marker_dag.py for tasks to queue
[2026-03-11T08:13:12.779+0000] {logging_mixin.py:188} INFO - [2026-03-11T08:13:12.779+0000] {dagbag.py:545} INFO - Filling up the DagBag from /home/airflow/.local/lib/python3.12/site-packages/airflow/example_dags/example_external_task_marker_dag.py
[2026-03-11T08:13:12.787+0000] {processor.py:840} INFO - DAG(s) 'example_external_task_marker_child', 'example_external_task_marker_parent' retrieved from /home/airflow/.local/lib/python3.12/site-packages/airflow/example_dags/example_external_task_marker_dag.py
[2026-03-11T08:13:12.818+0000] {logging_mixin.py:188} INFO - [2026-03-11T08:13:12.817+0000] {dag.py:3096} INFO - Sync 2 DAGs
[2026-03-11T08:13:12.833+0000] {logging_mixin.py:188} INFO - [2026-03-11T08:13:12.833+0000] {dag.py:3954} INFO - Setting next_dagrun for example_external_task_marker_child to None, run_after=None
[2026-03-11T08:13:12.839+0000] {logging_mixin.py:188} INFO - [2026-03-11T08:13:12.839+0000] {dag.py:3954} INFO - Setting next_dagrun for example_external_task_marker_parent to None, run_after=None
[2026-03-11T08:13:12.865+0000] {processor.py:183} INFO - Processing /home/airflow/.local/lib/python3.12/site-packages/airflow/example_dags/example_external_task_marker_dag.py took 0.098 seconds
[2026-03-11T08:13:43.764+0000] {processor.py:161} INFO - Started process (PID=534) to work on /home/airflow/.local/lib/python3.12/site-packages/airflow/example_dags/example_external_task_marker_dag.py
[2026-03-11T08:13:43.769+0000] {processor.py:830} INFO - Processing file /home/airflow/.local/lib/python3.12/site-packages/airflow/example_dags/example_external_task_marker_dag.py for tasks to queue
[2026-03-11T08:13:43.772+0000] {logging_mixin.py:188} INFO - [2026-03-11T08:13:43.771+0000] {dagbag.py:545} INFO - Filling up the DagBag from /home/airflow/.local/lib/python3.12/site-packages/airflow/example_dags/example_external_task_marker_dag.py
[2026-03-11T08:13:43.785+0000] {processor.py:840} INFO - DAG(s) 'example_external_task_marker_child', 'example_external_task_marker_parent' retrieved from /home/airflow/.local/lib/python3.12/site-packages/airflow/example_dags/example_external_task_marker_dag.py
[2026-03-11T08:13:43.832+0000] {logging_mixin.py:188} INFO - [2026-03-11T08:13:43.831+0000] {dag.py:3096} INFO - Sync 2 DAGs
[2026-03-11T08:13:43.859+0000] {logging_mixin.py:188} INFO - [2026-03-11T08:13:43.859+0000] {dag.py:3954} INFO - Setting next_dagrun for example_external_task_marker_child to None, run_after=None
[2026-03-11T08:13:43.864+0000] {logging_mixin.py:188} INFO - [2026-03-11T08:13:43.864+0000] {dag.py:3954} INFO - Setting next_dagrun for example_external_task_marker_parent to None, run_after=None
[2026-03-11T08:13:43.906+0000] {processor.py:183} INFO - Processing /home/airflow/.local/lib/python3.12/site-packages/airflow/example_dags/example_external_task_marker_dag.py took 0.151 seconds
[2026-03-11T08:14:14.280+0000] {processor.py:161} INFO - Started process (PID=592) to work on /home/airflow/.local/lib/python3.12/site-packages/airflow/example_dags/example_external_task_marker_dag.py
[2026-03-11T08:14:14.281+0000] {processor.py:830} INFO - Processing file /home/airflow/.local/lib/python3.12/site-packages/airflow/example_dags/example_external_task_marker_dag.py for tasks to queue
[2026-03-11T08:14:14.283+0000] {logging_mixin.py:188} INFO - [2026-03-11T08:14:14.283+0000] {dagbag.py:545} INFO - Filling up the DagBag from /home/airflow/.local/lib/python3.12/site-packages/airflow/example_dags/example_external_task_marker_dag.py
[2026-03-11T08:14:14.292+0000] {processor.py:840} INFO - DAG(s) 'example_external_task_marker_parent', 'example_external_task_marker_child' retrieved from /home/airflow/.local/lib/python3.12/site-packages/airflow/example_dags/example_external_task_marker_dag.py
[2026-03-11T08:14:14.323+0000] {logging_mixin.py:188} INFO - [2026-03-11T08:14:14.323+0000] {dag.py:3096} INFO - Sync 2 DAGs
[2026-03-11T08:14:14.339+0000] {logging_mixin.py:188} INFO - [2026-03-11T08:14:14.339+0000] {dag.py:3954} INFO - Setting next_dagrun for example_external_task_marker_child to None, run_after=None
[2026-03-11T08:14:14.344+0000] {logging_mixin.py:188} INFO - [2026-03-11T08:14:14.343+0000] {dag.py:3954} INFO - Setting next_dagrun for example_external_task_marker_parent to None, run_after=None
[2026-03-11T08:14:14.369+0000] {processor.py:183} INFO - Processing /home/airflow/.local/lib/python3.12/site-packages/airflow/example_dags/example_external_task_marker_dag.py took 0.097 seconds
[2026-03-11T08:14:45.059+0000] {processor.py:161} INFO - Started process (PID=649) to work on /home/airflow/.local/lib/python3.12/site-packages/airflow/example_dags/example_external_task_marker_dag.py
[2026-03-11T08:14:45.064+0000] {processor.py:830} INFO - Processing file /home/airflow/.local/lib/python3.12/site-packages/airflow/example_dags/example_external_task_marker_dag.py for tasks to queue
[2026-03-11T08:14:45.085+0000] {logging_mixin.py:188} INFO - [2026-03-11T08:14:45.084+0000] {dagbag.py:545} INFO - Filling up the DagBag from /home/airflow/.local/lib/python3.12/site-packages/airflow/example_dags/example_external_task_marker_dag.py
[2026-03-11T08:14:45.097+0000] {processor.py:840} INFO - DAG(s) 'example_external_task_marker_child', 'example_external_task_marker_parent' retrieved from /home/airflow/.local/lib/python3.12/site-packages/airflow/example_dags/example_external_task_marker_dag.py
[2026-03-11T08:14:45.168+0000] {logging_mixin.py:188} INFO - [2026-03-11T08:14:45.167+0000] {dag.py:3096} INFO - Sync 2 DAGs
[2026-03-11T08:14:45.196+0000] {logging_mixin.py:188} INFO - [2026-03-11T08:14:45.195+0000] {dag.py:3954} INFO - Setting next_dagrun for example_external_task_marker_child to None, run_after=None
[2026-03-11T08:14:45.213+0000] {logging_mixin.py:188} INFO - [2026-03-11T08:14:45.213+0000] {dag.py:3954} INFO - Setting next_dagrun for example_external_task_marker_parent to None, run_after=None
[2026-03-11T08:14:45.265+0000] {processor.py:183} INFO - Processing /home/airflow/.local/lib/python3.12/site-packages/airflow/example_dags/example_external_task_marker_dag.py took 0.230 seconds
